#
# There is insufficient memory for the Java Runtime Environment to continue.
# Native memory allocation (malloc) failed to allocate 262160 bytes for Chunk::new
# Possible reasons:
#   The system is out of physical RAM or swap space
#   The process is running with CompressedOops enabled, and the Java Heap may be blocking the growth of the native heap
# Possible solutions:
#   Reduce memory load on the system
#   Increase physical memory or swap space
#   Check if swap backing store is full
#   Decrease Java heap size (-Xmx/-Xms)
#   Decrease number of Java threads
#   Decrease Java thread stack sizes (-Xss)
#   Set larger code cache with -XX:ReservedCodeCacheSize=
#   JVM is running with Unscaled Compressed Oops mode in which the Java heap is
#     placed in the first 4GB address space. The Java Heap base address is the
#     maximum limit for the native heap growth. Please use -XX:HeapBaseMinAddress
#     to set the Java Heap base and to place the Java Heap above 4GB virtual address.
# This output file may be truncated or incomplete.
#
#  Out of Memory Error (allocation.cpp:389), pid=3288, tid=0x0000000000000b88
#
# JRE version: OpenJDK Runtime Environment (8.0_242-b01) (build 1.8.0_242-release-1644-b01)
# Java VM: OpenJDK 64-Bit Server VM (25.242-b01 mixed mode windows-amd64 compressed oops)
# Failed to write core dump. Minidumps are not enabled by default on client versions of Windows
#

---------------  T H R E A D  ---------------

Current thread (0x000000001716b800):  JavaThread "C2 CompilerThread1" daemon [_thread_in_native, id=2952, stack(0x00000000188e0000,0x00000000189e0000)]

Stack: [0x00000000188e0000,0x00000000189e0000]
[error occurred during error reporting (printing stack bounds), id 0xc0000005]

Native frames: (J=compiled Java code, j=interpreted, Vv=VM code, C=native code)


Current CompileTask:
C2:  15460 4653       4       com.sun.beans.TypeResolver::resolve (37 bytes)


---------------  P R O C E S S  ---------------

Java Threads: ( => current thread )
  0x00000000196aa800 JavaThread "pool-1-thread-1" [_thread_blocked, id=12212, stack(0x0000000029070000,0x0000000029170000)]
  0x00000000196a6000 JavaThread "Cache worker for Build Output Cleanup Cache (C:\Users\TechLine\AndroidStudioProjects\BloggerApp\.gradle\buildOutputCleanup)" [_thread_blocked, id=4516, stack(0x0000000028d70000,0x0000000028e70000)]
  0x00000000196a5000 JavaThread "jar transforms Thread 92" [_thread_blocked, id=10380, stack(0x0000000028a70000,0x0000000028b70000)]
  0x00000000196a8000 JavaThread "jar transforms Thread 91" [_thread_blocked, id=1072, stack(0x0000000028970000,0x0000000028a70000)]
  0x00000000196a4800 JavaThread "jar transforms Thread 90" [_thread_blocked, id=648, stack(0x0000000028870000,0x0000000028970000)]
  0x00000000196a3800 JavaThread "jar transforms Thread 89" [_thread_blocked, id=11912, stack(0x0000000028770000,0x0000000028870000)]
  0x000000001969c000 JavaThread "jar transforms Thread 88" [_thread_blocked, id=9620, stack(0x0000000028670000,0x0000000028770000)]
  0x00000000196a0800 JavaThread "jar transforms Thread 87" [_thread_blocked, id=12040, stack(0x0000000028570000,0x0000000028670000)]
  0x000000001969d800 JavaThread "jar transforms Thread 86" [_thread_blocked, id=8072, stack(0x0000000028470000,0x0000000028570000)]
  0x000000001969d000 JavaThread "jar transforms Thread 85" [_thread_blocked, id=12812, stack(0x0000000028370000,0x0000000028470000)]
  0x00000000196a0000 JavaThread "jar transforms Thread 84" [_thread_blocked, id=7780, stack(0x0000000028270000,0x0000000028370000)]
  0x000000001969e800 JavaThread "jar transforms Thread 83" [_thread_blocked, id=7684, stack(0x0000000028170000,0x0000000028270000)]
  0x000000001969f000 JavaThread "jar transforms Thread 82" [_thread_blocked, id=6948, stack(0x0000000028070000,0x0000000028170000)]
  0x00000000196a3000 JavaThread "jar transforms Thread 81" [_thread_blocked, id=11332, stack(0x0000000027f70000,0x0000000028070000)]
  0x000000001969b800 JavaThread "jar transforms Thread 80" [_thread_blocked, id=7912, stack(0x0000000027e70000,0x0000000027f70000)]
  0x00000000196a1800 JavaThread "jar transforms Thread 79" [_thread_blocked, id=2628, stack(0x0000000027d70000,0x0000000027e70000)]
  0x00000000196a2000 JavaThread "jar transforms Thread 78" [_thread_blocked, id=4276, stack(0x0000000027c70000,0x0000000027d70000)]
  0x000000001b587800 JavaThread "jar transforms Thread 77" [_thread_blocked, id=13152, stack(0x0000000027b70000,0x0000000027c70000)]
  0x000000001b584800 JavaThread "jar transforms Thread 76" [_thread_blocked, id=7084, stack(0x0000000027a70000,0x0000000027b70000)]
  0x000000001b588800 JavaThread "jar transforms Thread 75" [_thread_blocked, id=10440, stack(0x0000000027970000,0x0000000027a70000)]
  0x000000001b582800 JavaThread "jar transforms Thread 74" [_thread_blocked, id=3352, stack(0x0000000027870000,0x0000000027970000)]
  0x000000001b587000 JavaThread "jar transforms Thread 73" [_thread_blocked, id=11064, stack(0x0000000027770000,0x0000000027870000)]
  0x000000001b585800 JavaThread "jar transforms Thread 72" [_thread_blocked, id=3480, stack(0x0000000027670000,0x0000000027770000)]
  0x000000001b583000 JavaThread "jar transforms Thread 71" [_thread_blocked, id=5644, stack(0x0000000027570000,0x0000000027670000)]
  0x000000001b584000 JavaThread "jar transforms Thread 70" [_thread_blocked, id=3936, stack(0x0000000027470000,0x0000000027570000)]
  0x000000001b589000 JavaThread "jar transforms Thread 69" [_thread_blocked, id=4348, stack(0x0000000027370000,0x0000000027470000)]
  0x000000001b586000 JavaThread "jar transforms Thread 68" [_thread_blocked, id=1136, stack(0x0000000027270000,0x0000000027370000)]
  0x000000001b57b000 JavaThread "jar transforms Thread 67" [_thread_blocked, id=3268, stack(0x0000000027170000,0x0000000027270000)]
  0x000000001b57f800 JavaThread "jar transforms Thread 66" [_thread_blocked, id=7828, stack(0x0000000027070000,0x0000000027170000)]
  0x000000001b581800 JavaThread "jar transforms Thread 65" [_thread_blocked, id=3648, stack(0x0000000026f70000,0x0000000027070000)]
  0x000000001b57a000 JavaThread "jar transforms Thread 64" [_thread_blocked, id=7952, stack(0x0000000026e70000,0x0000000026f70000)]
  0x000000001b57d000 JavaThread "jar transforms Thread 63" [_thread_blocked, id=10656, stack(0x0000000026d70000,0x0000000026e70000)]
  0x000000001b57c800 JavaThread "jar transforms Thread 62" [_thread_blocked, id=592, stack(0x0000000026c70000,0x0000000026d70000)]
  0x000000001b57b800 JavaThread "jar transforms Thread 61" [_thread_blocked, id=4536, stack(0x0000000026b70000,0x0000000026c70000)]
  0x000000001b57e800 JavaThread "jar transforms Thread 60" [_thread_blocked, id=10928, stack(0x0000000026a70000,0x0000000026b70000)]
  0x000000001b57e000 JavaThread "jar transforms Thread 59" [_thread_blocked, id=13072, stack(0x0000000026970000,0x0000000026a70000)]
  0x000000001b580000 JavaThread "jar transforms Thread 58" [_thread_blocked, id=12588, stack(0x0000000026870000,0x0000000026970000)]
  0x000000001b581000 JavaThread "jar transforms Thread 57" [_thread_blocked, id=11372, stack(0x0000000026770000,0x0000000026870000)]
  0x0000000020651800 JavaThread "jar transforms Thread 56" [_thread_blocked, id=4860, stack(0x0000000026670000,0x0000000026770000)]
  0x0000000020656800 JavaThread "jar transforms Thread 55" [_thread_blocked, id=1256, stack(0x0000000026570000,0x0000000026670000)]
  0x0000000020656000 JavaThread "jar transforms Thread 54" [_thread_blocked, id=3212, stack(0x0000000026470000,0x0000000026570000)]
  0x0000000020655000 JavaThread "jar transforms Thread 53" [_thread_blocked, id=13068, stack(0x0000000026370000,0x0000000026470000)]
  0x0000000020654800 JavaThread "jar transforms Thread 52" [_thread_blocked, id=12056, stack(0x0000000026270000,0x0000000026370000)]
  0x000000002064d800 JavaThread "jar transforms Thread 51" [_thread_blocked, id=4968, stack(0x0000000026170000,0x0000000026270000)]
  0x0000000020653000 JavaThread "jar transforms Thread 50" [_thread_blocked, id=3812, stack(0x0000000026070000,0x0000000026170000)]
  0x0000000020650800 JavaThread "jar transforms Thread 49" [_thread_blocked, id=8236, stack(0x0000000025f70000,0x0000000026070000)]
  0x000000002064d000 JavaThread "jar transforms Thread 48" [_thread_blocked, id=256, stack(0x0000000025e70000,0x0000000025f70000)]
  0x0000000020652000 JavaThread "jar transforms Thread 47" [_thread_blocked, id=2172, stack(0x0000000025d70000,0x0000000025e70000)]
  0x0000000020653800 JavaThread "jar transforms Thread 46" [_thread_blocked, id=2052, stack(0x0000000025c70000,0x0000000025d70000)]
  0x000000002064c000 JavaThread "jar transforms Thread 45" [_thread_blocked, id=6812, stack(0x0000000025b70000,0x0000000025c70000)]
  0x000000002064b800 JavaThread "jar transforms Thread 44" [_thread_blocked, id=1640, stack(0x0000000025a70000,0x0000000025b70000)]
  0x0000000020650000 JavaThread "jar transforms Thread 43" [_thread_blocked, id=11608, stack(0x0000000025970000,0x0000000025a70000)]
  0x0000000020648800 JavaThread "jar transforms Thread 42" [_thread_blocked, id=9864, stack(0x0000000025870000,0x0000000025970000)]
  0x000000002064f000 JavaThread "jar transforms Thread 41" [_thread_blocked, id=10560, stack(0x0000000025770000,0x0000000025870000)]
  0x0000000020647800 JavaThread "jar transforms Thread 40" [_thread_blocked, id=3604, stack(0x0000000025670000,0x0000000025770000)]
  0x000000002064e800 JavaThread "jar transforms Thread 39" [_thread_blocked, id=10648, stack(0x0000000025570000,0x0000000025670000)]
  0x000000002064a800 JavaThread "jar transforms Thread 38" [_thread_blocked, id=3708, stack(0x0000000025470000,0x0000000025570000)]
  0x000000002064a000 JavaThread "jar transforms Thread 37" [_thread_blocked, id=10556, stack(0x0000000025370000,0x0000000025470000)]
  0x0000000020649000 JavaThread "jar transforms Thread 36" [_thread_blocked, id=8880, stack(0x0000000025270000,0x0000000025370000)]
  0x000000001d991800 JavaThread "jar transforms Thread 35" [_thread_blocked, id=5784, stack(0x0000000025170000,0x0000000025270000)]
  0x000000001d998000 JavaThread "jar transforms Thread 34" [_thread_blocked, id=9984, stack(0x0000000025070000,0x0000000025170000)]
  0x000000001d997800 JavaThread "jar transforms Thread 33" [_thread_blocked, id=6980, stack(0x0000000024f70000,0x0000000025070000)]
  0x000000001d990000 JavaThread "jar transforms Thread 32" [_thread_blocked, id=1644, stack(0x0000000024e70000,0x0000000024f70000)]
  0x000000001d996800 JavaThread "jar transforms Thread 31" [_thread_blocked, id=12308, stack(0x0000000024d70000,0x0000000024e70000)]
  0x000000001d996000 JavaThread "jar transforms Thread 30" [_thread_blocked, id=11572, stack(0x0000000024c70000,0x0000000024d70000)]
  0x000000001d995000 JavaThread "jar transforms Thread 29" [_thread_blocked, id=12920, stack(0x0000000024b70000,0x0000000024c70000)]
  0x000000001d994800 JavaThread "jar transforms Thread 28" [_thread_blocked, id=5516, stack(0x0000000024a70000,0x0000000024b70000)]
  0x000000001d993800 JavaThread "jar transforms Thread 27" [_thread_blocked, id=6008, stack(0x0000000024970000,0x0000000024a70000)]
  0x000000001d992000 JavaThread "jar transforms Thread 26" [_thread_blocked, id=6348, stack(0x0000000024870000,0x0000000024970000)]
  0x000000001d993000 JavaThread "jar transforms Thread 25" [_thread_blocked, id=8208, stack(0x0000000024770000,0x0000000024870000)]
  0x000000001d989800 JavaThread "jar transforms Thread 24" [_thread_blocked, id=12476, stack(0x0000000024670000,0x0000000024770000)]
  0x000000001d98d800 JavaThread "jar transforms Thread 23" [_thread_blocked, id=12200, stack(0x0000000024570000,0x0000000024670000)]
  0x000000001d98d000 JavaThread "jar transforms Thread 22" [_thread_blocked, id=11252, stack(0x0000000024370000,0x0000000024470000)]
  0x000000001d990800 JavaThread "jar transforms Thread 21" [_thread_blocked, id=4192, stack(0x0000000024270000,0x0000000024370000)]
  0x000000001d98f000 JavaThread "jar transforms Thread 20" [_thread_blocked, id=2548, stack(0x0000000024170000,0x0000000024270000)]
  0x000000001d98c000 JavaThread "jar transforms Thread 19" [_thread_blocked, id=11140, stack(0x0000000024070000,0x0000000024170000)]
  0x000000001d98a800 JavaThread "jar transforms Thread 18" [_thread_blocked, id=3668, stack(0x0000000023f70000,0x0000000024070000)]
  0x000000001d98e800 JavaThread "jar transforms Thread 17" [_thread_blocked, id=6088, stack(0x0000000023e70000,0x0000000023f70000)]
  0x000000001d989000 JavaThread "jar transforms Thread 16" [_thread_blocked, id=9580, stack(0x0000000023d70000,0x0000000023e70000)]
  0x000000001d98b000 JavaThread "jar transforms Thread 15" [_thread_blocked, id=8592, stack(0x0000000023c70000,0x0000000023d70000)]
  0x000000001b36f000 JavaThread "jar transforms Thread 14" [_thread_blocked, id=7948, stack(0x0000000023b70000,0x0000000023c70000)]
  0x000000001b36b000 JavaThread "jar transforms Thread 13" [_thread_blocked, id=3100, stack(0x0000000023a70000,0x0000000023b70000)]
  0x000000001b36c000 JavaThread "jar transforms Thread 12" [_thread_blocked, id=9772, stack(0x0000000023970000,0x0000000023a70000)]
  0x000000001b36d800 JavaThread "jar transforms Thread 11" [_thread_blocked, id=9136, stack(0x0000000023870000,0x0000000023970000)]
  0x000000001b372000 JavaThread "jar transforms Thread 10" [_thread_blocked, id=13276, stack(0x0000000023770000,0x0000000023870000)]
  0x000000001b36a800 JavaThread "jar transforms Thread 9" [_thread_blocked, id=4868, stack(0x0000000023670000,0x0000000023770000)]
  0x000000001b371000 JavaThread "jar transforms Thread 8" [_thread_blocked, id=7140, stack(0x0000000023570000,0x0000000023670000)]
  0x000000001b36f800 JavaThread "jar transforms Thread 7" [_thread_blocked, id=13016, stack(0x0000000023470000,0x0000000023570000)]
  0x000000001b36e000 JavaThread "jar transforms Thread 6" [_thread_blocked, id=12300, stack(0x0000000023370000,0x0000000023470000)]
  0x000000001b370800 JavaThread "jar transforms Thread 5" [_thread_blocked, id=8664, stack(0x0000000023270000,0x0000000023370000)]
  0x000000001b36c800 JavaThread "jar transforms Thread 4" [_thread_blocked, id=12900, stack(0x0000000023170000,0x0000000023270000)]
  0x000000001b365000 JavaThread "jar transforms Thread 3" [_thread_blocked, id=5184, stack(0x0000000023070000,0x0000000023170000)]
  0x000000001b363000 JavaThread "jar transforms Thread 2" [_thread_blocked, id=6944, stack(0x0000000022f70000,0x0000000023070000)]
  0x000000001b368000 JavaThread "Build operations Thread 4" [_thread_blocked, id=2920, stack(0x0000000022e70000,0x0000000022f70000)]
  0x000000001b366000 JavaThread "Build operations Thread 3" [_thread_blocked, id=4444, stack(0x0000000022d70000,0x0000000022e70000)]
  0x000000001b369000 JavaThread "Build operations Thread 2" [_thread_blocked, id=6976, stack(0x0000000022c70000,0x0000000022d70000)]
  0x000000001b363800 JavaThread "Build operations" [_thread_blocked, id=10508, stack(0x0000000022b70000,0x0000000022c70000)]
  0x000000001ac14000 JavaThread "Cache worker for file content cache (C:\Users\TechLine\.gradle\caches\6.5\fileContent)" [_thread_blocked, id=12024, stack(0x00000000214a0000,0x00000000215a0000)]
  0x000000001ac12800 JavaThread "jar transforms" [_thread_blocked, id=10808, stack(0x00000000213a0000,0x00000000214a0000)]
  0x000000001ac10800 JavaThread "Cache worker for execution history cache (C:\Users\TechLine\.gradle\caches\6.5\executionHistory)" [_thread_blocked, id=2304, stack(0x0000000020ca0000,0x0000000020da0000)]
  0x000000001ac16800 JavaThread "Cache worker for cache directory md-rule (C:\Users\TechLine\.gradle\caches\6.5\md-rule)" [_thread_blocked, id=11444, stack(0x000000001faf0000,0x000000001fbf0000)]
  0x000000001ac13800 JavaThread "Cache worker for cache directory md-supplier (C:\Users\TechLine\.gradle\caches\6.5\md-supplier)" [_thread_blocked, id=13044, stack(0x000000001f7b0000,0x000000001f8b0000)]
  0x000000001ac0f800 JavaThread "Cache worker for checksums cache (C:\Users\TechLine\AndroidStudioProjects\BloggerApp\.gradle\checksums)" [_thread_blocked, id=9932, stack(0x000000001f6b0000,0x000000001f7b0000)]
  0x000000001ac12000 JavaThread "Cache worker for file hash cache (C:\Users\TechLine\AndroidStudioProjects\BloggerApp\.gradle\6.5\fileHashes)" [_thread_blocked, id=4152, stack(0x000000001f3b0000,0x000000001f4b0000)]
  0x000000001ac15000 JavaThread "Cache worker for file hash cache (C:\Users\TechLine\.gradle\caches\6.5\fileHashes)" [_thread_blocked, id=10148, stack(0x000000001e0e0000,0x000000001e1e0000)]
  0x000000001ac15800 JavaThread "File lock request listener" [_thread_in_native, id=12052, stack(0x000000001d010000,0x000000001d110000)]
  0x000000001ace5800 JavaThread "Cache worker for journal cache (C:\Users\TechLine\.gradle\caches\journal-1)" [_thread_blocked, id=12904, stack(0x000000001cf10000,0x000000001d010000)]
  0x000000001ac89000 JavaThread "Thread-9" [_thread_blocked, id=7504, stack(0x000000001cc10000,0x000000001cd10000)]
  0x000000001ac83800 JavaThread "Stdin handler" [_thread_blocked, id=12708, stack(0x000000001cb10000,0x000000001cc10000)]
  0x000000001ac81800 JavaThread "Asynchronous log dispatcher for DefaultDaemonConnection: socket connection from /127.0.0.1:65115 to /127.0.0.1:65116" [_thread_blocked, id=3956, stack(0x000000001ca10000,0x000000001cb10000)]
  0x000000001ac74800 JavaThread "Daemon worker" [_thread_in_native, id=7704, stack(0x000000001c910000,0x000000001ca10000)]
  0x000000001ac72800 JavaThread "Cancel handler" [_thread_blocked, id=10200, stack(0x000000001c810000,0x000000001c910000)]
  0x000000001ac63000 JavaThread "Handler for socket connection from /127.0.0.1:65115 to /127.0.0.1:65116" [_thread_in_native, id=2992, stack(0x000000001c710000,0x000000001c810000)]
  0x000000001ac5b000 JavaThread "Daemon" [_thread_blocked, id=8352, stack(0x000000001c410000,0x000000001c510000)]
  0x000000001ac5a000 JavaThread "Daemon periodic checks" [_thread_blocked, id=8356, stack(0x000000001c310000,0x000000001c410000)]
  0x000000001ac44000 JavaThread "Incoming local TCP Connector on port 65115" [_thread_in_native, id=9380, stack(0x000000001c0c0000,0x000000001c1c0000)]
  0x000000001ab55800 JavaThread "Daemon health stats" [_thread_blocked, id=3476, stack(0x000000001ba80000,0x000000001bb80000)]
  0x0000000018b08800 JavaThread "Service Thread" daemon [_thread_blocked, id=4224, stack(0x0000000018ee0000,0x0000000018fe0000)]
  0x0000000017174000 JavaThread "C1 CompilerThread2" daemon [_thread_in_vm, id=8864, stack(0x00000000189e0000,0x0000000018ae0000)]
=>0x000000001716b800 JavaThread "C2 CompilerThread1" daemon [_thread_in_native, id=2952, stack(0x00000000188e0000,0x00000000189e0000)]
  0x0000000017166800 JavaThread "C2 CompilerThread0" daemon [_thread_in_native, id=1116, stack(0x00000000187e0000,0x00000000188e0000)]
  0x0000000017164800 JavaThread "Attach Listener" daemon [_thread_blocked, id=1780, stack(0x00000000186e0000,0x00000000187e0000)]
  0x0000000017163000 JavaThread "Signal Dispatcher" daemon [_thread_blocked, id=12548, stack(0x00000000185e0000,0x00000000186e0000)]
  0x000000000253a800 JavaThread "Finalizer" daemon [_thread_blocked, id=13248, stack(0x00000000183d0000,0x00000000184d0000)]
  0x0000000017149000 JavaThread "Reference Handler" daemon [_thread_blocked, id=10432, stack(0x00000000182d0000,0x00000000183d0000)]
  0x000000000064e000 JavaThread "main" [_thread_blocked, id=9860, stack(0x0000000002340000,0x0000000002440000)]

Other Threads:
  0x0000000017126000 VMThread [stack: 0x00000000181d0000,0x00000000182d0000] [id=6844]
  0x00000000171bc000 WatcherThread [stack: 0x0000000018fe0000,0x00000000190e0000] [id=10880]

VM state:not at safepoint (normal execution)

VM Mutex/Monitor currently owned by a thread: None

heap address: 0x0000000080000000, size: 2048 MB, Compressed Oops mode: 32-bit
Narrow klass base: 0x0000000000000000, Narrow klass shift: 3
Compressed class space size: 1073741824 Address: 0x0000000100000000

Heap:
 PSYoungGen      total 138240K, used 131005K [0x00000000d5580000, 0x00000000de180000, 0x0000000100000000)
  eden space 133120K, 94% used [0x00000000d5580000,0x00000000dd06fb48,0x00000000dd780000)
  from space 5120K, 99% used [0x00000000ddc80000,0x00000000de17fcb0,0x00000000de180000)
  to   space 5120K, 0% used [0x00000000dd780000,0x00000000dd780000,0x00000000ddc80000)
 ParOldGen       total 57344K, used 19260K [0x0000000080000000, 0x0000000083800000, 0x00000000d5580000)
  object space 57344K, 33% used [0x0000000080000000,0x00000000812cf3b0,0x0000000083800000)
 Metaspace       used 51485K, capacity 53512K, committed 53672K, reserved 1095680K
  class space    used 6884K, capacity 7314K, committed 7344K, reserved 1048576K

Card table byte_map: [0x0000000011900000,0x0000000011d10000] byte_map_base: 0x0000000011500000

Marking Bits: (ParMarkBitMap*) 0x0000000053f3f030
 Begin Bits: [0x00000000123c0000, 0x00000000143c0000)
 End Bits:   [0x00000000143c0000, 0x00000000163c0000)

Polling page: 0x00000000001d0000

CodeCache: size=245760Kb used=14577Kb max_used=14577Kb free=231182Kb
 bounds [0x0000000002540000, 0x0000000003390000, 0x0000000011540000]
 total_blobs=5077 nmethods=4314 adapters=674
 compilation: enabled

Compilation events (10 events):
Event: 15.320 Thread 0x0000000017174000 4695       3       org.apache.commons.lang.StringUtils::containsAny (128 bytes)
Event: 15.322 Thread 0x0000000017174000 nmethod 4695 0x0000000003382190 code [0x00000000033823a0, 0x0000000003383168]
Event: 15.323 Thread 0x0000000017174000 4696       3       com.google.common.collect.RegularImmutableMap::create (69 bytes)
Event: 15.324 Thread 0x0000000017174000 nmethod 4696 0x0000000003383950 code [0x0000000003383b60, 0x00000000033843a8]
Event: 15.325 Thread 0x0000000017174000 4697       3       com.google.common.collect.ImmutableMap$Builder::<init> (25 bytes)
Event: 15.325 Thread 0x0000000017174000 nmethod 4697 0x00000000033848d0 code [0x0000000003384a40, 0x0000000003384cb0]
Event: 15.337 Thread 0x0000000017174000 4698       3       com.google.common.collect.ImmutableMap$Builder::build (21 bytes)
Event: 15.338 Thread 0x0000000017174000 nmethod 4698 0x0000000003384d90 code [0x0000000003384f00, 0x0000000003385158]
Event: 15.339 Thread 0x0000000017174000 4699       3       org.gradle.internal.operations.DefaultBuildOperationExecutor::maybeStartUnmanagedThreadOperation (54 bytes)
Event: 15.340 Thread 0x0000000017174000 nmethod 4699 0x0000000003385210 code [0x0000000003385460, 0x0000000003386248]

GC Heap History (10 events):
Event: 6.158 GC heap before
{Heap before GC invocations=6 (full 1):
 PSYoungGen      total 138240K, used 5088K [0x00000000d5580000, 0x00000000de180000, 0x0000000100000000)
  eden space 133120K, 0% used [0x00000000d5580000,0x00000000d5580000,0x00000000dd780000)
  from space 5120K, 99% used [0x00000000dd780000,0x00000000ddc78020,0x00000000ddc80000)
  to   space 5120K, 0% used [0x00000000ddc80000,0x00000000ddc80000,0x00000000de180000)
 ParOldGen       total 87552K, used 11113K [0x0000000080000000, 0x0000000085580000, 0x00000000d5580000)
  object space 87552K, 12% used [0x0000000080000000,0x0000000080ada570,0x0000000085580000)
 Metaspace       used 20579K, capacity 21236K, committed 21296K, reserved 1067008K
  class space    used 2871K, capacity 3080K, committed 3120K, reserved 1048576K
Event: 6.214 GC heap after
Heap after GC invocations=6 (full 1):
 PSYoungGen      total 138240K, used 0K [0x00000000d5580000, 0x00000000de180000, 0x0000000100000000)
  eden space 133120K, 0% used [0x00000000d5580000,0x00000000d5580000,0x00000000dd780000)
  from space 5120K, 0% used [0x00000000dd780000,0x00000000dd780000,0x00000000ddc80000)
  to   space 5120K, 0% used [0x00000000ddc80000,0x00000000ddc80000,0x00000000de180000)
 ParOldGen       total 57344K, used 11543K [0x0000000080000000, 0x0000000083800000, 0x00000000d5580000)
  object space 57344K, 20% used [0x0000000080000000,0x0000000080b45ea8,0x0000000083800000)
 Metaspace       used 20579K, capacity 21236K, committed 21296K, reserved 1067008K
  class space    used 2871K, capacity 3080K, committed 3120K, reserved 1048576K
}
Event: 9.216 GC heap before
{Heap before GC invocations=7 (full 1):
 PSYoungGen      total 138240K, used 133120K [0x00000000d5580000, 0x00000000de180000, 0x0000000100000000)
  eden space 133120K, 100% used [0x00000000d5580000,0x00000000dd780000,0x00000000dd780000)
  from space 5120K, 0% used [0x00000000dd780000,0x00000000dd780000,0x00000000ddc80000)
  to   space 5120K, 0% used [0x00000000ddc80000,0x00000000ddc80000,0x00000000de180000)
 ParOldGen       total 57344K, used 11543K [0x0000000080000000, 0x0000000083800000, 0x00000000d5580000)
  object space 57344K, 20% used [0x0000000080000000,0x0000000080b45ea8,0x0000000083800000)
 Metaspace       used 32941K, capacity 33998K, committed 34224K, reserved 1079296K
  class space    used 4495K, capacity 4730K, committed 4784K, reserved 1048576K
Event: 9.240 GC heap after
Heap after GC invocations=7 (full 1):
 PSYoungGen      total 138240K, used 5104K [0x00000000d5580000, 0x00000000de180000, 0x0000000100000000)
  eden space 133120K, 0% used [0x00000000d5580000,0x00000000d5580000,0x00000000dd780000)
  from space 5120K, 99% used [0x00000000ddc80000,0x00000000de17c010,0x00000000de180000)
  to   space 5120K, 0% used [0x00000000dd780000,0x00000000dd780000,0x00000000ddc80000)
 ParOldGen       total 57344K, used 20546K [0x0000000080000000, 0x0000000083800000, 0x00000000d5580000)
  object space 57344K, 35% used [0x0000000080000000,0x0000000081410990,0x0000000083800000)
 Metaspace       used 32941K, capacity 33998K, committed 34224K, reserved 1079296K
  class space    used 4495K, capacity 4730K, committed 4784K, reserved 1048576K
}
Event: 9.689 GC heap before
{Heap before GC invocations=8 (full 1):
 PSYoungGen      total 138240K, used 33717K [0x00000000d5580000, 0x00000000de180000, 0x0000000100000000)
  eden space 133120K, 21% used [0x00000000d5580000,0x00000000d7171788,0x00000000dd780000)
  from space 5120K, 99% used [0x00000000ddc80000,0x00000000de17c010,0x00000000de180000)
  to   space 5120K, 0% used [0x00000000dd780000,0x00000000dd780000,0x00000000ddc80000)
 ParOldGen       total 57344K, used 20546K [0x0000000080000000, 0x0000000083800000, 0x00000000d5580000)
  object space 57344K, 35% used [0x0000000080000000,0x0000000081410990,0x0000000083800000)
 Metaspace       used 34292K, capacity 35426K, committed 35496K, reserved 1079296K
  class space    used 4715K, capacity 5006K, committed 5040K, reserved 1048576K
Event: 9.700 GC heap after
Heap after GC invocations=8 (full 1):
 PSYoungGen      total 138240K, used 5104K [0x00000000d5580000, 0x00000000de180000, 0x0000000100000000)
  eden space 133120K, 0% used [0x00000000d5580000,0x00000000d5580000,0x00000000dd780000)
  from space 5120K, 99% used [0x00000000dd780000,0x00000000ddc7c010,0x00000000ddc80000)
  to   space 5120K, 0% used [0x00000000ddc80000,0x00000000ddc80000,0x00000000de180000)
 ParOldGen       total 57344K, used 22262K [0x0000000080000000, 0x0000000083800000, 0x00000000d5580000)
  object space 57344K, 38% used [0x0000000080000000,0x00000000815bda70,0x0000000083800000)
 Metaspace       used 34292K, capacity 35426K, committed 35496K, reserved 1079296K
  class space    used 4715K, capacity 5006K, committed 5040K, reserved 1048576K
}
Event: 9.700 GC heap before
{Heap before GC invocations=9 (full 2):
 PSYoungGen      total 138240K, used 5104K [0x00000000d5580000, 0x00000000de180000, 0x0000000100000000)
  eden space 133120K, 0% used [0x00000000d5580000,0x00000000d5580000,0x00000000dd780000)
  from space 5120K, 99% used [0x00000000dd780000,0x00000000ddc7c010,0x00000000ddc80000)
  to   space 5120K, 0% used [0x00000000ddc80000,0x00000000ddc80000,0x00000000de180000)
 ParOldGen       total 57344K, used 22262K [0x0000000080000000, 0x0000000083800000, 0x00000000d5580000)
  object space 57344K, 38% used [0x0000000080000000,0x00000000815bda70,0x0000000083800000)
 Metaspace       used 34292K, capacity 35426K, committed 35496K, reserved 1079296K
  class space    used 4715K, capacity 5006K, committed 5040K, reserved 1048576K
Event: 9.820 GC heap after
Heap after GC invocations=9 (full 2):
 PSYoungGen      total 138240K, used 0K [0x00000000d5580000, 0x00000000de180000, 0x0000000100000000)
  eden space 133120K, 0% used [0x00000000d5580000,0x00000000d5580000,0x00000000dd780000)
  from space 5120K, 0% used [0x00000000dd780000,0x00000000dd780000,0x00000000ddc80000)
  to   space 5120K, 0% used [0x00000000ddc80000,0x00000000ddc80000,0x00000000de180000)
 ParOldGen       total 57344K, used 14398K [0x0000000080000000, 0x0000000083800000, 0x00000000d5580000)
  object space 57344K, 25% used [0x0000000080000000,0x0000000080e0f838,0x0000000083800000)
 Metaspace       used 34292K, capacity 35426K, committed 35496K, reserved 1079296K
  class space    used 4715K, capacity 5006K, committed 5040K, reserved 1048576K
}
Event: 11.724 GC heap before
{Heap before GC invocations=10 (full 2):
 PSYoungGen      total 138240K, used 133120K [0x00000000d5580000, 0x00000000de180000, 0x0000000100000000)
  eden space 133120K, 100% used [0x00000000d5580000,0x00000000dd780000,0x00000000dd780000)
  from space 5120K, 0% used [0x00000000dd780000,0x00000000dd780000,0x00000000ddc80000)
  to   space 5120K, 0% used [0x00000000ddc80000,0x00000000ddc80000,0x00000000de180000)
 ParOldGen       total 57344K, used 14398K [0x0000000080000000, 0x0000000083800000, 0x00000000d5580000)
  object space 57344K, 25% used [0x0000000080000000,0x0000000080e0f838,0x0000000083800000)
 Metaspace       used 40148K, capacity 41914K, committed 42152K, reserved 1085440K
  class space    used 5541K, capacity 5943K, committed 6064K, reserved 1048576K
Event: 11.735 GC heap after
Heap after GC invocations=10 (full 2):
 PSYoungGen      total 138240K, used 5119K [0x00000000d5580000, 0x00000000de180000, 0x0000000100000000)
  eden space 133120K, 0% used [0x00000000d5580000,0x00000000d5580000,0x00000000dd780000)
  from space 5120K, 99% used [0x00000000ddc80000,0x00000000de17fcb0,0x00000000de180000)
  to   space 5120K, 0% used [0x00000000dd780000,0x00000000dd780000,0x00000000ddc80000)
 ParOldGen       total 57344K, used 19260K [0x0000000080000000, 0x0000000083800000, 0x00000000d5580000)
  object space 57344K, 33% used [0x0000000080000000,0x00000000812cf3b0,0x0000000083800000)
 Metaspace       used 40148K, capacity 41914K, committed 42152K, reserved 1085440K
  class space    used 5541K, capacity 5943K, committed 6064K, reserved 1048576K
}

Deoptimization events (10 events):
Event: 13.554 Thread 0x000000001ac74800 Uncommon trap: reason=unstable_if action=reinterpret pc=0x0000000002fc477c method=java.security.CodeSource.matchCerts(Ljava/security/CodeSource;Z)Z @ 11
Event: 13.894 Thread 0x000000001ac74800 Uncommon trap: reason=bimorphic action=maybe_recompile pc=0x0000000002abaa38 method=java.util.regex.Pattern$CharProperty.match(Ljava/util/regex/Matcher;ILjava/lang/CharSequence;)Z @ 18
Event: 13.895 Thread 0x000000001ac74800 Uncommon trap: reason=bimorphic action=maybe_recompile pc=0x0000000002abaa38 method=java.util.regex.Pattern$CharProperty.match(Ljava/util/regex/Matcher;ILjava/lang/CharSequence;)Z @ 18
Event: 13.895 Thread 0x000000001ac74800 Uncommon trap: reason=bimorphic action=maybe_recompile pc=0x0000000002abaa38 method=java.util.regex.Pattern$CharProperty.match(Ljava/util/regex/Matcher;ILjava/lang/CharSequence;)Z @ 18
Event: 13.974 Thread 0x000000001ac74800 Uncommon trap: reason=bimorphic action=maybe_recompile pc=0x0000000002abaa38 method=java.util.regex.Pattern$CharProperty.match(Ljava/util/regex/Matcher;ILjava/lang/CharSequence;)Z @ 18
Event: 14.229 Thread 0x000000001ac74800 Uncommon trap: reason=unstable_if action=reinterpret pc=0x0000000002fa0970 method=org.gradle.internal.reflect.PropertyAccessorType.of(Ljava/lang/reflect/Method;)Lorg/gradle/internal/reflect/PropertyAccessorType; @ 56
Event: 14.821 Thread 0x000000001ac74800 Uncommon trap: reason=unstable_if action=reinterpret pc=0x00000000032adb34 method=com.sun.org.apache.xerces.internal.impl.XMLEntityScanner.checkBeforeLoad(Lcom/sun/xml/internal/stream/Entity$ScannedEntity;II)I @ 18
Event: 14.943 Thread 0x000000001ac74800 Uncommon trap: reason=unstable_if action=reinterpret pc=0x000000000279bdf0 method=org.gradle.internal.instantiation.generator.AbstractClassGenerator$InjectionAnnotationValidator.validateMethod(Ljava/lang/reflect/Method;Lorg/gradle/internal/reflect/Propert
Event: 14.943 Thread 0x000000001ac74800 Uncommon trap: reason=unstable_if action=reinterpret pc=0x00000000031209fc method=org.gradle.internal.instantiation.generator.AbstractClassGenerator$InjectionAnnotationValidator.validateMethod(Ljava/lang/reflect/Method;Lorg/gradle/internal/reflect/Propert
Event: 15.054 Thread 0x000000001ac74800 Uncommon trap: reason=null_check action=make_not_entrant pc=0x0000000002cfa49c method=java.lang.Class.searchMethods([Ljava/lang/reflect/Method;Ljava/lang/String;[Ljava/lang/Class;)Ljava/lang/reflect/Method; @ 59

Classes redefined (0 events):
No events

Internal exceptions (10 events):
Event: 15.161 Thread 0x000000001ac74800 Exception <a 'java/lang/ClassNotFoundException': build_bpzgzbm7gs6irrnc26k0mza9p$_run_closure1BeanInfo> (0x00000000dc7a6870) thrown at [C:\src\AOSP-openjdk-git\hotspot\src\share\vm\classfile\systemDictionary.cpp, line 210]
Event: 15.161 Thread 0x000000001ac74800 Exception <a 'java/lang/ClassNotFoundException': build_bpzgzbm7gs6irrnc26k0mza9p$_run_closure1Customizer> (0x00000000dc7b75d8) thrown at [C:\src\AOSP-openjdk-git\hotspot\src\share\vm\classfile\systemDictionary.cpp, line 210]
Event: 15.169 Thread 0x000000001ac74800 Exception <a 'java/lang/ClassNotFoundException': org/gradle/api/JavaVersionBeanInfo> (0x00000000dc823070) thrown at [C:\src\AOSP-openjdk-git\hotspot\src\share\vm\classfile\systemDictionary.cpp, line 210]
Event: 15.169 Thread 0x000000001ac74800 Exception <a 'java/lang/ClassNotFoundException': java/lang/EnumBeanInfo> (0x00000000dc82cec0) thrown at [C:\src\AOSP-openjdk-git\hotspot\src\share\vm\classfile\systemDictionary.cpp, line 210]
Event: 15.170 Thread 0x000000001ac74800 Exception <a 'java/lang/ClassNotFoundException': java/lang/EnumCustomizer> (0x00000000dc837168) thrown at [C:\src\AOSP-openjdk-git\hotspot\src\share\vm\classfile\systemDictionary.cpp, line 210]
Event: 15.171 Thread 0x000000001ac74800 Exception <a 'java/lang/ClassNotFoundException': org/gradle/api/JavaVersionCustomizer> (0x00000000dc86c230) thrown at [C:\src\AOSP-openjdk-git\hotspot\src\share\vm\classfile\systemDictionary.cpp, line 210]
Event: 15.174 Thread 0x000000001ac74800 Exception <a 'java/lang/ClassNotFoundException': com/android/build/gradle/internal/CompileOptions_DecoratedBeanInfo> (0x00000000dc8cc3f0) thrown at [C:\src\AOSP-openjdk-git\hotspot\src\share\vm\classfile\systemDictionary.cpp, line 210]
Event: 15.175 Thread 0x000000001ac74800 Exception <a 'java/lang/ClassNotFoundException': com/android/build/gradle/internal/CompileOptionsBeanInfo> (0x00000000dc8e7630) thrown at [C:\src\AOSP-openjdk-git\hotspot\src\share\vm\classfile\systemDictionary.cpp, line 210]
Event: 15.175 Thread 0x000000001ac74800 Exception <a 'java/lang/ClassNotFoundException': com/android/build/gradle/internal/CompileOptionsCustomizer> (0x00000000dc902a68) thrown at [C:\src\AOSP-openjdk-git\hotspot\src\share\vm\classfile\systemDictionary.cpp, line 210]
Event: 15.176 Thread 0x000000001ac74800 Exception <a 'java/lang/ClassNotFoundException': com/android/build/gradle/internal/CompileOptions_DecoratedCustomizer> (0x00000000dc9336b8) thrown at [C:\src\AOSP-openjdk-git\hotspot\src\share\vm\classfile\systemDictionary.cpp, line 210]

Events (10 events):
Event: 15.456 loading class com/android/build/gradle/internal/scope/InternalArtifactType$Category
Event: 15.456 loading class com/android/build/gradle/internal/scope/InternalArtifactType$Category done
Event: 15.456 loading class com/android/build/gradle/internal/publishing/AndroidArtifacts$ArtifactType
Event: 15.456 loading class com/android/build/gradle/internal/publishing/AndroidArtifacts$ArtifactType done
Event: 15.457 loading class com/android/build/gradle/internal/publishing/OutputSpecImpl
Event: 15.457 loading class com/android/build/gradle/internal/publishing/OutputSpecImpl done
Event: 15.458 loading class com/android/build/gradle/internal/publishing/PublishingSpecs$OutputSpec
Event: 15.458 loading class com/android/build/gradle/internal/publishing/PublishingSpecs$OutputSpec done
Event: 15.458 loading class com/android/build/gradle/internal/publishing/PublishingSpecsKt
Event: 15.458 loading class com/android/build/gradle/internal/publishing/PublishingSpecsKt done


Dynamic libraries:
0x00007ff6f3990000 - 0x00007ff6f39c1000 	D:\AndroidStudio\jre\bin\java.exe
0x00007fff88f30000 - 0x00007fff89125000 	C:\WINDOWS\SYSTEM32\ntdll.dll
0x00007fff873a0000 - 0x00007fff8745d000 	C:\WINDOWS\System32\KERNEL32.DLL
0x00007fff86bb0000 - 0x00007fff86e79000 	C:\WINDOWS\System32\KERNELBASE.dll
0x00007fff87090000 - 0x00007fff8713c000 	C:\WINDOWS\System32\ADVAPI32.dll
0x00007fff87300000 - 0x00007fff8739e000 	C:\WINDOWS\System32\msvcrt.dll
0x00007fff884e0000 - 0x00007fff8857c000 	C:\WINDOWS\System32\sechost.dll
0x00007fff88720000 - 0x00007fff8884b000 	C:\WINDOWS\System32\RPCRT4.dll
0x00007fff88d50000 - 0x00007fff88ef0000 	C:\WINDOWS\System32\USER32.dll
0x00007fff869a0000 - 0x00007fff869c2000 	C:\WINDOWS\System32\win32u.dll
0x00007fff880c0000 - 0x00007fff880ea000 	C:\WINDOWS\System32\GDI32.dll
0x00007fff86e80000 - 0x00007fff86f8b000 	C:\WINDOWS\System32\gdi32full.dll
0x00007fff86a80000 - 0x00007fff86b1d000 	C:\WINDOWS\System32\msvcp_win.dll
0x00007fff86670000 - 0x00007fff86770000 	C:\WINDOWS\System32\ucrtbase.dll
0x00007fff6c800000 - 0x00007fff6ca9a000 	C:\WINDOWS\WinSxS\amd64_microsoft.windows.common-controls_6595b64144ccf1df_6.0.19041.844_none_ca00b6081b84eb1d\COMCTL32.dll
0x00007fff88850000 - 0x00007fff88880000 	C:\WINDOWS\System32\IMM32.DLL
0x0000000054420000 - 0x00000000544f2000 	D:\AndroidStudio\jre\jre\bin\msvcr100.dll
0x0000000053770000 - 0x0000000053fbb000 	D:\AndroidStudio\jre\jre\bin\server\jvm.dll
0x00007fff88150000 - 0x00007fff88158000 	C:\WINDOWS\System32\PSAPI.DLL
0x00007fff6caa0000 - 0x00007fff6cac7000 	C:\WINDOWS\SYSTEM32\WINMM.dll
0x00007fff7f1b0000 - 0x00007fff7f1b9000 	C:\WINDOWS\SYSTEM32\WSOCK32.dll
0x00007fff7abb0000 - 0x00007fff7abba000 	C:\WINDOWS\SYSTEM32\VERSION.dll
0x00007fff88390000 - 0x00007fff883fb000 	C:\WINDOWS\System32\WS2_32.dll
0x00007fff7f170000 - 0x00007fff7f17f000 	D:\AndroidStudio\jre\jre\bin\verify.dll
0x00007fff7f140000 - 0x00007fff7f169000 	D:\AndroidStudio\jre\jre\bin\java.dll
0x00007fff7f0b0000 - 0x00007fff7f0c6000 	D:\AndroidStudio\jre\jre\bin\zip.dll
0x00007fff87460000 - 0x00007fff87ba2000 	C:\WINDOWS\System32\SHELL32.dll
0x00007fff847b0000 - 0x00007fff84f40000 	C:\WINDOWS\SYSTEM32\windows.storage.dll
0x00007fff87d60000 - 0x00007fff880b5000 	C:\WINDOWS\System32\combase.dll
0x00007fff860e0000 - 0x00007fff8610c000 	C:\WINDOWS\SYSTEM32\Wldp.dll
0x00007fff882e0000 - 0x00007fff8838e000 	C:\WINDOWS\System32\SHCORE.dll
0x00007fff88880000 - 0x00007fff888d5000 	C:\WINDOWS\System32\shlwapi.dll
0x00007fff865b0000 - 0x00007fff865cf000 	C:\WINDOWS\SYSTEM32\profapi.dll
0x00007fff7de90000 - 0x00007fff7deaa000 	D:\AndroidStudio\jre\jre\bin\net.dll
0x00007fff85e60000 - 0x00007fff85eca000 	C:\WINDOWS\system32\mswsock.dll
0x00007fff7dd80000 - 0x00007fff7dd93000 	D:\AndroidStudio\jre\jre\bin\nio.dll
0x00007fff7dda0000 - 0x00007fff7ddc7000 	C:\Users\TechLine\.gradle\native\f6784746aeab05261644944871eae4fe03e0ef1612fff0a4a95f87b438bc6780\windows-amd64\native-platform.dll
0x00007fff7f110000 - 0x00007fff7f11d000 	D:\AndroidStudio\jre\jre\bin\management.dll
0x00007fff86030000 - 0x00007fff86048000 	C:\WINDOWS\SYSTEM32\CRYPTSP.dll
0x00007fff85790000 - 0x00007fff857c4000 	C:\WINDOWS\system32\rsaenh.dll
0x00007fff86b80000 - 0x00007fff86ba7000 	C:\WINDOWS\System32\bcrypt.dll
0x00007fff86530000 - 0x00007fff8655e000 	C:\WINDOWS\SYSTEM32\USERENV.dll
0x00007fff86770000 - 0x00007fff867f0000 	C:\WINDOWS\System32\bcryptprimitives.dll
0x00007fff86050000 - 0x00007fff8605c000 	C:\WINDOWS\SYSTEM32\CRYPTBASE.dll
0x00007fff85b00000 - 0x00007fff85b3b000 	C:\WINDOWS\SYSTEM32\IPHLPAPI.DLL
0x00007fff882d0000 - 0x00007fff882d8000 	C:\WINDOWS\System32\NSI.dll
0x00007fff7bf30000 - 0x00007fff7bf47000 	C:\WINDOWS\SYSTEM32\dhcpcsvc6.DLL
0x00007fff7cca0000 - 0x00007fff7ccbd000 	C:\WINDOWS\SYSTEM32\dhcpcsvc.DLL
0x00007fff85b40000 - 0x00007fff85c0b000 	C:\WINDOWS\SYSTEM32\DNSAPI.dll
0x00007fff7cf70000 - 0x00007fff7cf7b000 	C:\WINDOWS\SYSTEM32\WINNSI.DLL

VM Arguments:
jvm_args: -Xmx2048m -Dfile.encoding=UTF-8 -Duser.country=RU -Duser.language=ru -Duser.variant 
java_command: org.gradle.launcher.daemon.bootstrap.GradleDaemon 6.5
java_class_path (initial): C:\Users\TechLine\.gradle\wrapper\dists\gradle-6.5-bin\6nifqtx7604sqp1q6g8wikw7p\gradle-6.5\lib\gradle-launcher-6.5.jar
Launcher Type: SUN_STANDARD

Environment Variables:
PATH=C:\Program Files (x86)\Common Files\Oracle\Java\javapath;C:\Windows\system32;C:\Windows;C:\Windows\System32\Wbem;C:\Windows\System32\WindowsPowerShell\v1.0\;C:\Windows\System32\OpenSSH\;C:\Program Files (x86)\NVIDIA Corporation\PhysX\Common;C:\Program Files\NVIDIA Corporation\NVIDIA NvDLISR;C:\Program Files\Java\jdk-14.0.2\bin;C:\Program Files\nodejs\;C:\ProgramData\chocolatey\bin;C:\WINDOWS\system32;C:\WINDOWS;C:\WINDOWS\System32\Wbem;C:\WINDOWS\System32\WindowsPowerShell\v1.0\;C:\WINDOWS\System32\OpenSSH\;D:\Git\cmd;C:\Users\TechLine\AppData\Local\Microsoft\WindowsApps;C:\Program Files\JetBrains\IntelliJ IDEA Community Edition 2020.2.1\bin;C:\Users\TechLine\AppData\Roaming\npm;C:\Users\TechLine\AppData\Local\atom\bin;C:\Users\TechLine\AppData\Local\Microsoft\WindowsApps
USERNAME=TechLine
OS=Windows_NT
PROCESSOR_IDENTIFIER=Intel64 Family 6 Model 142 Stepping 9, GenuineIntel



---------------  S Y S T E M  ---------------

OS: Windows 10.0 , 64 bit Build 19041 (10.0.19041.804)

CPU:total 4 (initial active 4) (2 cores per cpu, 2 threads per core) family 6 model 142 stepping 9, cmov, cx8, fxsr, mmx, sse, sse2, sse3, ssse3, sse4.1, sse4.2, popcnt, avx, avx2, aes, clmul, erms, 3dnowpref, lzcnt, ht, tsc, tscinvbit, bmi1, bmi2, adx

Memory: 4k page, physical 8258788k(400656k free), swap 10355940k(5644k free)

vm_info: OpenJDK 64-Bit Server VM (25.242-b01) for windows-amd64 JRE (1.8.0_242-release-1644-b01), built by "builder" with MS VC++ 10.0 (VS2010)

time: Wed Mar 31 13:31:08 2021
timezone: Беларусь (зима)
elapsed time: 15 seconds (0d 0h 0m 15s)

