#
# There is insufficient memory for the Java Runtime Environment to continue.
# Native memory allocation (malloc) failed to allocate 538400 bytes for Chunk::new
# Possible reasons:
#   The system is out of physical RAM or swap space
#   The process is running with CompressedOops enabled, and the Java Heap may be blocking the growth of the native heap
# Possible solutions:
#   Reduce memory load on the system
#   Increase physical memory or swap space
#   Check if swap backing store is full
#   Decrease Java heap size (-Xmx/-Xms)
#   Decrease number of Java threads
#   Decrease Java thread stack sizes (-Xss)
#   Set larger code cache with -XX:ReservedCodeCacheSize=
#   JVM is running with Unscaled Compressed Oops mode in which the Java heap is
#     placed in the first 4GB address space. The Java Heap base address is the
#     maximum limit for the native heap growth. Please use -XX:HeapBaseMinAddress
#     to set the Java Heap base and to place the Java Heap above 4GB virtual address.
# This output file may be truncated or incomplete.
#
#  Out of Memory Error (allocation.cpp:389), pid=2824, tid=0x0000000000002444
#
# JRE version: OpenJDK Runtime Environment (8.0_242-b01) (build 1.8.0_242-release-1644-b01)
# Java VM: OpenJDK 64-Bit Server VM (25.242-b01 mixed mode windows-amd64 compressed oops)
# Failed to write core dump. Minidumps are not enabled by default on client versions of Windows
#

---------------  T H R E A D  ---------------

Current thread (0x0000000017e28800):  JavaThread "C2 CompilerThread0" daemon [_thread_in_native, id=9284, stack(0x0000000019480000,0x0000000019580000)]

Stack: [0x0000000019480000,0x0000000019580000]
[error occurred during error reporting (printing stack bounds), id 0xc0000005]

Native frames: (J=compiled Java code, j=interpreted, Vv=VM code, C=native code)


Current CompileTask:
C2:  47813 5141   !   4       java.lang.reflect.Executable::sharedToGenericString (329 bytes)


---------------  P R O C E S S  ---------------

Java Threads: ( => current thread )
  0x000000001f7ed000 JavaThread "Cache worker for Build Output Cleanup Cache (C:\Users\TechLine\AndroidStudioProjects\BloggerApp\.gradle\buildOutputCleanup)" [_thread_blocked, id=3624, stack(0x000000002a080000,0x000000002a180000)]
  0x000000001f7f0000 JavaThread "Build operations Thread 4" [_thread_blocked, id=10904, stack(0x0000000029f80000,0x000000002a080000)]
  0x000000001aa92800 JavaThread "Build operations Thread 3" [_thread_blocked, id=13232, stack(0x0000000029e80000,0x0000000029f80000)]
  0x000000001aa96000 JavaThread "Build operations Thread 2" [_thread_blocked, id=9780, stack(0x0000000029d80000,0x0000000029e80000)]
  0x000000001aa93000 JavaThread "Build operations" [_thread_blocked, id=7860, stack(0x0000000029880000,0x0000000029980000)]
  0x000000001aa95800 JavaThread "Cache worker for cache directory md-rule (C:\Users\TechLine\.gradle\caches\6.5\md-rule)" [_thread_blocked, id=3356, stack(0x0000000029780000,0x0000000029880000)]
  0x000000001ba74800 JavaThread "Cache worker for cache directory md-supplier (C:\Users\TechLine\.gradle\caches\6.5\md-supplier)" [_thread_blocked, id=7812, stack(0x0000000022b80000,0x0000000022c80000)]
  0x000000001ba79000 JavaThread "Cache worker for checksums cache (C:\Users\TechLine\AndroidStudioProjects\BloggerApp\.gradle\checksums)" [_thread_blocked, id=8780, stack(0x0000000022800000,0x0000000022900000)]
  0x000000001ba73800 JavaThread "Cache worker for file hash cache (C:\Users\TechLine\AndroidStudioProjects\BloggerApp\.gradle\6.5\fileHashes)" [_thread_blocked, id=1908, stack(0x0000000021800000,0x0000000021900000)]
  0x000000001ba76800 JavaThread "Thread-119" [_thread_blocked, id=10864, stack(0x00000000204a0000,0x00000000205a0000)]
  0x000000001a36c000 JavaThread "Stdin handler" [_thread_blocked, id=7200, stack(0x00000000201a0000,0x00000000202a0000)]
  0x000000001a36b800 JavaThread "Asynchronous log dispatcher for DefaultDaemonConnection: socket connection from /127.0.0.1:65092 to /127.0.0.1:65105" [_thread_blocked, id=10420, stack(0x000000001deb0000,0x000000001dfb0000)]
  0x000000001a36a000 JavaThread "Cancel handler" [_thread_blocked, id=4396, stack(0x000000001d8b0000,0x000000001d9b0000)]
  0x000000001a367000 JavaThread "Handler for socket connection from /127.0.0.1:65092 to /127.0.0.1:65105" [_thread_in_native, id=1416, stack(0x0000000001600000,0x0000000001700000)]
  0x000000001a367800 JavaThread "pool-1-thread-1" [_thread_blocked, id=1704, stack(0x0000000028c80000,0x0000000028d80000)]
  0x000000001a36a800 JavaThread "jar transforms Thread 92" [_thread_blocked, id=11384, stack(0x0000000028780000,0x0000000028880000)]
  0x000000001a36d000 JavaThread "jar transforms Thread 91" [_thread_blocked, id=11836, stack(0x0000000028680000,0x0000000028780000)]
  0x000000001a369000 JavaThread "jar transforms Thread 90" [_thread_blocked, id=9300, stack(0x0000000028580000,0x0000000028680000)]
  0x000000001a368800 JavaThread "jar transforms Thread 89" [_thread_blocked, id=2028, stack(0x0000000028480000,0x0000000028580000)]
  0x000000001a35f000 JavaThread "jar transforms Thread 88" [_thread_blocked, id=7772, stack(0x0000000028380000,0x0000000028480000)]
  0x000000001a366000 JavaThread "jar transforms Thread 87" [_thread_blocked, id=12464, stack(0x0000000028280000,0x0000000028380000)]
  0x000000001a35e800 JavaThread "jar transforms Thread 86" [_thread_blocked, id=6676, stack(0x0000000028180000,0x0000000028280000)]
  0x000000001a365000 JavaThread "jar transforms Thread 85" [_thread_blocked, id=2592, stack(0x0000000028080000,0x0000000028180000)]
  0x000000001a364800 JavaThread "jar transforms Thread 84" [_thread_blocked, id=2632, stack(0x0000000027f80000,0x0000000028080000)]
  0x000000001a361800 JavaThread "jar transforms Thread 83" [_thread_blocked, id=6188, stack(0x0000000027e80000,0x0000000027f80000)]
  0x000000001a363800 JavaThread "jar transforms Thread 82" [_thread_blocked, id=1812, stack(0x0000000027d80000,0x0000000027e80000)]
  0x000000001a360800 JavaThread "jar transforms Thread 81" [_thread_blocked, id=4900, stack(0x0000000027c80000,0x0000000027d80000)]
  0x000000001a363000 JavaThread "jar transforms Thread 80" [_thread_blocked, id=4448, stack(0x0000000027b80000,0x0000000027c80000)]
  0x000000001a362000 JavaThread "jar transforms Thread 79" [_thread_blocked, id=9304, stack(0x0000000027a80000,0x0000000027b80000)]
  0x000000001a360000 JavaThread "jar transforms Thread 78" [_thread_blocked, id=4500, stack(0x0000000027980000,0x0000000027a80000)]
  0x000000001a35d800 JavaThread "jar transforms Thread 77" [_thread_blocked, id=12420, stack(0x0000000027880000,0x0000000027980000)]
  0x000000001a086800 JavaThread "jar transforms Thread 76" [_thread_blocked, id=1356, stack(0x0000000027780000,0x0000000027880000)]
  0x000000001a082800 JavaThread "jar transforms Thread 75" [_thread_blocked, id=5800, stack(0x0000000027680000,0x0000000027780000)]
  0x000000001a083800 JavaThread "jar transforms Thread 74" [_thread_blocked, id=13292, stack(0x0000000027580000,0x0000000027680000)]
  0x000000001a085800 JavaThread "jar transforms Thread 73" [_thread_blocked, id=11072, stack(0x0000000027480000,0x0000000027580000)]
  0x000000001a081000 JavaThread "jar transforms Thread 72" [_thread_blocked, id=816, stack(0x0000000027380000,0x0000000027480000)]
  0x000000001a081800 JavaThread "jar transforms Thread 71" [_thread_blocked, id=3188, stack(0x0000000027280000,0x0000000027380000)]
  0x000000001a085000 JavaThread "jar transforms Thread 70" [_thread_blocked, id=13212, stack(0x0000000027180000,0x0000000027280000)]
  0x000000001a080000 JavaThread "jar transforms Thread 69" [_thread_blocked, id=9052, stack(0x0000000027080000,0x0000000027180000)]
  0x000000001a084000 JavaThread "jar transforms Thread 68" [_thread_blocked, id=9104, stack(0x0000000026f80000,0x0000000027080000)]
  0x000000001a078800 JavaThread "jar transforms Thread 67" [_thread_blocked, id=7020, stack(0x0000000026e80000,0x0000000026f80000)]
  0x000000001a07f800 JavaThread "jar transforms Thread 66" [_thread_blocked, id=3504, stack(0x0000000026d80000,0x0000000026e80000)]
  0x000000001a07e800 JavaThread "jar transforms Thread 65" [_thread_blocked, id=2744, stack(0x0000000026c80000,0x0000000026d80000)]
  0x000000001a07e000 JavaThread "jar transforms Thread 64" [_thread_blocked, id=5588, stack(0x0000000026b80000,0x0000000026c80000)]
  0x000000001a078000 JavaThread "jar transforms Thread 63" [_thread_blocked, id=1892, stack(0x0000000026a80000,0x0000000026b80000)]
  0x000000001a07c800 JavaThread "jar transforms Thread 62" [_thread_blocked, id=7040, stack(0x0000000026980000,0x0000000026a80000)]
  0x000000001a07b000 JavaThread "jar transforms Thread 61" [_thread_blocked, id=11056, stack(0x0000000026880000,0x0000000026980000)]
  0x000000001a07d000 JavaThread "jar transforms Thread 60" [_thread_blocked, id=13228, stack(0x0000000026780000,0x0000000026880000)]
  0x000000001a077000 JavaThread "jar transforms Thread 59" [_thread_blocked, id=4644, stack(0x0000000026680000,0x0000000026780000)]
  0x000000001a07b800 JavaThread "jar transforms Thread 58" [_thread_blocked, id=12236, stack(0x0000000026580000,0x0000000026680000)]
  0x000000001a07a000 JavaThread "jar transforms Thread 57" [_thread_blocked, id=2336, stack(0x0000000026480000,0x0000000026580000)]
  0x000000001a079800 JavaThread "jar transforms Thread 56" [_thread_blocked, id=3276, stack(0x0000000026380000,0x0000000026480000)]
  0x000000001b144800 JavaThread "jar transforms Thread 55" [_thread_blocked, id=6492, stack(0x0000000026280000,0x0000000026380000)]
  0x000000001b143000 JavaThread "jar transforms Thread 54" [_thread_blocked, id=5084, stack(0x0000000026180000,0x0000000026280000)]
  0x000000001b149000 JavaThread "jar transforms Thread 53" [_thread_blocked, id=360, stack(0x0000000026080000,0x0000000026180000)]
  0x000000001b147800 JavaThread "jar transforms Thread 52" [_thread_blocked, id=13120, stack(0x0000000025f80000,0x0000000026080000)]
  0x000000001b148000 JavaThread "jar transforms Thread 51" [_thread_blocked, id=8912, stack(0x0000000025e80000,0x0000000025f80000)]
  0x000000001b143800 JavaThread "jar transforms Thread 50" [_thread_blocked, id=10528, stack(0x0000000025d80000,0x0000000025e80000)]
  0x000000001b146000 JavaThread "jar transforms Thread 49" [_thread_blocked, id=9756, stack(0x0000000025c80000,0x0000000025d80000)]
  0x000000001b146800 JavaThread "jar transforms Thread 48" [_thread_blocked, id=9560, stack(0x0000000025b80000,0x0000000025c80000)]
  0x000000001b145000 JavaThread "jar transforms Thread 47" [_thread_blocked, id=6316, stack(0x0000000025a80000,0x0000000025b80000)]
  0x000000001b13b800 JavaThread "jar transforms Thread 46" [_thread_blocked, id=7748, stack(0x0000000025980000,0x0000000025a80000)]
  0x000000001b13d800 JavaThread "jar transforms Thread 45" [_thread_blocked, id=3376, stack(0x0000000025880000,0x0000000025980000)]
  0x000000001b142000 JavaThread "jar transforms Thread 44" [_thread_blocked, id=904, stack(0x0000000025780000,0x0000000025880000)]
  0x000000001b13a800 JavaThread "jar transforms Thread 43" [_thread_blocked, id=11556, stack(0x0000000025680000,0x0000000025780000)]
  0x000000001b141800 JavaThread "jar transforms Thread 42" [_thread_blocked, id=7380, stack(0x0000000025580000,0x0000000025680000)]
  0x000000001b13a000 JavaThread "jar transforms Thread 41" [_thread_blocked, id=3632, stack(0x0000000025480000,0x0000000025580000)]
  0x000000001b140800 JavaThread "jar transforms Thread 40" [_thread_blocked, id=8684, stack(0x0000000025380000,0x0000000025480000)]
  0x000000001b13c000 JavaThread "jar transforms Thread 39" [_thread_blocked, id=11388, stack(0x0000000025280000,0x0000000025380000)]
  0x000000001b13d000 JavaThread "jar transforms Thread 38" [_thread_blocked, id=5864, stack(0x0000000025180000,0x0000000025280000)]
  0x000000001b140000 JavaThread "jar transforms Thread 37" [_thread_blocked, id=11068, stack(0x0000000025080000,0x0000000025180000)]
  0x000000001b13f000 JavaThread "jar transforms Thread 36" [_thread_blocked, id=6728, stack(0x0000000024f80000,0x0000000025080000)]
  0x000000001b13e800 JavaThread "jar transforms Thread 35" [_thread_blocked, id=4508, stack(0x0000000024e80000,0x0000000024f80000)]
  0x000000001aab9000 JavaThread "jar transforms Thread 34" [_thread_blocked, id=7596, stack(0x0000000024d80000,0x0000000024e80000)]
  0x000000001aab8000 JavaThread "jar transforms Thread 33" [_thread_blocked, id=11640, stack(0x0000000024c80000,0x0000000024d80000)]
  0x000000001aab9800 JavaThread "jar transforms Thread 32" [_thread_blocked, id=8416, stack(0x0000000024b80000,0x0000000024c80000)]
  0x000000001aab7800 JavaThread "jar transforms Thread 31" [_thread_blocked, id=6768, stack(0x0000000024a80000,0x0000000024b80000)]
  0x000000001aabb000 JavaThread "jar transforms Thread 30" [_thread_blocked, id=8252, stack(0x0000000024980000,0x0000000024a80000)]
  0x000000001aaba800 JavaThread "jar transforms Thread 29" [_thread_blocked, id=9068, stack(0x0000000024880000,0x0000000024980000)]
  0x000000001aabc000 JavaThread "jar transforms Thread 28" [_thread_blocked, id=10112, stack(0x0000000024780000,0x0000000024880000)]
  0x000000001aab0000 JavaThread "jar transforms Thread 27" [_thread_blocked, id=9616, stack(0x0000000024680000,0x0000000024780000)]
  0x000000001aab6800 JavaThread "jar transforms Thread 26" [_thread_blocked, id=13148, stack(0x0000000024580000,0x0000000024680000)]
  0x000000001aab6000 JavaThread "jar transforms Thread 25" [_thread_blocked, id=6272, stack(0x0000000024480000,0x0000000024580000)]
  0x000000001aab4800 JavaThread "jar transforms Thread 24" [_thread_blocked, id=8212, stack(0x0000000024380000,0x0000000024480000)]
  0x000000001aab5000 JavaThread "jar transforms Thread 23" [_thread_blocked, id=3836, stack(0x0000000024280000,0x0000000024380000)]
  0x000000001aab3000 JavaThread "jar transforms Thread 22" [_thread_blocked, id=11908, stack(0x0000000024180000,0x0000000024280000)]
  0x000000001aab1800 JavaThread "jar transforms Thread 21" [_thread_blocked, id=12784, stack(0x0000000024080000,0x0000000024180000)]
  0x000000001aaae800 JavaThread "jar transforms Thread 20" [_thread_blocked, id=7664, stack(0x0000000023f80000,0x0000000024080000)]
  0x000000001aab0800 JavaThread "jar transforms Thread 19" [_thread_blocked, id=9140, stack(0x0000000023e80000,0x0000000023f80000)]
  0x000000001aaad800 JavaThread "jar transforms Thread 18" [_thread_blocked, id=8052, stack(0x0000000023d80000,0x0000000023e80000)]
  0x000000001aaaf000 JavaThread "jar transforms Thread 17" [_thread_blocked, id=11164, stack(0x0000000023c80000,0x0000000023d80000)]
  0x000000001aaad000 JavaThread "jar transforms Thread 16" [_thread_blocked, id=10788, stack(0x0000000023b80000,0x0000000023c80000)]
  0x000000001aab3800 JavaThread "jar transforms Thread 15" [_thread_blocked, id=1044, stack(0x0000000023a80000,0x0000000023b80000)]
  0x000000001aab2000 JavaThread "jar transforms Thread 14" [_thread_blocked, id=7172, stack(0x0000000023980000,0x0000000023a80000)]
  0x000000001aa97800 JavaThread "jar transforms Thread 13" [_thread_blocked, id=368, stack(0x0000000023880000,0x0000000023980000)]
  0x000000001aa97000 JavaThread "jar transforms Thread 12" [_thread_blocked, id=5996, stack(0x0000000023780000,0x0000000023880000)]
  0x000000001aa9d000 JavaThread "jar transforms Thread 11" [_thread_blocked, id=7028, stack(0x0000000023680000,0x0000000023780000)]
  0x000000001aa9b800 JavaThread "jar transforms Thread 10" [_thread_blocked, id=11704, stack(0x0000000023480000,0x0000000023580000)]
  0x000000001aa9c800 JavaThread "jar transforms Thread 9" [_thread_blocked, id=9084, stack(0x0000000023380000,0x0000000023480000)]
  0x000000001aa98800 JavaThread "jar transforms Thread 8" [_thread_blocked, id=10740, stack(0x0000000023280000,0x0000000023380000)]
  0x000000001aa9b000 JavaThread "jar transforms Thread 7" [_thread_blocked, id=3256, stack(0x0000000023180000,0x0000000023280000)]
  0x000000001aa9a000 JavaThread "jar transforms Thread 6" [_thread_blocked, id=4024, stack(0x0000000023080000,0x0000000023180000)]
  0x000000001aa99000 JavaThread "jar transforms Thread 5" [_thread_blocked, id=7600, stack(0x0000000022f80000,0x0000000023080000)]
  0x000000001aa8f800 JavaThread "jar transforms Thread 4" [_thread_blocked, id=4712, stack(0x0000000022e80000,0x0000000022f80000)]
  0x000000001aa94000 JavaThread "jar transforms Thread 3" [_thread_blocked, id=3084, stack(0x0000000022d80000,0x0000000022e80000)]
  0x000000001aa90000 JavaThread "jar transforms Thread 2" [_thread_blocked, id=4232, stack(0x0000000022c80000,0x0000000022d80000)]
  0x000000001ba78000 JavaThread "Cache worker for file content cache (C:\Users\TechLine\.gradle\caches\6.5\fileContent)" [_thread_blocked, id=3616, stack(0x0000000022100000,0x0000000022200000)]
  0x000000001ba77800 JavaThread "jar transforms" [_thread_blocked, id=11708, stack(0x0000000022000000,0x0000000022100000)]
  0x000000001ba76000 JavaThread "Cache worker for execution history cache (C:\Users\TechLine\.gradle\caches\6.5\executionHistory)" [_thread_blocked, id=1708, stack(0x0000000021900000,0x0000000021a00000)]
  0x000000001ba73000 JavaThread "Cache worker for file hash cache (C:\Users\TechLine\.gradle\caches\6.5\fileHashes)" [_thread_blocked, id=9672, stack(0x000000001ddb0000,0x000000001deb0000)]
  0x000000001ba72000 JavaThread "File lock request listener" [_thread_in_native, id=1060, stack(0x000000001dcb0000,0x000000001ddb0000)]
  0x000000001ba75000 JavaThread "Cache worker for journal cache (C:\Users\TechLine\.gradle\caches\journal-1)" [_thread_blocked, id=11812, stack(0x000000001dbb0000,0x000000001dcb0000)]
  0x000000001b802000 JavaThread "Daemon worker" [_thread_in_Java, id=7928, stack(0x000000001d5b0000,0x000000001d6b0000)]
  0x000000001b77f000 JavaThread "Daemon" [_thread_blocked, id=12376, stack(0x000000001d0b0000,0x000000001d1b0000)]
  0x000000001b771000 JavaThread "Daemon periodic checks" [_thread_blocked, id=3848, stack(0x000000001cfb0000,0x000000001d0b0000)]
  0x000000001b6c2000 JavaThread "Incoming local TCP Connector on port 65092" [_thread_in_native, id=11340, stack(0x000000001cd60000,0x000000001ce60000)]
  0x000000001a09d000 JavaThread "Daemon health stats" [_thread_blocked, id=10316, stack(0x000000001c720000,0x000000001c820000)]
  0x00000000197a8800 JavaThread "Service Thread" daemon [_thread_blocked, id=5984, stack(0x0000000019b80000,0x0000000019c80000)]
  0x0000000017e32800 JavaThread "C1 CompilerThread2" daemon [_thread_in_native, id=10700, stack(0x0000000019680000,0x0000000019780000)]
  0x0000000017e2c800 JavaThread "C2 CompilerThread1" daemon [_thread_in_native, id=12068, stack(0x0000000019580000,0x0000000019680000)]
=>0x0000000017e28800 JavaThread "C2 CompilerThread0" daemon [_thread_in_native, id=9284, stack(0x0000000019480000,0x0000000019580000)]
  0x0000000017e26000 JavaThread "Attach Listener" daemon [_thread_blocked, id=9564, stack(0x0000000019380000,0x0000000019480000)]
  0x0000000017e24800 JavaThread "Signal Dispatcher" daemon [_thread_blocked, id=3192, stack(0x0000000019280000,0x0000000019380000)]
  0x00000000031fb800 JavaThread "Finalizer" daemon [_thread_blocked, id=8988, stack(0x0000000019070000,0x0000000019170000)]
  0x0000000017e09000 JavaThread "Reference Handler" daemon [_thread_blocked, id=13156, stack(0x0000000018f70000,0x0000000019070000)]
  0x00000000030fe000 JavaThread "main" [_thread_blocked, id=4812, stack(0x0000000002f90000,0x0000000003090000)]

Other Threads:
  0x0000000017de6800 VMThread [stack: 0x0000000018e70000,0x0000000018f70000] [id=2564]
  0x0000000017e7d000 WatcherThread [stack: 0x0000000019c80000,0x0000000019d80000] [id=12096]

VM state:not at safepoint (normal execution)

VM Mutex/Monitor currently owned by a thread: None

OutOfMemory and StackOverflow Exception counts:
OutOfMemoryError java_heap_errors=3
OutOfMemoryError metaspace_errors=2

heap address: 0x0000000080000000, size: 2048 MB, Compressed Oops mode: 32-bit
Narrow klass base: 0x0000000000000000, Narrow klass shift: 3
Compressed class space size: 1073741824 Address: 0x0000000100000000

Heap:
 PSYoungGen      total 109568K, used 77556K [0x00000000d5580000, 0x00000000dcc00000, 0x0000000100000000)
  eden space 97792K, 79% used [0x00000000d5580000,0x00000000da13d0f0,0x00000000db500000)
  from space 11776K, 0% used [0x00000000db500000,0x00000000db500000,0x00000000dc080000)
  to   space 10240K, 0% used [0x00000000dc200000,0x00000000dc200000,0x00000000dcc00000)
 ParOldGen       total 69632K, used 16315K [0x0000000080000000, 0x0000000084400000, 0x00000000d5580000)
  object space 69632K, 23% used [0x0000000080000000,0x0000000080feefd0,0x0000000084400000)
 Metaspace       used 52176K, capacity 54100K, committed 54440K, reserved 1105920K
  class space    used 6814K, capacity 7244K, committed 7344K, reserved 1048576K

Card table byte_map: [0x00000000125c0000,0x00000000129d0000] byte_map_base: 0x00000000121c0000

Marking Bits: (ParMarkBitMap*) 0x0000000053f3f030
 Begin Bits: [0x0000000013080000, 0x0000000015080000)
 End Bits:   [0x0000000015080000, 0x0000000017080000)

Polling page: 0x00000000018b0000

CodeCache: size=245760Kb used=14825Kb max_used=14825Kb free=230934Kb
 bounds [0x0000000003200000, 0x0000000004090000, 0x0000000012200000]
 total_blobs=5390 nmethods=4633 adapters=668
 compilation: enabled

Compilation events (10 events):
Event: 47.750 Thread 0x0000000017e32800 5204       3       com.google.common.cache.LocalCache$Segment::getLiveValue (61 bytes)
Event: 47.752 Thread 0x0000000017e32800 nmethod 5204 0x000000000405a190 code [0x000000000405a4e0, 0x000000000405c158]
Event: 47.752 Thread 0x0000000017e32800 5207       3       org.gradle.internal.operations.BuildOperationDescriptor::<init> (50 bytes)
Event: 47.752 Thread 0x0000000017e32800 nmethod 5207 0x000000000405ced0 code [0x000000000405d020, 0x000000000405d270]
Event: 47.752 Thread 0x0000000017e32800 5208       3       org.gradle.internal.dispatch.ProxyDispatchAdapter$DispatchingInvocationHandler::invoke (184 bytes)
Event: 47.755 Thread 0x0000000017e32800 nmethod 5208 0x000000000405d350 code [0x000000000405d6c0, 0x000000000405f668]
Event: 47.755 Thread 0x0000000017e32800 5205       1       org.gradle.api.internal.collections.AbstractIterationOrderRetainingElementSource$ValuePointer::getElement (5 bytes)
Event: 47.755 Thread 0x0000000017e32800 nmethod 5205 0x00000000040604d0 code [0x0000000004060620, 0x0000000004060730]
Event: 47.755 Thread 0x0000000017e32800 5206       1       org.gradle.api.internal.collections.AbstractIterationOrderRetainingElementSource$ValuePointer::getIndex (5 bytes)
Event: 47.755 Thread 0x0000000017e32800 nmethod 5206 0x0000000004060790 code [0x00000000040608e0, 0x00000000040609f0]

GC Heap History (10 events):
Event: 34.728 GC heap before
{Heap before GC invocations=24 (full 7):
 PSYoungGen      total 109568K, used 1911K [0x00000000d5580000, 0x00000000dcc00000, 0x0000000100000000)
  eden space 97792K, 0% used [0x00000000d5580000,0x00000000d5580000,0x00000000db500000)
  from space 11776K, 16% used [0x00000000db500000,0x00000000db6dde88,0x00000000dc080000)
  to   space 10240K, 0% used [0x00000000dc200000,0x00000000dc200000,0x00000000dcc00000)
 ParOldGen       total 69632K, used 17552K [0x0000000080000000, 0x0000000084400000, 0x00000000d5580000)
  object space 69632K, 25% used [0x0000000080000000,0x00000000811241f0,0x0000000084400000)
 Metaspace       used 50644K, capacity 52442K, committed 52776K, reserved 1099776K
  class space    used 6721K, capacity 7139K, committed 7216K, reserved 1048576K
Event: 34.949 GC heap after
Heap after GC invocations=24 (full 7):
 PSYoungGen      total 109568K, used 0K [0x00000000d5580000, 0x00000000dcc00000, 0x0000000100000000)
  eden space 97792K, 0% used [0x00000000d5580000,0x00000000d5580000,0x00000000db500000)
  from space 11776K, 0% used [0x00000000db500000,0x00000000db500000,0x00000000dc080000)
  to   space 10240K, 0% used [0x00000000dc200000,0x00000000dc200000,0x00000000dcc00000)
 ParOldGen       total 69632K, used 17902K [0x0000000080000000, 0x0000000084400000, 0x00000000d5580000)
  object space 69632K, 25% used [0x0000000080000000,0x000000008117bbc0,0x0000000084400000)
 Metaspace       used 50644K, capacity 52442K, committed 52776K, reserved 1097728K
  class space    used 6721K, capacity 7139K, committed 7216K, reserved 1048576K
}
Event: 35.070 GC heap before
{Heap before GC invocations=25 (full 7):
 PSYoungGen      total 109568K, used 7155K [0x00000000d5580000, 0x00000000dcc00000, 0x0000000100000000)
  eden space 97792K, 7% used [0x00000000d5580000,0x00000000d5c7cc70,0x00000000db500000)
  from space 11776K, 0% used [0x00000000db500000,0x00000000db500000,0x00000000dc080000)
  to   space 10240K, 0% used [0x00000000dc200000,0x00000000dc200000,0x00000000dcc00000)
 ParOldGen       total 69632K, used 17902K [0x0000000080000000, 0x0000000084400000, 0x00000000d5580000)
  object space 69632K, 25% used [0x0000000080000000,0x000000008117bbc0,0x0000000084400000)
 Metaspace       used 51741K, capacity 53596K, committed 53928K, reserved 1105920K
  class space    used 6794K, capacity 7214K, committed 7344K, reserved 1048576K
Event: 35.079 GC heap after
Heap after GC invocations=25 (full 7):
 PSYoungGen      total 108032K, used 1210K [0x00000000d5580000, 0x00000000dcc00000, 0x0000000100000000)
  eden space 97792K, 0% used [0x00000000d5580000,0x00000000d5580000,0x00000000db500000)
  from space 10240K, 11% used [0x00000000dc200000,0x00000000dc32ebb8,0x00000000dcc00000)
  to   space 11776K, 0% used [0x00000000db500000,0x00000000db500000,0x00000000dc080000)
 ParOldGen       total 69632K, used 17902K [0x0000000080000000, 0x0000000084400000, 0x00000000d5580000)
  object space 69632K, 25% used [0x0000000080000000,0x000000008117bbc0,0x0000000084400000)
 Metaspace       used 51741K, capacity 53596K, committed 53928K, reserved 1105920K
  class space    used 6794K, capacity 7214K, committed 7344K, reserved 1048576K
}
Event: 35.079 GC heap before
{Heap before GC invocations=26 (full 8):
 PSYoungGen      total 108032K, used 1210K [0x00000000d5580000, 0x00000000dcc00000, 0x0000000100000000)
  eden space 97792K, 0% used [0x00000000d5580000,0x00000000d5580000,0x00000000db500000)
  from space 10240K, 11% used [0x00000000dc200000,0x00000000dc32ebb8,0x00000000dcc00000)
  to   space 11776K, 0% used [0x00000000db500000,0x00000000db500000,0x00000000dc080000)
 ParOldGen       total 69632K, used 17902K [0x0000000080000000, 0x0000000084400000, 0x00000000d5580000)
  object space 69632K, 25% used [0x0000000080000000,0x000000008117bbc0,0x0000000084400000)
 Metaspace       used 51741K, capacity 53596K, committed 53928K, reserved 1105920K
  class space    used 6794K, capacity 7214K, committed 7344K, reserved 1048576K
Event: 35.152 GC heap after
Heap after GC invocations=26 (full 8):
 PSYoungGen      total 108032K, used 0K [0x00000000d5580000, 0x00000000dcc00000, 0x0000000100000000)
  eden space 97792K, 0% used [0x00000000d5580000,0x00000000d5580000,0x00000000db500000)
  from space 10240K, 0% used [0x00000000dc200000,0x00000000dc200000,0x00000000dcc00000)
  to   space 11776K, 0% used [0x00000000db500000,0x00000000db500000,0x00000000dc080000)
 ParOldGen       total 69632K, used 17692K [0x0000000080000000, 0x0000000084400000, 0x00000000d5580000)
  object space 69632K, 25% used [0x0000000080000000,0x0000000081147330,0x0000000084400000)
 Metaspace       used 51741K, capacity 53596K, committed 53928K, reserved 1103872K
  class space    used 6794K, capacity 7214K, committed 7344K, reserved 1048576K
}
Event: 35.152 GC heap before
{Heap before GC invocations=27 (full 8):
 PSYoungGen      total 108032K, used 0K [0x00000000d5580000, 0x00000000dcc00000, 0x0000000100000000)
  eden space 97792K, 0% used [0x00000000d5580000,0x00000000d5580000,0x00000000db500000)
  from space 10240K, 0% used [0x00000000dc200000,0x00000000dc200000,0x00000000dcc00000)
  to   space 11776K, 0% used [0x00000000db500000,0x00000000db500000,0x00000000dc080000)
 ParOldGen       total 69632K, used 17692K [0x0000000080000000, 0x0000000084400000, 0x00000000d5580000)
  object space 69632K, 25% used [0x0000000080000000,0x0000000081147330,0x0000000084400000)
 Metaspace       used 51741K, capacity 53596K, committed 53928K, reserved 1107968K
  class space    used 6794K, capacity 7214K, committed 7344K, reserved 1048576K
Event: 35.154 GC heap after
Heap after GC invocations=27 (full 8):
 PSYoungGen      total 109568K, used 0K [0x00000000d5580000, 0x00000000dcc00000, 0x0000000100000000)
  eden space 97792K, 0% used [0x00000000d5580000,0x00000000d5580000,0x00000000db500000)
  from space 11776K, 0% used [0x00000000db500000,0x00000000db500000,0x00000000dc080000)
  to   space 10240K, 0% used [0x00000000dc200000,0x00000000dc200000,0x00000000dcc00000)
 ParOldGen       total 69632K, used 17692K [0x0000000080000000, 0x0000000084400000, 0x00000000d5580000)
  object space 69632K, 25% used [0x0000000080000000,0x0000000081147330,0x0000000084400000)
 Metaspace       used 51741K, capacity 53596K, committed 53928K, reserved 1107968K
  class space    used 6794K, capacity 7214K, committed 7344K, reserved 1048576K
}
Event: 35.154 GC heap before
{Heap before GC invocations=28 (full 9):
 PSYoungGen      total 109568K, used 0K [0x00000000d5580000, 0x00000000dcc00000, 0x0000000100000000)
  eden space 97792K, 0% used [0x00000000d5580000,0x00000000d5580000,0x00000000db500000)
  from space 11776K, 0% used [0x00000000db500000,0x00000000db500000,0x00000000dc080000)
  to   space 10240K, 0% used [0x00000000dc200000,0x00000000dc200000,0x00000000dcc00000)
 ParOldGen       total 69632K, used 17692K [0x0000000080000000, 0x0000000084400000, 0x00000000d5580000)
  object space 69632K, 25% used [0x0000000080000000,0x0000000081147330,0x0000000084400000)
 Metaspace       used 51741K, capacity 53596K, committed 53928K, reserved 1107968K
  class space    used 6794K, capacity 7214K, committed 7344K, reserved 1048576K
Event: 35.428 GC heap after
Heap after GC invocations=28 (full 9):
 PSYoungGen      total 109568K, used 0K [0x00000000d5580000, 0x00000000dcc00000, 0x0000000100000000)
  eden space 97792K, 0% used [0x00000000d5580000,0x00000000d5580000,0x00000000db500000)
  from space 11776K, 0% used [0x00000000db500000,0x00000000db500000,0x00000000dc080000)
  to   space 10240K, 0% used [0x00000000dc200000,0x00000000dc200000,0x00000000dcc00000)
 ParOldGen       total 69632K, used 16315K [0x0000000080000000, 0x0000000084400000, 0x00000000d5580000)
  object space 69632K, 23% used [0x0000000080000000,0x0000000080feefd0,0x0000000084400000)
 Metaspace       used 51563K, capacity 53308K, committed 53928K, reserved 1103872K
  class space    used 6768K, capacity 7166K, committed 7344K, reserved 1048576K
}

Deoptimization events (10 events):
Event: 46.961 Thread 0x000000001b802000 Uncommon trap: reason=bimorphic action=maybe_recompile pc=0x0000000003f66a54 method=java.util.regex.Pattern$5.isSatisfiedBy(I)Z @ 16
Event: 46.973 Thread 0x000000001b802000 Uncommon trap: reason=unstable_if action=reinterpret pc=0x0000000003cf394c method=java.lang.ref.SoftReference.get()Ljava/lang/Object; @ 6
Event: 47.078 Thread 0x000000001b802000 Uncommon trap: reason=unstable_if action=reinterpret pc=0x0000000003bb934c method=java.lang.ref.SoftReference.get()Ljava/lang/Object; @ 6
Event: 47.082 Thread 0x000000001b802000 Uncommon trap: reason=unstable_if action=reinterpret pc=0x0000000003d0c3a4 method=java.lang.ref.SoftReference.get()Ljava/lang/Object; @ 6
Event: 47.085 Thread 0x000000001b802000 Uncommon trap: reason=bimorphic action=maybe_recompile pc=0x0000000003be6504 method=java.util.Objects.equals(Ljava/lang/Object;Ljava/lang/Object;)Z @ 11
Event: 47.085 Thread 0x000000001b802000 Uncommon trap: reason=bimorphic action=maybe_recompile pc=0x0000000003be6504 method=java.util.Objects.equals(Ljava/lang/Object;Ljava/lang/Object;)Z @ 11
Event: 47.098 Thread 0x000000001b802000 Uncommon trap: reason=unstable_if action=reinterpret pc=0x00000000039f727c method=java.lang.ref.SoftReference.get()Ljava/lang/Object; @ 6
Event: 47.168 Thread 0x000000001b802000 Uncommon trap: reason=bimorphic action=maybe_recompile pc=0x0000000003be6504 method=java.util.Objects.equals(Ljava/lang/Object;Ljava/lang/Object;)Z @ 11
Event: 47.168 Thread 0x000000001b802000 Uncommon trap: reason=bimorphic action=maybe_recompile pc=0x0000000003be6504 method=java.util.Objects.equals(Ljava/lang/Object;Ljava/lang/Object;)Z @ 11
Event: 47.393 Thread 0x000000001b802000 Uncommon trap: reason=unstable_if action=reinterpret pc=0x0000000003e23124 method=java.lang.ref.SoftReference.get()Ljava/lang/Object; @ 6

Classes redefined (0 events):
No events

Internal exceptions (10 events):
Event: 47.393 Thread 0x000000001b802000 Implicit null exception at 0x0000000003e22345 to 0x0000000003e230e5
Event: 47.645 Thread 0x000000001ba76800 Exception <a 'java/lang/NoSuchMethodError': <clinit>> (0x00000000d5bb4a90) thrown at [C:\src\AOSP-openjdk-git\hotspot\src\share\vm\prims\jni.cpp, line 1615]
Event: 47.648 Thread 0x000000001ba76800 Exception <a 'java/lang/NoSuchMethodError': <clinit>> (0x00000000d9d51e08) thrown at [C:\src\AOSP-openjdk-git\hotspot\src\share\vm\prims\jni.cpp, line 1615]
Event: 47.648 Thread 0x000000001ba76800 Exception <a 'java/lang/NoSuchMethodError': <clinit>> (0x00000000d9d55590) thrown at [C:\src\AOSP-openjdk-git\hotspot\src\share\vm\prims\jni.cpp, line 1615]
Event: 47.648 Thread 0x000000001ba76800 Exception <a 'java/lang/NoSuchMethodError': <clinit>> (0x00000000d9d56e88) thrown at [C:\src\AOSP-openjdk-git\hotspot\src\share\vm\prims\jni.cpp, line 1615]
Event: 47.648 Thread 0x000000001ba76800 Exception <a 'java/lang/NoSuchMethodError': <clinit>> (0x00000000d9d583b0) thrown at [C:\src\AOSP-openjdk-git\hotspot\src\share\vm\prims\jni.cpp, line 1615]
Event: 47.649 Thread 0x000000001ba76800 Exception <a 'java/lang/NoSuchMethodError': <clinit>> (0x00000000d9d624e0) thrown at [C:\src\AOSP-openjdk-git\hotspot\src\share\vm\prims\jni.cpp, line 1615]
Event: 47.650 Thread 0x000000001ba76800 Exception <a 'java/lang/NoSuchMethodError': <clinit>> (0x00000000d9d6d218) thrown at [C:\src\AOSP-openjdk-git\hotspot\src\share\vm\prims\jni.cpp, line 1615]
Event: 47.652 Thread 0x000000001ba76800 Exception <a 'java/lang/NoSuchMethodError': <clinit>> (0x00000000d9d80580) thrown at [C:\src\AOSP-openjdk-git\hotspot\src\share\vm\prims\jni.cpp, line 1615]
Event: 47.761 Thread 0x000000001b802000 Exception <a 'sun/nio/fs/WindowsException'> (0x00000000d9ec79c8) thrown at [C:\src\AOSP-openjdk-git\hotspot\src\share\vm\prims\jni.cpp, line 710]

Events (10 events):
Event: 47.606 loading class groovy/runtime/metaclass/org/gradle/api/tasks/Delete_DecoratedMetaClass done
Event: 47.702 loading class groovy/runtime/metaclass/build_bpzgzbm7gs6irrnc26k0mza9pMetaClass
Event: 47.702 loading class groovy/runtime/metaclass/build_bpzgzbm7gs6irrnc26k0mza9pMetaClass done
Event: 47.707 loading class groovy/runtime/metaclass/build_bpzgzbm7gs6irrnc26k0mza9p$_run_closure1MetaClass
Event: 47.707 loading class groovy/runtime/metaclass/build_bpzgzbm7gs6irrnc26k0mza9p$_run_closure1MetaClass done
Event: 47.710 loading class groovy/runtime/metaclass/org/gradle/plugin/use/internal/PluginRequestCollector$PluginDependenciesSpecImplMetaClass
Event: 47.710 loading class groovy/runtime/metaclass/org/gradle/plugin/use/internal/PluginRequestCollector$PluginDependenciesSpecImplMetaClass done
Event: 47.715 loading class groovy/runtime/metaclass/org/gradle/api/internal/plugins/DefaultObjectConfigurationActionMetaClass
Event: 47.715 loading class groovy/runtime/metaclass/org/gradle/api/internal/plugins/DefaultObjectConfigurationActionMetaClass done
Event: 47.727 Thread 0x000000001f7ed000 Thread added: 0x000000001f7ed000


Dynamic libraries:
0x00007ff6f3990000 - 0x00007ff6f39c1000 	D:\AndroidStudio\jre\bin\java.exe
0x00007fff88f30000 - 0x00007fff89125000 	C:\WINDOWS\SYSTEM32\ntdll.dll
0x00007fff873a0000 - 0x00007fff8745d000 	C:\WINDOWS\System32\KERNEL32.DLL
0x00007fff86bb0000 - 0x00007fff86e79000 	C:\WINDOWS\System32\KERNELBASE.dll
0x00007fff87090000 - 0x00007fff8713c000 	C:\WINDOWS\System32\ADVAPI32.dll
0x00007fff87300000 - 0x00007fff8739e000 	C:\WINDOWS\System32\msvcrt.dll
0x00007fff884e0000 - 0x00007fff8857c000 	C:\WINDOWS\System32\sechost.dll
0x00007fff88720000 - 0x00007fff8884b000 	C:\WINDOWS\System32\RPCRT4.dll
0x00007fff88d50000 - 0x00007fff88ef0000 	C:\WINDOWS\System32\USER32.dll
0x00007fff869a0000 - 0x00007fff869c2000 	C:\WINDOWS\System32\win32u.dll
0x00007fff880c0000 - 0x00007fff880ea000 	C:\WINDOWS\System32\GDI32.dll
0x00007fff86e80000 - 0x00007fff86f8b000 	C:\WINDOWS\System32\gdi32full.dll
0x00007fff86a80000 - 0x00007fff86b1d000 	C:\WINDOWS\System32\msvcp_win.dll
0x00007fff86670000 - 0x00007fff86770000 	C:\WINDOWS\System32\ucrtbase.dll
0x00007fff6c800000 - 0x00007fff6ca9a000 	C:\WINDOWS\WinSxS\amd64_microsoft.windows.common-controls_6595b64144ccf1df_6.0.19041.844_none_ca00b6081b84eb1d\COMCTL32.dll
0x00007fff88850000 - 0x00007fff88880000 	C:\WINDOWS\System32\IMM32.DLL
0x0000000054420000 - 0x00000000544f2000 	D:\AndroidStudio\jre\jre\bin\msvcr100.dll
0x0000000053770000 - 0x0000000053fbb000 	D:\AndroidStudio\jre\jre\bin\server\jvm.dll
0x00007fff88150000 - 0x00007fff88158000 	C:\WINDOWS\System32\PSAPI.DLL
0x00007fff7f1b0000 - 0x00007fff7f1b9000 	C:\WINDOWS\SYSTEM32\WSOCK32.dll
0x00007fff6caa0000 - 0x00007fff6cac7000 	C:\WINDOWS\SYSTEM32\WINMM.dll
0x00007fff7abb0000 - 0x00007fff7abba000 	C:\WINDOWS\SYSTEM32\VERSION.dll
0x00007fff88390000 - 0x00007fff883fb000 	C:\WINDOWS\System32\WS2_32.dll
0x00007fff7f170000 - 0x00007fff7f17f000 	D:\AndroidStudio\jre\jre\bin\verify.dll
0x00007fff7f140000 - 0x00007fff7f169000 	D:\AndroidStudio\jre\jre\bin\java.dll
0x00007fff7f0b0000 - 0x00007fff7f0c6000 	D:\AndroidStudio\jre\jre\bin\zip.dll
0x00007fff87460000 - 0x00007fff87ba2000 	C:\WINDOWS\System32\SHELL32.dll
0x00007fff847b0000 - 0x00007fff84f40000 	C:\WINDOWS\SYSTEM32\windows.storage.dll
0x00007fff87d60000 - 0x00007fff880b5000 	C:\WINDOWS\System32\combase.dll
0x00007fff860e0000 - 0x00007fff8610c000 	C:\WINDOWS\SYSTEM32\Wldp.dll
0x00007fff882e0000 - 0x00007fff8838e000 	C:\WINDOWS\System32\SHCORE.dll
0x00007fff88880000 - 0x00007fff888d5000 	C:\WINDOWS\System32\shlwapi.dll
0x00007fff865b0000 - 0x00007fff865cf000 	C:\WINDOWS\SYSTEM32\profapi.dll
0x00007fff7de90000 - 0x00007fff7deaa000 	D:\AndroidStudio\jre\jre\bin\net.dll
0x00007fff85e60000 - 0x00007fff85eca000 	C:\WINDOWS\system32\mswsock.dll
0x00007fff7dd80000 - 0x00007fff7dd93000 	D:\AndroidStudio\jre\jre\bin\nio.dll
0x00007fff7dda0000 - 0x00007fff7ddc7000 	C:\Users\TechLine\.gradle\native\f6784746aeab05261644944871eae4fe03e0ef1612fff0a4a95f87b438bc6780\windows-amd64\native-platform.dll
0x00007fff7f110000 - 0x00007fff7f11d000 	D:\AndroidStudio\jre\jre\bin\management.dll
0x00007fff86030000 - 0x00007fff86048000 	C:\WINDOWS\SYSTEM32\CRYPTSP.dll
0x00007fff85790000 - 0x00007fff857c4000 	C:\WINDOWS\system32\rsaenh.dll
0x00007fff86b80000 - 0x00007fff86ba7000 	C:\WINDOWS\System32\bcrypt.dll
0x00007fff86530000 - 0x00007fff8655e000 	C:\WINDOWS\SYSTEM32\USERENV.dll
0x00007fff86770000 - 0x00007fff867f0000 	C:\WINDOWS\System32\bcryptprimitives.dll
0x00007fff86050000 - 0x00007fff8605c000 	C:\WINDOWS\SYSTEM32\CRYPTBASE.dll
0x00007fff85b00000 - 0x00007fff85b3b000 	C:\WINDOWS\SYSTEM32\IPHLPAPI.DLL
0x00007fff882d0000 - 0x00007fff882d8000 	C:\WINDOWS\System32\NSI.dll
0x00007fff7bf30000 - 0x00007fff7bf47000 	C:\WINDOWS\SYSTEM32\dhcpcsvc6.DLL
0x00007fff7cca0000 - 0x00007fff7ccbd000 	C:\WINDOWS\SYSTEM32\dhcpcsvc.DLL
0x00007fff85b40000 - 0x00007fff85c0b000 	C:\WINDOWS\SYSTEM32\DNSAPI.dll
0x00007fff7cf70000 - 0x00007fff7cf7b000 	C:\WINDOWS\SYSTEM32\WINNSI.DLL

VM Arguments:
jvm_args: -Xmx2048m -Dfile.encoding=UTF-8 -Duser.country=RU -Duser.language=ru -Duser.variant 
java_command: org.gradle.launcher.daemon.bootstrap.GradleDaemon 6.5
java_class_path (initial): C:\Users\TechLine\.gradle\wrapper\dists\gradle-6.5-bin\6nifqtx7604sqp1q6g8wikw7p\gradle-6.5\lib\gradle-launcher-6.5.jar
Launcher Type: SUN_STANDARD

Environment Variables:
PATH=C:\Program Files (x86)\Common Files\Oracle\Java\javapath;C:\Windows\system32;C:\Windows;C:\Windows\System32\Wbem;C:\Windows\System32\WindowsPowerShell\v1.0\;C:\Windows\System32\OpenSSH\;C:\Program Files (x86)\NVIDIA Corporation\PhysX\Common;C:\Program Files\NVIDIA Corporation\NVIDIA NvDLISR;C:\Program Files\Java\jdk-14.0.2\bin;C:\Program Files\nodejs\;C:\ProgramData\chocolatey\bin;C:\WINDOWS\system32;C:\WINDOWS;C:\WINDOWS\System32\Wbem;C:\WINDOWS\System32\WindowsPowerShell\v1.0\;C:\WINDOWS\System32\OpenSSH\;D:\Git\cmd;C:\Users\TechLine\AppData\Local\Microsoft\WindowsApps;C:\Program Files\JetBrains\IntelliJ IDEA Community Edition 2020.2.1\bin;C:\Users\TechLine\AppData\Roaming\npm;C:\Users\TechLine\AppData\Local\atom\bin;C:\Users\TechLine\AppData\Local\Microsoft\WindowsApps
USERNAME=TechLine
OS=Windows_NT
PROCESSOR_IDENTIFIER=Intel64 Family 6 Model 142 Stepping 9, GenuineIntel



---------------  S Y S T E M  ---------------

OS: Windows 10.0 , 64 bit Build 19041 (10.0.19041.804)

CPU:total 4 (initial active 4) (2 cores per cpu, 2 threads per core) family 6 model 142 stepping 9, cmov, cx8, fxsr, mmx, sse, sse2, sse3, ssse3, sse4.1, sse4.2, popcnt, avx, avx2, aes, clmul, erms, 3dnowpref, lzcnt, ht, tsc, tscinvbit, bmi1, bmi2, adx

Memory: 4k page, physical 8258788k(301084k free), swap 10355940k(4220k free)

vm_info: OpenJDK 64-Bit Server VM (25.242-b01) for windows-amd64 JRE (1.8.0_242-release-1644-b01), built by "builder" with MS VC++ 10.0 (VS2010)

time: Wed Mar 31 13:30:42 2021
timezone: Беларусь (зима)
elapsed time: 47 seconds (0d 0h 0m 47s)

