#
# There is insufficient memory for the Java Runtime Environment to continue.
# Native memory allocation (malloc) failed to allocate 555376 bytes for Chunk::new
# Possible reasons:
#   The system is out of physical RAM or swap space
#   The process is running with CompressedOops enabled, and the Java Heap may be blocking the growth of the native heap
# Possible solutions:
#   Reduce memory load on the system
#   Increase physical memory or swap space
#   Check if swap backing store is full
#   Decrease Java heap size (-Xmx/-Xms)
#   Decrease number of Java threads
#   Decrease Java thread stack sizes (-Xss)
#   Set larger code cache with -XX:ReservedCodeCacheSize=
#   JVM is running with Unscaled Compressed Oops mode in which the Java heap is
#     placed in the first 4GB address space. The Java Heap base address is the
#     maximum limit for the native heap growth. Please use -XX:HeapBaseMinAddress
#     to set the Java Heap base and to place the Java Heap above 4GB virtual address.
# This output file may be truncated or incomplete.
#
#  Out of Memory Error (allocation.cpp:389), pid=2140, tid=0x00000000000028d8
#
# JRE version: OpenJDK Runtime Environment (8.0_242-b01) (build 1.8.0_242-release-1644-b01)
# Java VM: OpenJDK 64-Bit Server VM (25.242-b01 mixed mode windows-amd64 compressed oops)
# Failed to write core dump. Minidumps are not enabled by default on client versions of Windows
#

---------------  T H R E A D  ---------------

Current thread (0x00000000171f7000):  JavaThread "C2 CompilerThread0" daemon [_thread_in_native, id=10456, stack(0x0000000018870000,0x0000000018970000)]

Stack: [0x0000000018870000,0x0000000018970000]
[error occurred during error reporting (printing stack bounds), id 0xc0000005]

Native frames: (J=compiled Java code, j=interpreted, Vv=VM code, C=native code)


Current CompileTask:
C2:  13822 4649       4       java.lang.Class::privateGetMethodRecursive (130 bytes)


---------------  P R O C E S S  ---------------

Java Threads: ( => current thread )
  0x0000000018dcc800 JavaThread "pool-1-thread-1" [_thread_blocked, id=8752, stack(0x0000000028010000,0x0000000028110000)]
  0x0000000018dc9800 JavaThread "Cache worker for Build Output Cleanup Cache (C:\Users\TechLine\AndroidStudioProjects\BloggerApp\.gradle\buildOutputCleanup)" [_thread_blocked, id=2012, stack(0x0000000028140000,0x0000000028240000)]
  0x0000000018dc9000 JavaThread "jar transforms Thread 92" [_thread_blocked, id=6948, stack(0x0000000027b10000,0x0000000027c10000)]
  0x0000000018dcc000 JavaThread "jar transforms Thread 91" [_thread_blocked, id=4584, stack(0x0000000027a10000,0x0000000027b10000)]
  0x0000000018dc8000 JavaThread "jar transforms Thread 90" [_thread_blocked, id=5052, stack(0x0000000027910000,0x0000000027a10000)]
  0x0000000018dbf000 JavaThread "jar transforms Thread 89" [_thread_blocked, id=5280, stack(0x0000000027810000,0x0000000027910000)]
  0x0000000018dc6000 JavaThread "jar transforms Thread 88" [_thread_blocked, id=9140, stack(0x0000000027710000,0x0000000027810000)]
  0x0000000018dc5000 JavaThread "jar transforms Thread 87" [_thread_blocked, id=10352, stack(0x0000000027610000,0x0000000027710000)]
  0x0000000018dc3000 JavaThread "jar transforms Thread 86" [_thread_blocked, id=9040, stack(0x0000000027510000,0x0000000027610000)]
  0x0000000018dc0800 JavaThread "jar transforms Thread 85" [_thread_blocked, id=11136, stack(0x0000000027410000,0x0000000027510000)]
  0x0000000018dbd800 JavaThread "jar transforms Thread 84" [_thread_blocked, id=1028, stack(0x0000000027310000,0x0000000027410000)]
  0x0000000018dc3800 JavaThread "jar transforms Thread 83" [_thread_blocked, id=2636, stack(0x0000000027210000,0x0000000027310000)]
  0x0000000018dc1800 JavaThread "jar transforms Thread 82" [_thread_blocked, id=11640, stack(0x0000000027110000,0x0000000027210000)]
  0x0000000018dbe800 JavaThread "jar transforms Thread 81" [_thread_blocked, id=11808, stack(0x0000000027010000,0x0000000027110000)]
  0x0000000018dc2000 JavaThread "jar transforms Thread 80" [_thread_blocked, id=3216, stack(0x0000000026f10000,0x0000000027010000)]
  0x0000000018dc0000 JavaThread "jar transforms Thread 79" [_thread_blocked, id=12160, stack(0x0000000026e10000,0x0000000026f10000)]
  0x0000000018dc4800 JavaThread "jar transforms Thread 78" [_thread_blocked, id=7088, stack(0x0000000026d10000,0x0000000026e10000)]
  0x000000001b31b000 JavaThread "jar transforms Thread 77" [_thread_blocked, id=5780, stack(0x0000000026c10000,0x0000000026d10000)]
  0x000000001b31a800 JavaThread "jar transforms Thread 76" [_thread_blocked, id=2552, stack(0x0000000026b10000,0x0000000026c10000)]
  0x000000001b31c800 JavaThread "jar transforms Thread 75" [_thread_blocked, id=10148, stack(0x0000000026a10000,0x0000000026b10000)]
  0x000000001b31c000 JavaThread "jar transforms Thread 74" [_thread_blocked, id=4996, stack(0x0000000026910000,0x0000000026a10000)]
  0x000000001b313000 JavaThread "jar transforms Thread 73" [_thread_blocked, id=9120, stack(0x0000000026810000,0x0000000026910000)]
  0x000000001b319800 JavaThread "jar transforms Thread 72" [_thread_blocked, id=936, stack(0x0000000026710000,0x0000000026810000)]
  0x000000001b319000 JavaThread "jar transforms Thread 71" [_thread_blocked, id=2124, stack(0x0000000026610000,0x0000000026710000)]
  0x000000001b318000 JavaThread "jar transforms Thread 70" [_thread_blocked, id=10372, stack(0x0000000026510000,0x0000000026610000)]
  0x000000001b317800 JavaThread "jar transforms Thread 69" [_thread_blocked, id=9668, stack(0x0000000026410000,0x0000000026510000)]
  0x000000001b316800 JavaThread "jar transforms Thread 68" [_thread_blocked, id=8080, stack(0x0000000026310000,0x0000000026410000)]
  0x000000001b310000 JavaThread "jar transforms Thread 67" [_thread_blocked, id=1552, stack(0x0000000026210000,0x0000000026310000)]
  0x000000001b316000 JavaThread "jar transforms Thread 66" [_thread_blocked, id=7204, stack(0x0000000026110000,0x0000000026210000)]
  0x000000001b312000 JavaThread "jar transforms Thread 65" [_thread_blocked, id=3120, stack(0x0000000026010000,0x0000000026110000)]
  0x000000001b30f000 JavaThread "jar transforms Thread 64" [_thread_blocked, id=10208, stack(0x0000000025f10000,0x0000000026010000)]
  0x000000001b315000 JavaThread "jar transforms Thread 63" [_thread_blocked, id=3400, stack(0x0000000025e10000,0x0000000025f10000)]
  0x000000001b30e800 JavaThread "jar transforms Thread 62" [_thread_blocked, id=9224, stack(0x0000000025d10000,0x0000000025e10000)]
  0x000000001b30d800 JavaThread "jar transforms Thread 61" [_thread_blocked, id=10288, stack(0x0000000025c10000,0x0000000025d10000)]
  0x000000001b310800 JavaThread "jar transforms Thread 60" [_thread_blocked, id=8796, stack(0x0000000025b10000,0x0000000025c10000)]
  0x000000001b311800 JavaThread "jar transforms Thread 59" [_thread_blocked, id=4956, stack(0x0000000025a10000,0x0000000025b10000)]
  0x000000001b314800 JavaThread "jar transforms Thread 58" [_thread_blocked, id=11792, stack(0x0000000025910000,0x0000000025a10000)]
  0x000000001b313800 JavaThread "jar transforms Thread 57" [_thread_blocked, id=3212, stack(0x0000000025810000,0x0000000025910000)]
  0x000000001ec2e800 JavaThread "jar transforms Thread 56" [_thread_blocked, id=8356, stack(0x0000000025710000,0x0000000025810000)]
  0x000000001ec2d800 JavaThread "jar transforms Thread 55" [_thread_blocked, id=2852, stack(0x0000000025610000,0x0000000025710000)]
  0x000000001ec2d000 JavaThread "jar transforms Thread 54" [_thread_blocked, id=7884, stack(0x0000000025510000,0x0000000025610000)]
  0x000000001ec2c000 JavaThread "jar transforms Thread 53" [_thread_blocked, id=5916, stack(0x0000000025410000,0x0000000025510000)]
  0x000000001ec2b800 JavaThread "jar transforms Thread 52" [_thread_blocked, id=5352, stack(0x0000000025310000,0x0000000025410000)]
  0x000000001ec2a800 JavaThread "jar transforms Thread 51" [_thread_blocked, id=11796, stack(0x0000000025210000,0x0000000025310000)]
  0x000000001ec2a000 JavaThread "jar transforms Thread 50" [_thread_blocked, id=808, stack(0x0000000025110000,0x0000000025210000)]
  0x000000001ec22800 JavaThread "jar transforms Thread 49" [_thread_blocked, id=2580, stack(0x0000000025010000,0x0000000025110000)]
  0x000000001ec28800 JavaThread "jar transforms Thread 48" [_thread_blocked, id=11804, stack(0x0000000024f10000,0x0000000025010000)]
  0x000000001ec27000 JavaThread "jar transforms Thread 47" [_thread_blocked, id=7200, stack(0x0000000024e10000,0x0000000024f10000)]
  0x000000001ec29000 JavaThread "jar transforms Thread 46" [_thread_blocked, id=6472, stack(0x0000000024d10000,0x0000000024e10000)]
  0x000000001ec26000 JavaThread "jar transforms Thread 45" [_thread_blocked, id=2172, stack(0x0000000024c10000,0x0000000024d10000)]
  0x000000001ec27800 JavaThread "jar transforms Thread 44" [_thread_blocked, id=2900, stack(0x0000000024b10000,0x0000000024c10000)]
  0x000000001ec24000 JavaThread "jar transforms Thread 43" [_thread_blocked, id=9464, stack(0x0000000024a10000,0x0000000024b10000)]
  0x000000001ec25800 JavaThread "jar transforms Thread 42" [_thread_blocked, id=2844, stack(0x0000000024910000,0x0000000024a10000)]
  0x000000001ec21000 JavaThread "jar transforms Thread 41" [_thread_blocked, id=10752, stack(0x0000000024810000,0x0000000024910000)]
  0x000000001ec1f800 JavaThread "jar transforms Thread 40" [_thread_blocked, id=10424, stack(0x0000000024710000,0x0000000024810000)]
  0x000000001ec20000 JavaThread "jar transforms Thread 39" [_thread_blocked, id=10644, stack(0x0000000024610000,0x0000000024710000)]
  0x000000001ec24800 JavaThread "jar transforms Thread 38" [_thread_blocked, id=11844, stack(0x0000000024510000,0x0000000024610000)]
  0x000000001ec21800 JavaThread "jar transforms Thread 37" [_thread_blocked, id=8784, stack(0x0000000024410000,0x0000000024510000)]
  0x000000001ec23000 JavaThread "jar transforms Thread 36" [_thread_blocked, id=8412, stack(0x0000000024310000,0x0000000024410000)]
  0x000000001b394800 JavaThread "jar transforms Thread 35" [_thread_blocked, id=7208, stack(0x0000000024210000,0x0000000024310000)]
  0x000000001b394000 JavaThread "jar transforms Thread 34" [_thread_blocked, id=12056, stack(0x0000000024110000,0x0000000024210000)]
  0x000000001b393000 JavaThread "jar transforms Thread 33" [_thread_blocked, id=9240, stack(0x0000000024010000,0x0000000024110000)]
  0x000000001b392800 JavaThread "jar transforms Thread 32" [_thread_blocked, id=2332, stack(0x0000000023f10000,0x0000000024010000)]
  0x000000001b391800 JavaThread "jar transforms Thread 31" [_thread_blocked, id=3964, stack(0x0000000023e10000,0x0000000023f10000)]
  0x000000001b391000 JavaThread "jar transforms Thread 30" [_thread_blocked, id=1600, stack(0x0000000023d10000,0x0000000023e10000)]
  0x000000001b389800 JavaThread "jar transforms Thread 29" [_thread_blocked, id=3372, stack(0x0000000023c10000,0x0000000023d10000)]
  0x000000001b390000 JavaThread "jar transforms Thread 28" [_thread_blocked, id=2612, stack(0x0000000023b10000,0x0000000023c10000)]
  0x000000001b38f800 JavaThread "jar transforms Thread 27" [_thread_blocked, id=10420, stack(0x0000000023a10000,0x0000000023b10000)]
  0x000000001b388000 JavaThread "jar transforms Thread 26" [_thread_blocked, id=7924, stack(0x0000000023910000,0x0000000023a10000)]
  0x000000001b38e800 JavaThread "jar transforms Thread 25" [_thread_blocked, id=3864, stack(0x0000000023810000,0x0000000023910000)]
  0x000000001b387000 JavaThread "jar transforms Thread 24" [_thread_blocked, id=1964, stack(0x0000000023710000,0x0000000023810000)]
  0x000000001b38e000 JavaThread "jar transforms Thread 23" [_thread_blocked, id=5560, stack(0x0000000023610000,0x0000000023710000)]
  0x000000001b386800 JavaThread "jar transforms Thread 22" [_thread_blocked, id=2556, stack(0x0000000023510000,0x0000000023610000)]
  0x000000001b388800 JavaThread "jar transforms Thread 21" [_thread_blocked, id=3728, stack(0x0000000023410000,0x0000000023510000)]
  0x000000001b38b800 JavaThread "jar transforms Thread 20" [_thread_blocked, id=1592, stack(0x0000000023310000,0x0000000023410000)]
  0x000000001b38a000 JavaThread "jar transforms Thread 19" [_thread_blocked, id=10264, stack(0x0000000023210000,0x0000000023310000)]
  0x000000001b38d000 JavaThread "jar transforms Thread 18" [_thread_blocked, id=3344, stack(0x0000000023110000,0x0000000023210000)]
  0x000000001b38c800 JavaThread "jar transforms Thread 17" [_thread_blocked, id=11488, stack(0x0000000023010000,0x0000000023110000)]
  0x000000001b38b000 JavaThread "jar transforms Thread 16" [_thread_blocked, id=604, stack(0x0000000022f10000,0x0000000023010000)]
  0x000000001b385800 JavaThread "jar transforms Thread 15" [_thread_blocked, id=2496, stack(0x0000000022e10000,0x0000000022f10000)]
  0x000000001f432800 JavaThread "jar transforms Thread 14" [_thread_blocked, id=11284, stack(0x0000000022d10000,0x0000000022e10000)]
  0x000000001f432000 JavaThread "jar transforms Thread 13" [_thread_blocked, id=9728, stack(0x0000000022c10000,0x0000000022d10000)]
  0x000000001f431000 JavaThread "jar transforms Thread 12" [_thread_blocked, id=8992, stack(0x0000000022b10000,0x0000000022c10000)]
  0x000000001f433800 JavaThread "jar transforms Thread 11" [_thread_blocked, id=4112, stack(0x0000000022a10000,0x0000000022b10000)]
  0x000000001f42f800 JavaThread "jar transforms Thread 10" [_thread_blocked, id=7104, stack(0x0000000022810000,0x0000000022910000)]
  0x000000001f42f000 JavaThread "jar transforms Thread 9" [_thread_blocked, id=4792, stack(0x0000000022710000,0x0000000022810000)]
  0x000000001f430800 JavaThread "jar transforms Thread 8" [_thread_blocked, id=12024, stack(0x0000000022610000,0x0000000022710000)]
  0x000000001f42e000 JavaThread "jar transforms Thread 7" [_thread_blocked, id=2080, stack(0x0000000022510000,0x0000000022610000)]
  0x000000001f426800 JavaThread "jar transforms Thread 6" [_thread_blocked, id=3200, stack(0x0000000022410000,0x0000000022510000)]
  0x000000001f42d800 JavaThread "jar transforms Thread 5" [_thread_blocked, id=5428, stack(0x0000000022310000,0x0000000022410000)]
  0x000000001f42c800 JavaThread "jar transforms Thread 4" [_thread_blocked, id=6404, stack(0x0000000022210000,0x0000000022310000)]
  0x000000001f425000 JavaThread "jar transforms Thread 3" [_thread_blocked, id=8320, stack(0x0000000022110000,0x0000000022210000)]
  0x000000001f42c000 JavaThread "jar transforms Thread 2" [_thread_blocked, id=7424, stack(0x0000000022010000,0x0000000022110000)]
  0x000000001f424800 JavaThread "Build operations Thread 4" [_thread_blocked, id=11580, stack(0x0000000021f10000,0x0000000022010000)]
  0x000000001f429800 JavaThread "Build operations Thread 3" [_thread_blocked, id=2484, stack(0x0000000021e10000,0x0000000021f10000)]
  0x000000001f428000 JavaThread "Build operations Thread 2" [_thread_blocked, id=5820, stack(0x0000000021d10000,0x0000000021e10000)]
  0x000000001f427800 JavaThread "Build operations" [_thread_blocked, id=7184, stack(0x0000000021c10000,0x0000000021d10000)]
  0x000000001af45000 JavaThread "Cache worker for file content cache (C:\Users\TechLine\.gradle\caches\6.5\fileContent)" [_thread_blocked, id=6732, stack(0x0000000021510000,0x0000000021610000)]
  0x000000001af44800 JavaThread "jar transforms" [_thread_blocked, id=11840, stack(0x0000000021410000,0x0000000021510000)]
  0x000000001af4b000 JavaThread "Cache worker for execution history cache (C:\Users\TechLine\.gradle\caches\6.5\executionHistory)" [_thread_blocked, id=6616, stack(0x0000000020d10000,0x0000000020e10000)]
  0x000000001af4a800 JavaThread "Cache worker for cache directory md-rule (C:\Users\TechLine\.gradle\caches\6.5\md-rule)" [_thread_blocked, id=8272, stack(0x0000000020c10000,0x0000000020d10000)]
  0x000000001af48000 JavaThread "Cache worker for cache directory md-supplier (C:\Users\TechLine\.gradle\caches\6.5\md-supplier)" [_thread_blocked, id=9912, stack(0x0000000020b10000,0x0000000020c10000)]
  0x000000001af49800 JavaThread "Cache worker for checksums cache (C:\Users\TechLine\AndroidStudioProjects\BloggerApp\.gradle\checksums)" [_thread_blocked, id=10400, stack(0x000000001f7a0000,0x000000001f8a0000)]
  0x000000001af46000 JavaThread "Cache worker for file hash cache (C:\Users\TechLine\AndroidStudioProjects\BloggerApp\.gradle\6.5\fileHashes)" [_thread_blocked, id=10496, stack(0x000000001f4a0000,0x000000001f5a0000)]
  0x000000001af47800 JavaThread "Cache worker for file hash cache (C:\Users\TechLine\.gradle\caches\6.5\fileHashes)" [_thread_blocked, id=4884, stack(0x000000001d200000,0x000000001d300000)]
  0x000000001af46800 JavaThread "File lock request listener" [_thread_in_native, id=9312, stack(0x000000001d100000,0x000000001d200000)]
  0x000000001af49000 JavaThread "Cache worker for journal cache (C:\Users\TechLine\.gradle\caches\journal-1)" [_thread_blocked, id=3336, stack(0x000000001d000000,0x000000001d100000)]
  0x0000000019464800 JavaThread "Thread-9" [_thread_blocked, id=1372, stack(0x000000001cd00000,0x000000001ce00000)]
  0x000000001a7ea800 JavaThread "Stdin handler" [_thread_blocked, id=11140, stack(0x000000001cc00000,0x000000001cd00000)]
  0x00000000193f7000 JavaThread "Asynchronous log dispatcher for DefaultDaemonConnection: socket connection from /127.0.0.1:56703 to /127.0.0.1:56704" [_thread_blocked, id=8880, stack(0x000000001cb00000,0x000000001cc00000)]
  0x000000001ae20800 JavaThread "Daemon worker" [_thread_in_native, id=5864, stack(0x000000001ca00000,0x000000001cb00000)]
  0x000000001ae1f000 JavaThread "Cancel handler" [_thread_blocked, id=2076, stack(0x000000001c900000,0x000000001ca00000)]
  0x000000001ada8800 JavaThread "Handler for socket connection from /127.0.0.1:56703 to /127.0.0.1:56704" [_thread_in_native, id=5580, stack(0x000000001c600000,0x000000001c700000)]
  0x000000001ae0f000 JavaThread "Daemon" [_thread_blocked, id=4048, stack(0x000000001c500000,0x000000001c600000)]
  0x000000001ae00800 JavaThread "Daemon periodic checks" [_thread_blocked, id=7172, stack(0x000000001c400000,0x000000001c500000)]
  0x000000001ad84800 JavaThread "Incoming local TCP Connector on port 56703" [_thread_in_native, id=7640, stack(0x000000001c1b0000,0x000000001c2b0000)]
  0x000000001941c000 JavaThread "Daemon health stats" [_thread_blocked, id=7328, stack(0x000000001bb70000,0x000000001bc70000)]
  0x0000000018b71800 JavaThread "Service Thread" daemon [_thread_blocked, id=7560, stack(0x0000000018f70000,0x0000000019070000)]
  0x000000001724d800 JavaThread "C1 CompilerThread2" daemon [_thread_blocked, id=2276, stack(0x0000000018a70000,0x0000000018b70000)]
  0x00000000171fb000 JavaThread "C2 CompilerThread1" daemon [_thread_in_native, id=3264, stack(0x0000000018970000,0x0000000018a70000)]
=>0x00000000171f7000 JavaThread "C2 CompilerThread0" daemon [_thread_in_native, id=10456, stack(0x0000000018870000,0x0000000018970000)]
  0x00000000171f5000 JavaThread "Attach Listener" daemon [_thread_blocked, id=7036, stack(0x0000000018770000,0x0000000018870000)]
  0x00000000171f4000 JavaThread "Signal Dispatcher" daemon [_thread_blocked, id=7840, stack(0x0000000018670000,0x0000000018770000)]
  0x00000000024c9800 JavaThread "Finalizer" daemon [_thread_blocked, id=11208, stack(0x0000000018460000,0x0000000018560000)]
  0x00000000024c1000 JavaThread "Reference Handler" daemon [_thread_blocked, id=9292, stack(0x0000000018360000,0x0000000018460000)]
  0x00000000025cd800 JavaThread "main" [_thread_blocked, id=4680, stack(0x0000000002280000,0x0000000002380000)]

Other Threads:
  0x00000000171b6800 VMThread [stack: 0x0000000018260000,0x0000000018360000] [id=11332]
  0x0000000018b72000 WatcherThread [stack: 0x0000000019070000,0x0000000019170000] [id=10192]

VM state:not at safepoint (normal execution)

VM Mutex/Monitor currently owned by a thread: None

heap address: 0x0000000080000000, size: 2048 MB, Compressed Oops mode: 32-bit
Narrow klass base: 0x0000000000000000, Narrow klass shift: 3
Compressed class space size: 1073741824 Address: 0x0000000100000000

Heap:
 PSYoungGen      total 135680K, used 130651K [0x00000000d5580000, 0x00000000de980000, 0x0000000100000000)
  eden space 126976K, 96% used [0x00000000d5580000,0x00000000dcc98aa8,0x00000000dd180000)
  from space 8704K, 99% used [0x00000000de100000,0x00000000de97e2d8,0x00000000de980000)
  to   space 11264K, 0% used [0x00000000dd380000,0x00000000dd380000,0x00000000dde80000)
 ParOldGen       total 65536K, used 18117K [0x0000000080000000, 0x0000000084000000, 0x00000000d5580000)
  object space 65536K, 27% used [0x0000000080000000,0x00000000811b1728,0x0000000084000000)
 Metaspace       used 50801K, capacity 52816K, committed 53032K, reserved 1097728K
  class space    used 6800K, capacity 7212K, committed 7216K, reserved 1048576K

Card table byte_map: [0x0000000011990000,0x0000000011da0000] byte_map_base: 0x0000000011590000

Marking Bits: (ParMarkBitMap*) 0x00000000777ef030
 Begin Bits: [0x0000000012450000, 0x0000000014450000)
 End Bits:   [0x0000000014450000, 0x0000000016450000)

Polling page: 0x0000000002380000

CodeCache: size=245760Kb used=14667Kb max_used=14667Kb free=231092Kb
 bounds [0x00000000025d0000, 0x0000000003430000, 0x00000000115d0000]
 total_blobs=5009 nmethods=4247 adapters=674
 compilation: enabled

Compilation events (10 events):
Event: 13.790 Thread 0x000000001724d800 4661       3       java.util.LinkedList$ListItr::hasPrevious (13 bytes)
Event: 13.790 Thread 0x000000001724d800 nmethod 4661 0x000000000341ba90 code [0x000000000341bbe0, 0x000000000341bd90]
Event: 13.794 Thread 0x000000001724d800 4662       3       java.beans.PropertyDescriptor::<init> (112 bytes)
Event: 13.794 Thread 0x000000001724d800 nmethod 4662 0x00000000034298d0 code [0x0000000003429aa0, 0x000000000342a228]
Event: 13.794 Thread 0x000000001724d800 4663   !   3       java.beans.PropertyDescriptor::updateGenericsFor (37 bytes)
Event: 13.796 Thread 0x000000001724d800 nmethod 4663 0x000000000342a510 code [0x000000000342a780, 0x000000000342b8f8]
Event: 13.804 Thread 0x000000001724d800 4664       3       java.util.LinkedList::addFirst (6 bytes)
Event: 13.804 Thread 0x000000001724d800 nmethod 4664 0x0000000003422050 code [0x00000000034221c0, 0x0000000003422348]
Event: 13.804 Thread 0x000000001724d800 4665       3       java.util.LinkedList::linkFirst (59 bytes)
Event: 13.805 Thread 0x000000001724d800 nmethod 4665 0x000000000342c190 code [0x000000000342c300, 0x000000000342c650]

GC Heap History (10 events):
Event: 5.239 GC heap before
{Heap before GC invocations=8 (full 1):
 PSYoungGen      total 76800K, used 3636K [0x00000000d5580000, 0x00000000deb80000, 0x0000000100000000)
  eden space 66048K, 0% used [0x00000000d5580000,0x00000000d5580000,0x00000000d9600000)
  from space 10752K, 33% used [0x00000000d9600000,0x00000000d998d040,0x00000000da080000)
  to   space 10752K, 0% used [0x00000000de100000,0x00000000de100000,0x00000000deb80000)
 ParOldGen       total 87552K, used 8916K [0x0000000080000000, 0x0000000085580000, 0x00000000d5580000)
  object space 87552K, 10% used [0x0000000080000000,0x00000000808b52f0,0x0000000085580000)
 Metaspace       used 20574K, capacity 21236K, committed 21296K, reserved 1067008K
  class space    used 2872K, capacity 3080K, committed 3120K, reserved 1048576K
Event: 5.299 GC heap after
Heap after GC invocations=8 (full 1):
 PSYoungGen      total 76800K, used 0K [0x00000000d5580000, 0x00000000deb80000, 0x0000000100000000)
  eden space 66048K, 0% used [0x00000000d5580000,0x00000000d5580000,0x00000000d9600000)
  from space 10752K, 0% used [0x00000000d9600000,0x00000000d9600000,0x00000000da080000)
  to   space 10752K, 0% used [0x00000000de100000,0x00000000de100000,0x00000000deb80000)
 ParOldGen       total 46592K, used 6634K [0x0000000080000000, 0x0000000082d80000, 0x00000000d5580000)
  object space 46592K, 14% used [0x0000000080000000,0x000000008067a870,0x0000000082d80000)
 Metaspace       used 20574K, capacity 21236K, committed 21296K, reserved 1067008K
  class space    used 2872K, capacity 3080K, committed 3120K, reserved 1048576K
}
Event: 6.534 GC heap before
{Heap before GC invocations=9 (full 1):
 PSYoungGen      total 76800K, used 66048K [0x00000000d5580000, 0x00000000deb80000, 0x0000000100000000)
  eden space 66048K, 100% used [0x00000000d5580000,0x00000000d9600000,0x00000000d9600000)
  from space 10752K, 0% used [0x00000000d9600000,0x00000000d9600000,0x00000000da080000)
  to   space 10752K, 0% used [0x00000000de100000,0x00000000de100000,0x00000000deb80000)
 ParOldGen       total 46592K, used 6634K [0x0000000080000000, 0x0000000082d80000, 0x00000000d5580000)
  object space 46592K, 14% used [0x0000000080000000,0x000000008067a870,0x0000000082d80000)
 Metaspace       used 28785K, capacity 29638K, committed 29872K, reserved 1075200K
  class space    used 3987K, capacity 4229K, committed 4272K, reserved 1048576K
Event: 6.546 GC heap after
Heap after GC invocations=9 (full 1):
 PSYoungGen      total 135680K, used 8497K [0x00000000d5580000, 0x00000000de980000, 0x0000000100000000)
  eden space 126976K, 0% used [0x00000000d5580000,0x00000000d5580000,0x00000000dd180000)
  from space 8704K, 97% used [0x00000000de100000,0x00000000de94c628,0x00000000de980000)
  to   space 11264K, 0% used [0x00000000dd380000,0x00000000dd380000,0x00000000dde80000)
 ParOldGen       total 46592K, used 6642K [0x0000000080000000, 0x0000000082d80000, 0x00000000d5580000)
  object space 46592K, 14% used [0x0000000080000000,0x000000008067c870,0x0000000082d80000)
 Metaspace       used 28785K, capacity 29638K, committed 29872K, reserved 1075200K
  class space    used 3987K, capacity 4229K, committed 4272K, reserved 1048576K
}
Event: 8.162 GC heap before
{Heap before GC invocations=10 (full 1):
 PSYoungGen      total 135680K, used 103355K [0x00000000d5580000, 0x00000000de980000, 0x0000000100000000)
  eden space 126976K, 74% used [0x00000000d5580000,0x00000000db222600,0x00000000dd180000)
  from space 8704K, 97% used [0x00000000de100000,0x00000000de94c628,0x00000000de980000)
  to   space 11264K, 0% used [0x00000000dd380000,0x00000000dd380000,0x00000000dde80000)
 ParOldGen       total 46592K, used 6642K [0x0000000080000000, 0x0000000082d80000, 0x00000000d5580000)
  object space 46592K, 14% used [0x0000000080000000,0x000000008067c870,0x0000000082d80000)
 Metaspace       used 34359K, capacity 35432K, committed 35496K, reserved 1079296K
  class space    used 4728K, capacity 5007K, committed 5040K, reserved 1048576K
Event: 8.181 GC heap after
Heap after GC invocations=10 (full 1):
 PSYoungGen      total 138240K, used 11094K [0x00000000d5580000, 0x00000000de980000, 0x0000000100000000)
  eden space 126976K, 0% used [0x00000000d5580000,0x00000000d5580000,0x00000000dd180000)
  from space 11264K, 98% used [0x00000000dd380000,0x00000000dde55970,0x00000000dde80000)
  to   space 8704K, 0% used [0x00000000de100000,0x00000000de100000,0x00000000de980000)
 ParOldGen       total 46592K, used 6650K [0x0000000080000000, 0x0000000082d80000, 0x00000000d5580000)
  object space 46592K, 14% used [0x0000000080000000,0x000000008067e870,0x0000000082d80000)
 Metaspace       used 34359K, capacity 35432K, committed 35496K, reserved 1079296K
  class space    used 4728K, capacity 5007K, committed 5040K, reserved 1048576K
}
Event: 8.181 GC heap before
{Heap before GC invocations=11 (full 2):
 PSYoungGen      total 138240K, used 11094K [0x00000000d5580000, 0x00000000de980000, 0x0000000100000000)
  eden space 126976K, 0% used [0x00000000d5580000,0x00000000d5580000,0x00000000dd180000)
  from space 11264K, 98% used [0x00000000dd380000,0x00000000dde55970,0x00000000dde80000)
  to   space 8704K, 0% used [0x00000000de100000,0x00000000de100000,0x00000000de980000)
 ParOldGen       total 46592K, used 6650K [0x0000000080000000, 0x0000000082d80000, 0x00000000d5580000)
  object space 46592K, 14% used [0x0000000080000000,0x000000008067e870,0x0000000082d80000)
 Metaspace       used 34359K, capacity 35432K, committed 35496K, reserved 1079296K
  class space    used 4728K, capacity 5007K, committed 5040K, reserved 1048576K
Event: 8.316 GC heap after
Heap after GC invocations=11 (full 2):
 PSYoungGen      total 138240K, used 0K [0x00000000d5580000, 0x00000000de980000, 0x0000000100000000)
  eden space 126976K, 0% used [0x00000000d5580000,0x00000000d5580000,0x00000000dd180000)
  from space 11264K, 0% used [0x00000000dd380000,0x00000000dd380000,0x00000000dde80000)
  to   space 8704K, 0% used [0x00000000de100000,0x00000000de100000,0x00000000de980000)
 ParOldGen       total 65536K, used 17293K [0x0000000080000000, 0x0000000084000000, 0x00000000d5580000)
  object space 65536K, 26% used [0x0000000080000000,0x00000000810e3648,0x0000000084000000)
 Metaspace       used 34359K, capacity 35432K, committed 35496K, reserved 1079296K
  class space    used 4728K, capacity 5007K, committed 5040K, reserved 1048576K
}
Event: 10.953 GC heap before
{Heap before GC invocations=12 (full 2):
 PSYoungGen      total 138240K, used 126976K [0x00000000d5580000, 0x00000000de980000, 0x0000000100000000)
  eden space 126976K, 100% used [0x00000000d5580000,0x00000000dd180000,0x00000000dd180000)
  from space 11264K, 0% used [0x00000000dd380000,0x00000000dd380000,0x00000000dde80000)
  to   space 8704K, 0% used [0x00000000de100000,0x00000000de100000,0x00000000de980000)
 ParOldGen       total 65536K, used 17293K [0x0000000080000000, 0x0000000084000000, 0x00000000d5580000)
  object space 65536K, 26% used [0x0000000080000000,0x00000000810e3648,0x0000000084000000)
 Metaspace       used 39888K, capacity 41640K, committed 41768K, reserved 1085440K
  class space    used 5505K, capacity 5914K, committed 5936K, reserved 1048576K
Event: 10.965 GC heap after
Heap after GC invocations=12 (full 2):
 PSYoungGen      total 135680K, used 8696K [0x00000000d5580000, 0x00000000de980000, 0x0000000100000000)
  eden space 126976K, 0% used [0x00000000d5580000,0x00000000d5580000,0x00000000dd180000)
  from space 8704K, 99% used [0x00000000de100000,0x00000000de97e2d8,0x00000000de980000)
  to   space 11264K, 0% used [0x00000000dd380000,0x00000000dd380000,0x00000000dde80000)
 ParOldGen       total 65536K, used 18117K [0x0000000080000000, 0x0000000084000000, 0x00000000d5580000)
  object space 65536K, 27% used [0x0000000080000000,0x00000000811b1728,0x0000000084000000)
 Metaspace       used 39888K, capacity 41640K, committed 41768K, reserved 1085440K
  class space    used 5505K, capacity 5914K, committed 5936K, reserved 1048576K
}

Deoptimization events (10 events):
Event: 12.545 Thread 0x000000001ae20800 Uncommon trap: reason=bimorphic action=maybe_recompile pc=0x00000000031cb48c method=java.util.regex.Pattern$CharProperty.match(Ljava/util/regex/Matcher;ILjava/lang/CharSequence;)Z @ 18
Event: 12.545 Thread 0x000000001ae20800 Uncommon trap: reason=bimorphic action=maybe_recompile pc=0x00000000031cb48c method=java.util.regex.Pattern$CharProperty.match(Ljava/util/regex/Matcher;ILjava/lang/CharSequence;)Z @ 18
Event: 12.545 Thread 0x000000001ae20800 Uncommon trap: reason=bimorphic action=maybe_recompile pc=0x00000000031cb48c method=java.util.regex.Pattern$CharProperty.match(Ljava/util/regex/Matcher;ILjava/lang/CharSequence;)Z @ 18
Event: 12.573 Thread 0x000000001ae20800 Uncommon trap: reason=bimorphic action=maybe_recompile pc=0x00000000031cb48c method=java.util.regex.Pattern$CharProperty.match(Ljava/util/regex/Matcher;ILjava/lang/CharSequence;)Z @ 18
Event: 12.839 Thread 0x000000001ae20800 Uncommon trap: reason=unstable_if action=reinterpret pc=0x000000000302e2b0 method=org.gradle.internal.reflect.PropertyAccessorType.of(Ljava/lang/reflect/Method;)Lorg/gradle/internal/reflect/PropertyAccessorType; @ 56
Event: 13.493 Thread 0x000000001ae20800 Uncommon trap: reason=unstable_if action=reinterpret pc=0x0000000002c9ecb4 method=com.sun.org.apache.xerces.internal.impl.XMLEntityScanner.checkBeforeLoad(Lcom/sun/xml/internal/stream/Entity$ScannedEntity;II)I @ 18
Event: 13.609 Thread 0x000000001ae20800 Uncommon trap: reason=unstable_if action=reinterpret pc=0x00000000027d1e30 method=org.gradle.internal.instantiation.generator.AbstractClassGenerator$InjectionAnnotationValidator.validateMethod(Ljava/lang/reflect/Method;Lorg/gradle/internal/reflect/Propert
Event: 13.609 Thread 0x000000001ae20800 Uncommon trap: reason=unstable_if action=reinterpret pc=0x0000000002bacd44 method=org.gradle.internal.instantiation.generator.AbstractClassGenerator$InjectionAnnotationValidator.validateMethod(Ljava/lang/reflect/Method;Lorg/gradle/internal/reflect/Propert
Event: 13.712 Thread 0x000000001ae20800 Uncommon trap: reason=null_check action=make_not_entrant pc=0x0000000002d9a35c method=java.lang.Class.searchMethods([Ljava/lang/reflect/Method;Ljava/lang/String;[Ljava/lang/Class;)Ljava/lang/reflect/Method; @ 59
Event: 13.776 Thread 0x000000001ae20800 Uncommon trap: reason=class_check action=maybe_recompile pc=0x0000000002d365a8 method=java.util.WeakHashMap.eq(Ljava/lang/Object;Ljava/lang/Object;)Z @ 7

Classes redefined (0 events):
No events

Internal exceptions (10 events):
Event: 13.795 Thread 0x000000001ae20800 Exception <a 'java/lang/ClassNotFoundException': com/android/build/gradle/internal/dsl/BuildTypeCustomizer> (0x00000000dc776150) thrown at [C:\src\AOSP-openjdk-git\hotspot\src\share\vm\classfile\systemDictionary.cpp, line 210]
Event: 13.799 Thread 0x000000001ae20800 Exception <a 'java/lang/ClassNotFoundException': com/android/build/gradle/internal/dsl/BuildType_DecoratedCustomizer> (0x00000000dc843fe8) thrown at [C:\src\AOSP-openjdk-git\hotspot\src\share\vm\classfile\systemDictionary.cpp, line 210]
Event: 13.805 Thread 0x000000001ae20800 Exception <a 'java/lang/ClassNotFoundException': build_bpzgzbm7gs6irrnc26k0mza9p$_run_closure1$_closure4BeanInfo> (0x00000000dc9317a0) thrown at [C:\src\AOSP-openjdk-git\hotspot\src\share\vm\classfile\systemDictionary.cpp, line 210]
Event: 13.806 Thread 0x000000001ae20800 Exception <a 'java/lang/ClassNotFoundException': build_bpzgzbm7gs6irrnc26k0mza9p$_run_closure1$_closure4Customizer> (0x00000000dc942f40) thrown at [C:\src\AOSP-openjdk-git\hotspot\src\share\vm\classfile\systemDictionary.cpp, line 210]
Event: 13.808 Thread 0x000000001ae20800 Exception <a 'java/lang/ClassNotFoundException': build_bpzgzbm7gs6irrnc26k0mza9p$_run_closure1BeanInfo> (0x00000000dc96c9e0) thrown at [C:\src\AOSP-openjdk-git\hotspot\src\share\vm\classfile\systemDictionary.cpp, line 210]
Event: 13.809 Thread 0x000000001ae20800 Exception <a 'java/lang/ClassNotFoundException': build_bpzgzbm7gs6irrnc26k0mza9p$_run_closure1Customizer> (0x00000000dc97d748) thrown at [C:\src\AOSP-openjdk-git\hotspot\src\share\vm\classfile\systemDictionary.cpp, line 210]
Event: 13.814 Thread 0x000000001ae20800 Exception <a 'java/lang/ClassNotFoundException': org/gradle/api/JavaVersionBeanInfo> (0x00000000dc9e91d8) thrown at [C:\src\AOSP-openjdk-git\hotspot\src\share\vm\classfile\systemDictionary.cpp, line 210]
Event: 13.815 Thread 0x000000001ae20800 Exception <a 'java/lang/ClassNotFoundException': java/lang/EnumBeanInfo> (0x00000000dc9f3028) thrown at [C:\src\AOSP-openjdk-git\hotspot\src\share\vm\classfile\systemDictionary.cpp, line 210]
Event: 13.815 Thread 0x000000001ae20800 Exception <a 'java/lang/ClassNotFoundException': java/lang/EnumCustomizer> (0x00000000dc9fd2d0) thrown at [C:\src\AOSP-openjdk-git\hotspot\src\share\vm\classfile\systemDictionary.cpp, line 210]
Event: 13.819 Thread 0x000000001ae20800 Exception <a 'java/lang/ClassNotFoundException': org/gradle/api/JavaVersionCustomizer> (0x00000000dca32398) thrown at [C:\src\AOSP-openjdk-git\hotspot\src\share\vm\classfile\systemDictionary.cpp, line 210]

Events (10 events):
Event: 13.815 loading class java/lang/EnumCustomizer
Event: 13.815 loading class java/lang/EnumCustomizer done
Event: 13.815 loading class org/gradle/api/JavaVersionCustomizer
Event: 13.815 loading class org/gradle/api/JavaVersionCustomizer done
Event: 13.816 loading class org/gradle/api/JavaVersionCustomizer
Event: 13.816 loading class org/gradle/api/JavaVersionCustomizer done
Event: 13.816 loading class org/gradle/api/JavaVersionCustomizer
Event: 13.816 loading class org/gradle/api/JavaVersionCustomizer done
Event: 13.819 loading class org/gradle/api/JavaVersionCustomizer
Event: 13.819 loading class org/gradle/api/JavaVersionCustomizer done


Dynamic libraries:
0x00007ff738f70000 - 0x00007ff738fa1000 	D:\AndroidStudio\jre\bin\java.exe
0x00007ff9dc910000 - 0x00007ff9dcb05000 	C:\WINDOWS\SYSTEM32\ntdll.dll
0x00007ff9db700000 - 0x00007ff9db7bd000 	C:\WINDOWS\System32\KERNEL32.DLL
0x00007ff9da3c0000 - 0x00007ff9da689000 	C:\WINDOWS\System32\KERNELBASE.dll
0x00007ff9dc1a0000 - 0x00007ff9dc24c000 	C:\WINDOWS\System32\ADVAPI32.dll
0x00007ff9db230000 - 0x00007ff9db2ce000 	C:\WINDOWS\System32\msvcrt.dll
0x00007ff9da970000 - 0x00007ff9daa0c000 	C:\WINDOWS\System32\sechost.dll
0x00007ff9db2f0000 - 0x00007ff9db41b000 	C:\WINDOWS\System32\RPCRT4.dll
0x00007ff9daa10000 - 0x00007ff9dabb0000 	C:\WINDOWS\System32\USER32.dll
0x00007ff9da050000 - 0x00007ff9da072000 	C:\WINDOWS\System32\win32u.dll
0x00007ff9db8d0000 - 0x00007ff9db8fa000 	C:\WINDOWS\System32\GDI32.dll
0x00007ff9da860000 - 0x00007ff9da96b000 	C:\WINDOWS\System32\gdi32full.dll
0x00007ff9da690000 - 0x00007ff9da72d000 	C:\WINDOWS\System32\msvcp_win.dll
0x00007ff9da080000 - 0x00007ff9da180000 	C:\WINDOWS\System32\ucrtbase.dll
0x00007ff9bc4e0000 - 0x00007ff9bc77a000 	C:\WINDOWS\WinSxS\amd64_microsoft.windows.common-controls_6595b64144ccf1df_6.0.19041.844_none_ca00b6081b84eb1d\COMCTL32.dll
0x00007ff9daf10000 - 0x00007ff9daf40000 	C:\WINDOWS\System32\IMM32.DLL
0x00000000503a0000 - 0x0000000050472000 	D:\AndroidStudio\jre\jre\bin\msvcr100.dll
0x0000000077020000 - 0x000000007786b000 	D:\AndroidStudio\jre\jre\bin\server\jvm.dll
0x00007ff9db8b0000 - 0x00007ff9db8b8000 	C:\WINDOWS\System32\PSAPI.DLL
0x00007ff9d2570000 - 0x00007ff9d2579000 	C:\WINDOWS\SYSTEM32\WSOCK32.dll
0x00007ff9db420000 - 0x00007ff9db48b000 	C:\WINDOWS\System32\WS2_32.dll
0x00007ff9be340000 - 0x00007ff9be367000 	C:\WINDOWS\SYSTEM32\WINMM.dll
0x00007ff9d7f40000 - 0x00007ff9d7f4a000 	C:\WINDOWS\SYSTEM32\VERSION.dll
0x00007ff9d2530000 - 0x00007ff9d253f000 	D:\AndroidStudio\jre\jre\bin\verify.dll
0x00007ff9d1140000 - 0x00007ff9d1169000 	D:\AndroidStudio\jre\jre\bin\java.dll
0x00007ff9d10a0000 - 0x00007ff9d10b6000 	D:\AndroidStudio\jre\jre\bin\zip.dll
0x00007ff9db900000 - 0x00007ff9dc042000 	C:\WINDOWS\System32\SHELL32.dll
0x00007ff9d81b0000 - 0x00007ff9d8940000 	C:\WINDOWS\SYSTEM32\windows.storage.dll
0x00007ff9dabb0000 - 0x00007ff9daf05000 	C:\WINDOWS\System32\combase.dll
0x00007ff9d9ac0000 - 0x00007ff9d9aec000 	C:\WINDOWS\SYSTEM32\Wldp.dll
0x00007ff9daf40000 - 0x00007ff9dafee000 	C:\WINDOWS\System32\SHCORE.dll
0x00007ff9dc140000 - 0x00007ff9dc195000 	C:\WINDOWS\System32\shlwapi.dll
0x00007ff9d9f90000 - 0x00007ff9d9faf000 	C:\WINDOWS\SYSTEM32\profapi.dll
0x00007ff9d10e0000 - 0x00007ff9d10fa000 	D:\AndroidStudio\jre\jre\bin\net.dll
0x00007ff9d9840000 - 0x00007ff9d98aa000 	C:\WINDOWS\system32\mswsock.dll
0x00007ff9d10c0000 - 0x00007ff9d10d3000 	D:\AndroidStudio\jre\jre\bin\nio.dll
0x00007ff9d1100000 - 0x00007ff9d1127000 	C:\Users\TechLine\.gradle\native\f6784746aeab05261644944871eae4fe03e0ef1612fff0a4a95f87b438bc6780\windows-amd64\native-platform.dll
0x00007ff9d1130000 - 0x00007ff9d113d000 	D:\AndroidStudio\jre\jre\bin\management.dll
0x00007ff9d9a20000 - 0x00007ff9d9a38000 	C:\WINDOWS\SYSTEM32\CRYPTSP.dll
0x00007ff9d9170000 - 0x00007ff9d91a4000 	C:\WINDOWS\system32\rsaenh.dll
0x00007ff9da7e0000 - 0x00007ff9da807000 	C:\WINDOWS\System32\bcrypt.dll
0x00007ff9d9f10000 - 0x00007ff9d9f3e000 	C:\WINDOWS\SYSTEM32\USERENV.dll
0x00007ff9da340000 - 0x00007ff9da3c0000 	C:\WINDOWS\System32\bcryptprimitives.dll
0x00007ff9d9a10000 - 0x00007ff9d9a1c000 	C:\WINDOWS\SYSTEM32\CRYPTBASE.dll
0x00007ff9d94e0000 - 0x00007ff9d951b000 	C:\WINDOWS\SYSTEM32\IPHLPAPI.DLL
0x00007ff9dc050000 - 0x00007ff9dc058000 	C:\WINDOWS\System32\NSI.dll
0x00007ff9cee70000 - 0x00007ff9cee87000 	C:\WINDOWS\SYSTEM32\dhcpcsvc6.DLL
0x00007ff9cf6b0000 - 0x00007ff9cf6cd000 	C:\WINDOWS\SYSTEM32\dhcpcsvc.DLL
0x00007ff9d9520000 - 0x00007ff9d95eb000 	C:\WINDOWS\SYSTEM32\DNSAPI.dll
0x00007ff9d0a70000 - 0x00007ff9d0a7b000 	C:\WINDOWS\SYSTEM32\WINNSI.DLL

VM Arguments:
jvm_args: -Xmx2048m -Dfile.encoding=UTF-8 -Duser.country=RU -Duser.language=ru -Duser.variant 
java_command: org.gradle.launcher.daemon.bootstrap.GradleDaemon 6.5
java_class_path (initial): C:\Users\TechLine\.gradle\wrapper\dists\gradle-6.5-bin\6nifqtx7604sqp1q6g8wikw7p\gradle-6.5\lib\gradle-launcher-6.5.jar
Launcher Type: SUN_STANDARD

Environment Variables:
PATH=C:\Program Files (x86)\Common Files\Oracle\Java\javapath;C:\Windows\system32;C:\Windows;C:\Windows\System32\Wbem;C:\Windows\System32\WindowsPowerShell\v1.0\;C:\Windows\System32\OpenSSH\;C:\Program Files (x86)\NVIDIA Corporation\PhysX\Common;C:\Program Files\NVIDIA Corporation\NVIDIA NvDLISR;C:\Program Files\Java\jdk-14.0.2\bin;C:\Program Files\nodejs\;C:\ProgramData\chocolatey\bin;C:\WINDOWS\system32;C:\WINDOWS;C:\WINDOWS\System32\Wbem;C:\WINDOWS\System32\WindowsPowerShell\v1.0\;C:\WINDOWS\System32\OpenSSH\;D:\Git\cmd;C:\Users\TechLine\AppData\Local\Microsoft\WindowsApps;C:\Program Files\JetBrains\IntelliJ IDEA Community Edition 2020.2.1\bin;C:\Users\TechLine\AppData\Roaming\npm;C:\Users\TechLine\AppData\Local\atom\bin;C:\Users\TechLine\AppData\Local\Microsoft\WindowsApps
USERNAME=TechLine
OS=Windows_NT
PROCESSOR_IDENTIFIER=Intel64 Family 6 Model 142 Stepping 9, GenuineIntel



---------------  S Y S T E M  ---------------

OS: Windows 10.0 , 64 bit Build 19041 (10.0.19041.804)

CPU:total 4 (initial active 4) (2 cores per cpu, 2 threads per core) family 6 model 142 stepping 9, cmov, cx8, fxsr, mmx, sse, sse2, sse3, ssse3, sse4.1, sse4.2, popcnt, avx, avx2, aes, clmul, erms, 3dnowpref, lzcnt, ht, tsc, tscinvbit, bmi1, bmi2, adx

Memory: 4k page, physical 8258788k(305384k free), swap 10355940k(3032k free)

vm_info: OpenJDK 64-Bit Server VM (25.242-b01) for windows-amd64 JRE (1.8.0_242-release-1644-b01), built by "builder" with MS VC++ 10.0 (VS2010)

time: Wed Mar 31 19:01:27 2021
timezone: Беларусь (зима)
elapsed time: 13 seconds (0d 0h 0m 13s)

