#
# There is insufficient memory for the Java Runtime Environment to continue.
# Native memory allocation (malloc) failed to allocate 657344 bytes for Chunk::new
# Possible reasons:
#   The system is out of physical RAM or swap space
#   The process is running with CompressedOops enabled, and the Java Heap may be blocking the growth of the native heap
# Possible solutions:
#   Reduce memory load on the system
#   Increase physical memory or swap space
#   Check if swap backing store is full
#   Decrease Java heap size (-Xmx/-Xms)
#   Decrease number of Java threads
#   Decrease Java thread stack sizes (-Xss)
#   Set larger code cache with -XX:ReservedCodeCacheSize=
#   JVM is running with Unscaled Compressed Oops mode in which the Java heap is
#     placed in the first 4GB address space. The Java Heap base address is the
#     maximum limit for the native heap growth. Please use -XX:HeapBaseMinAddress
#     to set the Java Heap base and to place the Java Heap above 4GB virtual address.
# This output file may be truncated or incomplete.
#
#  Out of Memory Error (allocation.cpp:389), pid=5816, tid=0x0000000000000cf8
#
# JRE version: OpenJDK Runtime Environment (8.0_242-b01) (build 1.8.0_242-release-1644-b01)
# Java VM: OpenJDK 64-Bit Server VM (25.242-b01 mixed mode windows-amd64 compressed oops)
# Failed to write core dump. Minidumps are not enabled by default on client versions of Windows
#

---------------  T H R E A D  ---------------

Current thread (0x00000000180c7000):  JavaThread "C2 CompilerThread0" daemon [_thread_in_native, id=3320, stack(0x0000000019740000,0x0000000019840000)]

Stack: [0x0000000019740000,0x0000000019840000]
[error occurred during error reporting (printing stack bounds), id 0xc0000005]

Native frames: (J=compiled Java code, j=interpreted, Vv=VM code, C=native code)


Current CompileTask:
C2:  12550 4597       4       java.lang.Class::getMethod0 (40 bytes)


---------------  P R O C E S S  ---------------

Java Threads: ( => current thread )
  0x000000001e837800 JavaThread "pool-1-thread-1" [_thread_blocked, id=3988, stack(0x0000000028ff0000,0x00000000290f0000)]
  0x000000001e836000 JavaThread "Cache worker for Build Output Cleanup Cache (C:\Users\TechLine\AndroidStudioProjects\BloggerApp\.gradle\buildOutputCleanup)" [_thread_blocked, id=6644, stack(0x0000000028cf0000,0x0000000028df0000)]
  0x000000001e837000 JavaThread "jar transforms Thread 92" [_thread_blocked, id=5624, stack(0x00000000289f0000,0x0000000028af0000)]
  0x000000001e839000 JavaThread "jar transforms Thread 91" [_thread_blocked, id=11104, stack(0x00000000288f0000,0x00000000289f0000)]
  0x000000001e82e000 JavaThread "jar transforms Thread 90" [_thread_blocked, id=11000, stack(0x00000000287f0000,0x00000000288f0000)]
  0x000000001e834800 JavaThread "jar transforms Thread 89" [_thread_blocked, id=956, stack(0x00000000286f0000,0x00000000287f0000)]
  0x000000001e82d000 JavaThread "jar transforms Thread 88" [_thread_blocked, id=6384, stack(0x00000000285f0000,0x00000000286f0000)]
  0x000000001e834000 JavaThread "jar transforms Thread 87" [_thread_blocked, id=11024, stack(0x00000000284f0000,0x00000000285f0000)]
  0x000000001e82c800 JavaThread "jar transforms Thread 86" [_thread_blocked, id=8028, stack(0x00000000283f0000,0x00000000284f0000)]
  0x000000001e82f800 JavaThread "jar transforms Thread 85" [_thread_blocked, id=4388, stack(0x00000000282f0000,0x00000000283f0000)]
  0x000000001e82e800 JavaThread "jar transforms Thread 84" [_thread_blocked, id=1588, stack(0x00000000281f0000,0x00000000282f0000)]
  0x000000001e832800 JavaThread "jar transforms Thread 83" [_thread_blocked, id=4700, stack(0x00000000280f0000,0x00000000281f0000)]
  0x000000001e833000 JavaThread "jar transforms Thread 82" [_thread_blocked, id=11076, stack(0x0000000027ff0000,0x00000000280f0000)]
  0x000000001e831000 JavaThread "jar transforms Thread 81" [_thread_blocked, id=12044, stack(0x0000000027ef0000,0x0000000027ff0000)]
  0x000000001e831800 JavaThread "jar transforms Thread 80" [_thread_blocked, id=720, stack(0x0000000027df0000,0x0000000027ef0000)]
  0x000000001e830000 JavaThread "jar transforms Thread 79" [_thread_blocked, id=12048, stack(0x0000000027cf0000,0x0000000027df0000)]
  0x000000001e75c800 JavaThread "jar transforms Thread 78" [_thread_blocked, id=6012, stack(0x0000000027bf0000,0x0000000027cf0000)]
  0x000000001e760000 JavaThread "jar transforms Thread 77" [_thread_blocked, id=9336, stack(0x0000000027af0000,0x0000000027bf0000)]
  0x000000001e75d800 JavaThread "jar transforms Thread 76" [_thread_blocked, id=8248, stack(0x00000000279f0000,0x0000000027af0000)]
  0x000000001e75c000 JavaThread "jar transforms Thread 75" [_thread_blocked, id=9112, stack(0x00000000278f0000,0x00000000279f0000)]
  0x000000001e75f000 JavaThread "jar transforms Thread 74" [_thread_blocked, id=10796, stack(0x00000000277f0000,0x00000000278f0000)]
  0x000000001e75e800 JavaThread "jar transforms Thread 73" [_thread_blocked, id=7876, stack(0x00000000276f0000,0x00000000277f0000)]
  0x000000001e760800 JavaThread "jar transforms Thread 72" [_thread_blocked, id=12152, stack(0x00000000275f0000,0x00000000276f0000)]
  0x000000001e754800 JavaThread "jar transforms Thread 71" [_thread_blocked, id=11888, stack(0x00000000274f0000,0x00000000275f0000)]
  0x000000001e75b000 JavaThread "jar transforms Thread 70" [_thread_blocked, id=8044, stack(0x00000000273f0000,0x00000000274f0000)]
  0x000000001e753800 JavaThread "jar transforms Thread 69" [_thread_blocked, id=7532, stack(0x00000000272f0000,0x00000000273f0000)]
  0x000000001e75a800 JavaThread "jar transforms Thread 68" [_thread_blocked, id=1504, stack(0x00000000271f0000,0x00000000272f0000)]
  0x000000001e753000 JavaThread "jar transforms Thread 67" [_thread_blocked, id=9108, stack(0x00000000270f0000,0x00000000271f0000)]
  0x000000001e759800 JavaThread "jar transforms Thread 66" [_thread_blocked, id=7888, stack(0x0000000026ff0000,0x00000000270f0000)]
  0x000000001e752000 JavaThread "jar transforms Thread 65" [_thread_blocked, id=13200, stack(0x0000000026ef0000,0x0000000026ff0000)]
  0x000000001e756000 JavaThread "jar transforms Thread 64" [_thread_blocked, id=7120, stack(0x0000000026df0000,0x0000000026ef0000)]
  0x000000001e755000 JavaThread "jar transforms Thread 63" [_thread_blocked, id=1712, stack(0x0000000026cf0000,0x0000000026df0000)]
  0x000000001e759000 JavaThread "jar transforms Thread 62" [_thread_blocked, id=1480, stack(0x0000000026bf0000,0x0000000026cf0000)]
  0x000000001e751800 JavaThread "jar transforms Thread 61" [_thread_blocked, id=3568, stack(0x0000000026af0000,0x0000000026bf0000)]
  0x000000001e757800 JavaThread "jar transforms Thread 60" [_thread_blocked, id=1924, stack(0x00000000269f0000,0x0000000026af0000)]
  0x000000001e758000 JavaThread "jar transforms Thread 59" [_thread_blocked, id=4716, stack(0x00000000268f0000,0x00000000269f0000)]
  0x000000001e756800 JavaThread "jar transforms Thread 58" [_thread_blocked, id=7896, stack(0x00000000267f0000,0x00000000268f0000)]
  0x000000001f2c7800 JavaThread "jar transforms Thread 57" [_thread_blocked, id=4840, stack(0x00000000266f0000,0x00000000267f0000)]
  0x000000001f2ce800 JavaThread "jar transforms Thread 56" [_thread_blocked, id=11700, stack(0x00000000265f0000,0x00000000266f0000)]
  0x000000001f2cd800 JavaThread "jar transforms Thread 55" [_thread_blocked, id=9020, stack(0x00000000264f0000,0x00000000265f0000)]
  0x000000001f2ca800 JavaThread "jar transforms Thread 54" [_thread_blocked, id=10156, stack(0x00000000263f0000,0x00000000264f0000)]
  0x000000001f2cc000 JavaThread "jar transforms Thread 53" [_thread_blocked, id=372, stack(0x00000000262f0000,0x00000000263f0000)]
  0x000000001f2cd000 JavaThread "jar transforms Thread 52" [_thread_blocked, id=12780, stack(0x00000000261f0000,0x00000000262f0000)]
  0x000000001f2c4800 JavaThread "jar transforms Thread 51" [_thread_blocked, id=5040, stack(0x00000000260f0000,0x00000000261f0000)]
  0x000000001f2ca000 JavaThread "jar transforms Thread 50" [_thread_blocked, id=4452, stack(0x0000000025ff0000,0x00000000260f0000)]
  0x000000001f2cb800 JavaThread "jar transforms Thread 49" [_thread_blocked, id=9132, stack(0x0000000025ef0000,0x0000000025ff0000)]
  0x000000001f2c9000 JavaThread "jar transforms Thread 48" [_thread_blocked, id=12092, stack(0x0000000025df0000,0x0000000025ef0000)]
  0x000000001f2c4000 JavaThread "jar transforms Thread 47" [_thread_blocked, id=7008, stack(0x0000000025cf0000,0x0000000025df0000)]
  0x000000001f2c8800 JavaThread "jar transforms Thread 46" [_thread_blocked, id=2980, stack(0x0000000025bf0000,0x0000000025cf0000)]
  0x000000001f2c7000 JavaThread "jar transforms Thread 45" [_thread_blocked, id=10552, stack(0x0000000025af0000,0x0000000025bf0000)]
  0x000000001f2c1800 JavaThread "jar transforms Thread 44" [_thread_blocked, id=7548, stack(0x00000000259f0000,0x0000000025af0000)]
  0x000000001f2c6000 JavaThread "jar transforms Thread 43" [_thread_blocked, id=388, stack(0x00000000258f0000,0x00000000259f0000)]
  0x000000001f2c5800 JavaThread "jar transforms Thread 42" [_thread_blocked, id=5528, stack(0x00000000257f0000,0x00000000258f0000)]
  0x000000001f2c2800 JavaThread "jar transforms Thread 41" [_thread_blocked, id=5012, stack(0x00000000256f0000,0x00000000257f0000)]
  0x000000001f2bf800 JavaThread "jar transforms Thread 40" [_thread_blocked, id=5616, stack(0x00000000255f0000,0x00000000256f0000)]
  0x000000001f2c1000 JavaThread "jar transforms Thread 39" [_thread_blocked, id=2496, stack(0x00000000254f0000,0x00000000255f0000)]
  0x000000001f2c0000 JavaThread "jar transforms Thread 38" [_thread_blocked, id=9704, stack(0x00000000253f0000,0x00000000254f0000)]
  0x000000001f2c3000 JavaThread "jar transforms Thread 37" [_thread_blocked, id=2284, stack(0x00000000252f0000,0x00000000253f0000)]
  0x0000000019d5a000 JavaThread "jar transforms Thread 36" [_thread_blocked, id=4040, stack(0x00000000251f0000,0x00000000252f0000)]
  0x0000000019d58800 JavaThread "jar transforms Thread 35" [_thread_blocked, id=5796, stack(0x00000000250f0000,0x00000000251f0000)]
  0x0000000019d59000 JavaThread "jar transforms Thread 34" [_thread_blocked, id=3916, stack(0x0000000024ff0000,0x00000000250f0000)]
  0x0000000019d51000 JavaThread "jar transforms Thread 33" [_thread_blocked, id=3280, stack(0x0000000024ef0000,0x0000000024ff0000)]
  0x0000000019d57800 JavaThread "jar transforms Thread 32" [_thread_blocked, id=7132, stack(0x0000000024df0000,0x0000000024ef0000)]
  0x0000000019d57000 JavaThread "jar transforms Thread 31" [_thread_blocked, id=6896, stack(0x0000000024cf0000,0x0000000024df0000)]
  0x0000000019d56000 JavaThread "jar transforms Thread 30" [_thread_blocked, id=9076, stack(0x0000000024bf0000,0x0000000024cf0000)]
  0x0000000019d55800 JavaThread "jar transforms Thread 29" [_thread_blocked, id=11852, stack(0x0000000024af0000,0x0000000024bf0000)]
  0x0000000019d54800 JavaThread "jar transforms Thread 28" [_thread_blocked, id=11304, stack(0x00000000249f0000,0x0000000024af0000)]
  0x0000000019d4e800 JavaThread "jar transforms Thread 27" [_thread_blocked, id=2500, stack(0x00000000248f0000,0x00000000249f0000)]
  0x0000000019d4e000 JavaThread "jar transforms Thread 26" [_thread_blocked, id=11220, stack(0x00000000247f0000,0x00000000248f0000)]
  0x0000000019d53000 JavaThread "jar transforms Thread 25" [_thread_blocked, id=8524, stack(0x00000000246f0000,0x00000000247f0000)]
  0x0000000019d51800 JavaThread "jar transforms Thread 24" [_thread_blocked, id=6036, stack(0x00000000245f0000,0x00000000246f0000)]
  0x0000000019d52800 JavaThread "jar transforms Thread 23" [_thread_blocked, id=10592, stack(0x00000000244f0000,0x00000000245f0000)]
  0x0000000019d4d000 JavaThread "jar transforms Thread 22" [_thread_blocked, id=9920, stack(0x00000000243f0000,0x00000000244f0000)]
  0x0000000019d4f800 JavaThread "jar transforms Thread 21" [_thread_blocked, id=5564, stack(0x00000000242f0000,0x00000000243f0000)]
  0x0000000019d54000 JavaThread "jar transforms Thread 20" [_thread_blocked, id=11616, stack(0x00000000241f0000,0x00000000242f0000)]
  0x0000000019d4b000 JavaThread "jar transforms Thread 19" [_thread_blocked, id=12436, stack(0x00000000240f0000,0x00000000241f0000)]
  0x0000000019d50000 JavaThread "jar transforms Thread 18" [_thread_blocked, id=13144, stack(0x0000000023ff0000,0x00000000240f0000)]
  0x0000000019d4b800 JavaThread "jar transforms Thread 17" [_thread_blocked, id=740, stack(0x0000000023ef0000,0x0000000023ff0000)]
  0x0000000019d4c800 JavaThread "jar transforms Thread 16" [_thread_blocked, id=888, stack(0x0000000023df0000,0x0000000023ef0000)]
  0x000000001e723000 JavaThread "jar transforms Thread 15" [_thread_blocked, id=5744, stack(0x0000000023cf0000,0x0000000023df0000)]
  0x000000001e722000 JavaThread "jar transforms Thread 14" [_thread_blocked, id=7764, stack(0x0000000023bf0000,0x0000000023cf0000)]
  0x000000001e721800 JavaThread "jar transforms Thread 13" [_thread_blocked, id=3176, stack(0x0000000023af0000,0x0000000023bf0000)]
  0x000000001e724800 JavaThread "jar transforms Thread 12" [_thread_blocked, id=10960, stack(0x00000000238f0000,0x00000000239f0000)]
  0x000000001e720800 JavaThread "jar transforms Thread 11" [_thread_blocked, id=7328, stack(0x00000000237f0000,0x00000000238f0000)]
  0x000000001e723800 JavaThread "jar transforms Thread 10" [_thread_blocked, id=6884, stack(0x00000000236f0000,0x00000000237f0000)]
  0x000000001e719000 JavaThread "jar transforms Thread 9" [_thread_blocked, id=8760, stack(0x00000000235f0000,0x00000000236f0000)]
  0x000000001e720000 JavaThread "jar transforms Thread 8" [_thread_blocked, id=13092, stack(0x00000000234f0000,0x00000000235f0000)]
  0x000000001e71f000 JavaThread "jar transforms Thread 7" [_thread_blocked, id=900, stack(0x00000000233f0000,0x00000000234f0000)]
  0x000000001e71e800 JavaThread "jar transforms Thread 6" [_thread_blocked, id=13296, stack(0x00000000232f0000,0x00000000233f0000)]
  0x000000001e71d800 JavaThread "jar transforms Thread 5" [_thread_blocked, id=12216, stack(0x00000000231f0000,0x00000000232f0000)]
  0x000000001e716000 JavaThread "jar transforms Thread 4" [_thread_blocked, id=12952, stack(0x00000000230f0000,0x00000000231f0000)]
  0x000000001e71a000 JavaThread "jar transforms Thread 3" [_thread_blocked, id=3808, stack(0x0000000022ff0000,0x00000000230f0000)]
  0x000000001e71a800 JavaThread "jar transforms Thread 2" [_thread_blocked, id=10264, stack(0x0000000022ef0000,0x0000000022ff0000)]
  0x000000001e71d000 JavaThread "Build operations Thread 4" [_thread_blocked, id=3704, stack(0x0000000022df0000,0x0000000022ef0000)]
  0x000000001e71c000 JavaThread "Build operations Thread 3" [_thread_blocked, id=7116, stack(0x0000000022cf0000,0x0000000022df0000)]
  0x000000001e717800 JavaThread "Build operations Thread 2" [_thread_blocked, id=5140, stack(0x0000000022bf0000,0x0000000022cf0000)]
  0x000000001e718800 JavaThread "Build operations" [_thread_blocked, id=11044, stack(0x0000000022af0000,0x0000000022bf0000)]
  0x000000001be47800 JavaThread "Cache worker for file content cache (C:\Users\TechLine\.gradle\caches\6.5\fileContent)" [_thread_blocked, id=756, stack(0x00000000223f0000,0x00000000224f0000)]
  0x000000001be49000 JavaThread "jar transforms" [_thread_blocked, id=9572, stack(0x00000000222f0000,0x00000000223f0000)]
  0x000000001be44000 JavaThread "Cache worker for execution history cache (C:\Users\TechLine\.gradle\caches\6.5\executionHistory)" [_thread_blocked, id=11316, stack(0x0000000021bf0000,0x0000000021cf0000)]
  0x000000001be48800 JavaThread "Cache worker for cache directory md-rule (C:\Users\TechLine\.gradle\caches\6.5\md-rule)" [_thread_blocked, id=3552, stack(0x0000000021af0000,0x0000000021bf0000)]
  0x000000001be45800 JavaThread "Cache worker for cache directory md-supplier (C:\Users\TechLine\.gradle\caches\6.5\md-supplier)" [_thread_blocked, id=12348, stack(0x0000000021860000,0x0000000021960000)]
  0x000000001be44800 JavaThread "Cache worker for checksums cache (C:\Users\TechLine\AndroidStudioProjects\BloggerApp\.gradle\checksums)" [_thread_blocked, id=9340, stack(0x0000000021760000,0x0000000021860000)]
  0x000000001be43000 JavaThread "Cache worker for file hash cache (C:\Users\TechLine\AndroidStudioProjects\BloggerApp\.gradle\6.5\fileHashes)" [_thread_blocked, id=6564, stack(0x00000000219f0000,0x0000000021af0000)]
  0x000000001be4a000 JavaThread "Cache worker for file hash cache (C:\Users\TechLine\.gradle\caches\6.5\fileHashes)" [_thread_blocked, id=12604, stack(0x000000001e070000,0x000000001e170000)]
  0x000000001be46000 JavaThread "File lock request listener" [_thread_in_native, id=3824, stack(0x000000001df70000,0x000000001e070000)]
  0x000000001a5ec000 JavaThread "Cache worker for journal cache (C:\Users\TechLine\.gradle\caches\journal-1)" [_thread_blocked, id=12564, stack(0x000000001de70000,0x000000001df70000)]
  0x000000001a329800 JavaThread "Thread-9" [_thread_blocked, id=6260, stack(0x000000001db70000,0x000000001dc70000)]
  0x000000001a158000 JavaThread "Stdin handler" [_thread_blocked, id=7992, stack(0x000000001da70000,0x000000001db70000)]
  0x000000001a153800 JavaThread "Asynchronous log dispatcher for DefaultDaemonConnection: socket connection from /127.0.0.1:65127 to /127.0.0.1:65128" [_thread_blocked, id=6076, stack(0x000000001d970000,0x000000001da70000)]
  0x000000001bbd5800 JavaThread "Daemon worker" [_thread_in_Java, id=5896, stack(0x000000001d870000,0x000000001d970000)]
  0x000000001bbd6800 JavaThread "Cancel handler" [_thread_blocked, id=3804, stack(0x000000001d770000,0x000000001d870000)]
  0x000000001bb32000 JavaThread "Handler for socket connection from /127.0.0.1:65127 to /127.0.0.1:65128" [_thread_in_native, id=10064, stack(0x000000001d470000,0x000000001d570000)]
  0x000000001bb2d000 JavaThread "Daemon" [_thread_blocked, id=7756, stack(0x000000001d370000,0x000000001d470000)]
  0x000000001baa5000 JavaThread "Daemon periodic checks" [_thread_blocked, id=8992, stack(0x000000001d270000,0x000000001d370000)]
  0x000000001baa3000 JavaThread "Incoming local TCP Connector on port 65127" [_thread_in_native, id=4404, stack(0x000000001d020000,0x000000001d120000)]
  0x000000001a0b0000 JavaThread "Daemon health stats" [_thread_blocked, id=8256, stack(0x000000001c9e0000,0x000000001cae0000)]
  0x0000000019a75000 JavaThread "Service Thread" daemon [_thread_blocked, id=5740, stack(0x0000000019e40000,0x0000000019f40000)]
  0x00000000180d2000 JavaThread "C1 CompilerThread2" daemon [_thread_in_native, id=3336, stack(0x0000000019940000,0x0000000019a40000)]
  0x00000000180cc000 JavaThread "C2 CompilerThread1" daemon [_thread_in_native, id=6516, stack(0x0000000019840000,0x0000000019940000)]
=>0x00000000180c7000 JavaThread "C2 CompilerThread0" daemon [_thread_in_native, id=3320, stack(0x0000000019740000,0x0000000019840000)]
  0x00000000180c5800 JavaThread "Attach Listener" daemon [_thread_blocked, id=11580, stack(0x0000000019640000,0x0000000019740000)]
  0x00000000180c4000 JavaThread "Signal Dispatcher" daemon [_thread_blocked, id=1700, stack(0x0000000019540000,0x0000000019640000)]
  0x000000000349b000 JavaThread "Finalizer" daemon [_thread_blocked, id=8164, stack(0x0000000019330000,0x0000000019430000)]
  0x00000000180a9000 JavaThread "Reference Handler" daemon [_thread_blocked, id=3184, stack(0x0000000019230000,0x0000000019330000)]
  0x00000000030ee000 JavaThread "main" [_thread_blocked, id=6444, stack(0x00000000032a0000,0x00000000033a0000)]

Other Threads:
  0x0000000018086000 VMThread [stack: 0x0000000019130000,0x0000000019230000] [id=10176]
  0x0000000019a75800 WatcherThread [stack: 0x0000000019f40000,0x000000001a040000] [id=13052]

VM state:not at safepoint (normal execution)

VM Mutex/Monitor currently owned by a thread: None

heap address: 0x0000000080000000, size: 2048 MB, Compressed Oops mode: 32-bit
Narrow klass base: 0x0000000000000000, Narrow klass shift: 3
Compressed class space size: 1073741824 Address: 0x0000000100000000

Heap:
 PSYoungGen      total 134144K, used 124165K [0x00000000d5580000, 0x00000000de980000, 0x0000000100000000)
  eden space 125440K, 92% used [0x00000000d5580000,0x00000000dc642490,0x00000000dd000000)
  from space 8704K, 99% used [0x00000000de100000,0x00000000de97f0e8,0x00000000de980000)
  to   space 11264K, 0% used [0x00000000dd380000,0x00000000dd380000,0x00000000dde80000)
 ParOldGen       total 67584K, used 18797K [0x0000000080000000, 0x0000000084200000, 0x00000000d5580000)
  object space 67584K, 27% used [0x0000000080000000,0x000000008125b6a8,0x0000000084200000)
 Metaspace       used 50850K, capacity 52792K, committed 53032K, reserved 1095680K
  class space    used 6802K, capacity 7208K, committed 7216K, reserved 1048576K

Card table byte_map: [0x0000000012860000,0x0000000012c70000] byte_map_base: 0x0000000012460000

Marking Bits: (ParMarkBitMap*) 0x0000000053f3f030
 Begin Bits: [0x0000000013320000, 0x0000000015320000)
 End Bits:   [0x0000000015320000, 0x0000000017320000)

Polling page: 0x0000000001370000

CodeCache: size=245760Kb used=15019Kb max_used=15019Kb free=230740Kb
 bounds [0x00000000034a0000, 0x0000000004360000, 0x00000000124a0000]
 total_blobs=5110 nmethods=4349 adapters=673
 compilation: enabled

Compilation events (10 events):
Event: 12.530 Thread 0x00000000180d2000 nmethod 4636 0x00000000043519d0 code [0x0000000004351b40, 0x0000000004351d28]
Event: 12.547 Thread 0x00000000180d2000 4637       1       org.gradle.api.internal.collections.AbstractIterationOrderRetainingElementSource$ValuePointer::getElement (5 bytes)
Event: 12.547 Thread 0x00000000180d2000 nmethod 4637 0x0000000004351dd0 code [0x0000000004351f20, 0x0000000004352030]
Event: 12.547 Thread 0x00000000180d2000 4638       1       org.gradle.api.internal.collections.AbstractIterationOrderRetainingElementSource$ValuePointer::getIndex (5 bytes)
Event: 12.547 Thread 0x00000000180d2000 nmethod 4638 0x0000000004352090 code [0x00000000043521e0, 0x00000000043522f0]
Event: 12.548 Thread 0x00000000180d2000 4639       3       com.google.common.base.Ticker::systemTicker (4 bytes)
Event: 12.548 Thread 0x00000000180d2000 nmethod 4639 0x0000000004352350 code [0x00000000043524a0, 0x00000000043525d0]
Event: 12.548 Thread 0x00000000180d2000 4640       3       sun.misc.URLClassPath::findResource (47 bytes)
Event: 12.549 Thread 0x00000000180d2000 nmethod 4640 0x0000000004352650 code [0x00000000043527e0, 0x0000000004352ba8]
Event: 12.549 Thread 0x00000000180d2000 4641       3       java.util.concurrent.TimeUnit$1::toNanos (2 bytes)

GC Heap History (10 events):
Event: 4.667 GC heap before
{Heap before GC invocations=8 (full 1):
 PSYoungGen      total 76800K, used 3780K [0x00000000d5580000, 0x00000000deb80000, 0x0000000100000000)
  eden space 66048K, 0% used [0x00000000d5580000,0x00000000d5580000,0x00000000d9600000)
  from space 10752K, 35% used [0x00000000d9600000,0x00000000d99b1050,0x00000000da080000)
  to   space 10752K, 0% used [0x00000000de100000,0x00000000de100000,0x00000000deb80000)
 ParOldGen       total 87552K, used 8875K [0x0000000080000000, 0x0000000085580000, 0x00000000d5580000)
  object space 87552K, 10% used [0x0000000080000000,0x00000000808aaf30,0x0000000085580000)
 Metaspace       used 20597K, capacity 21236K, committed 21296K, reserved 1067008K
  class space    used 2877K, capacity 3080K, committed 3120K, reserved 1048576K
Event: 4.721 GC heap after
Heap after GC invocations=8 (full 1):
 PSYoungGen      total 76800K, used 0K [0x00000000d5580000, 0x00000000deb80000, 0x0000000100000000)
  eden space 66048K, 0% used [0x00000000d5580000,0x00000000d5580000,0x00000000d9600000)
  from space 10752K, 0% used [0x00000000d9600000,0x00000000d9600000,0x00000000da080000)
  to   space 10752K, 0% used [0x00000000de100000,0x00000000de100000,0x00000000deb80000)
 ParOldGen       total 47104K, used 6700K [0x0000000080000000, 0x0000000082e00000, 0x00000000d5580000)
  object space 47104K, 14% used [0x0000000080000000,0x000000008068b360,0x0000000082e00000)
 Metaspace       used 20597K, capacity 21236K, committed 21296K, reserved 1067008K
  class space    used 2877K, capacity 3080K, committed 3120K, reserved 1048576K
}
Event: 6.040 GC heap before
{Heap before GC invocations=9 (full 1):
 PSYoungGen      total 76800K, used 66048K [0x00000000d5580000, 0x00000000deb80000, 0x0000000100000000)
  eden space 66048K, 100% used [0x00000000d5580000,0x00000000d9600000,0x00000000d9600000)
  from space 10752K, 0% used [0x00000000d9600000,0x00000000d9600000,0x00000000da080000)
  to   space 10752K, 0% used [0x00000000de100000,0x00000000de100000,0x00000000deb80000)
 ParOldGen       total 47104K, used 6700K [0x0000000080000000, 0x0000000082e00000, 0x00000000d5580000)
  object space 47104K, 14% used [0x0000000080000000,0x000000008068b360,0x0000000082e00000)
 Metaspace       used 28898K, capacity 29808K, committed 29872K, reserved 1075200K
  class space    used 4001K, capacity 4265K, committed 4272K, reserved 1048576K
Event: 6.057 GC heap after
Heap after GC invocations=9 (full 1):
 PSYoungGen      total 134144K, used 8611K [0x00000000d5580000, 0x00000000de980000, 0x0000000100000000)
  eden space 125440K, 0% used [0x00000000d5580000,0x00000000d5580000,0x00000000dd000000)
  from space 8704K, 98% used [0x00000000de100000,0x00000000de968f68,0x00000000de980000)
  to   space 11264K, 0% used [0x00000000dd380000,0x00000000dd380000,0x00000000dde80000)
 ParOldGen       total 47104K, used 6708K [0x0000000080000000, 0x0000000082e00000, 0x00000000d5580000)
  object space 47104K, 14% used [0x0000000080000000,0x000000008068d360,0x0000000082e00000)
 Metaspace       used 28898K, capacity 29808K, committed 29872K, reserved 1075200K
  class space    used 4001K, capacity 4265K, committed 4272K, reserved 1048576K
}
Event: 7.505 GC heap before
{Heap before GC invocations=10 (full 1):
 PSYoungGen      total 134144K, used 101642K [0x00000000d5580000, 0x00000000de980000, 0x0000000100000000)
  eden space 125440K, 74% used [0x00000000d5580000,0x00000000db059ac0,0x00000000dd000000)
  from space 8704K, 98% used [0x00000000de100000,0x00000000de968f68,0x00000000de980000)
  to   space 11264K, 0% used [0x00000000dd380000,0x00000000dd380000,0x00000000dde80000)
 ParOldGen       total 47104K, used 6708K [0x0000000080000000, 0x0000000082e00000, 0x00000000d5580000)
  object space 47104K, 14% used [0x0000000080000000,0x000000008068d360,0x0000000082e00000)
 Metaspace       used 34341K, capacity 35432K, committed 35496K, reserved 1079296K
  class space    used 4727K, capacity 5007K, committed 5040K, reserved 1048576K
Event: 7.525 GC heap after
Heap after GC invocations=10 (full 1):
 PSYoungGen      total 136704K, used 10928K [0x00000000d5580000, 0x00000000de980000, 0x0000000100000000)
  eden space 125440K, 0% used [0x00000000d5580000,0x00000000d5580000,0x00000000dd000000)
  from space 11264K, 97% used [0x00000000dd380000,0x00000000dde2c2e0,0x00000000dde80000)
  to   space 8704K, 0% used [0x00000000de100000,0x00000000de100000,0x00000000de980000)
 ParOldGen       total 47104K, used 6716K [0x0000000080000000, 0x0000000082e00000, 0x00000000d5580000)
  object space 47104K, 14% used [0x0000000080000000,0x000000008068f360,0x0000000082e00000)
 Metaspace       used 34341K, capacity 35432K, committed 35496K, reserved 1079296K
  class space    used 4727K, capacity 5007K, committed 5040K, reserved 1048576K
}
Event: 7.525 GC heap before
{Heap before GC invocations=11 (full 2):
 PSYoungGen      total 136704K, used 10928K [0x00000000d5580000, 0x00000000de980000, 0x0000000100000000)
  eden space 125440K, 0% used [0x00000000d5580000,0x00000000d5580000,0x00000000dd000000)
  from space 11264K, 97% used [0x00000000dd380000,0x00000000dde2c2e0,0x00000000dde80000)
  to   space 8704K, 0% used [0x00000000de100000,0x00000000de100000,0x00000000de980000)
 ParOldGen       total 47104K, used 6716K [0x0000000080000000, 0x0000000082e00000, 0x00000000d5580000)
  object space 47104K, 14% used [0x0000000080000000,0x000000008068f360,0x0000000082e00000)
 Metaspace       used 34341K, capacity 35432K, committed 35496K, reserved 1079296K
  class space    used 4727K, capacity 5007K, committed 5040K, reserved 1048576K
Event: 7.661 GC heap after
Heap after GC invocations=11 (full 2):
 PSYoungGen      total 136704K, used 0K [0x00000000d5580000, 0x00000000de980000, 0x0000000100000000)
  eden space 125440K, 0% used [0x00000000d5580000,0x00000000d5580000,0x00000000dd000000)
  from space 11264K, 0% used [0x00000000dd380000,0x00000000dd380000,0x00000000dde80000)
  to   space 8704K, 0% used [0x00000000de100000,0x00000000de100000,0x00000000de980000)
 ParOldGen       total 67584K, used 17200K [0x0000000080000000, 0x0000000084200000, 0x00000000d5580000)
  object space 67584K, 25% used [0x0000000080000000,0x00000000810cc068,0x0000000084200000)
 Metaspace       used 34341K, capacity 35432K, committed 35496K, reserved 1079296K
  class space    used 4727K, capacity 5007K, committed 5040K, reserved 1048576K
}
Event: 10.122 GC heap before
{Heap before GC invocations=12 (full 2):
 PSYoungGen      total 136704K, used 125440K [0x00000000d5580000, 0x00000000de980000, 0x0000000100000000)
  eden space 125440K, 100% used [0x00000000d5580000,0x00000000dd000000,0x00000000dd000000)
  from space 11264K, 0% used [0x00000000dd380000,0x00000000dd380000,0x00000000dde80000)
  to   space 8704K, 0% used [0x00000000de100000,0x00000000de100000,0x00000000de980000)
 ParOldGen       total 67584K, used 17200K [0x0000000080000000, 0x0000000084200000, 0x00000000d5580000)
  object space 67584K, 25% used [0x0000000080000000,0x00000000810cc068,0x0000000084200000)
 Metaspace       used 40640K, capacity 42446K, committed 42664K, reserved 1085440K
  class space    used 5579K, capacity 5973K, committed 6064K, reserved 1048576K
Event: 10.137 GC heap after
Heap after GC invocations=12 (full 2):
 PSYoungGen      total 134144K, used 8700K [0x00000000d5580000, 0x00000000de980000, 0x0000000100000000)
  eden space 125440K, 0% used [0x00000000d5580000,0x00000000d5580000,0x00000000dd000000)
  from space 8704K, 99% used [0x00000000de100000,0x00000000de97f0e8,0x00000000de980000)
  to   space 11264K, 0% used [0x00000000dd380000,0x00000000dd380000,0x00000000dde80000)
 ParOldGen       total 67584K, used 18797K [0x0000000080000000, 0x0000000084200000, 0x00000000d5580000)
  object space 67584K, 27% used [0x0000000080000000,0x000000008125b6a8,0x0000000084200000)
 Metaspace       used 40640K, capacity 42446K, committed 42664K, reserved 1085440K
  class space    used 5579K, capacity 5973K, committed 6064K, reserved 1048576K
}

Deoptimization events (10 events):
Event: 11.152 Thread 0x000000001bbd5800 Uncommon trap: reason=unstable_if action=reinterpret pc=0x0000000003e6f478 method=java.util.LinkedHashMap.get(Ljava/lang/Object;)Ljava/lang/Object; @ 20
Event: 11.414 Thread 0x000000001bbd5800 Uncommon trap: reason=bimorphic action=maybe_recompile pc=0x000000000405208c method=java.util.regex.Pattern$CharProperty.match(Ljava/util/regex/Matcher;ILjava/lang/CharSequence;)Z @ 18
Event: 11.414 Thread 0x000000001bbd5800 Uncommon trap: reason=bimorphic action=maybe_recompile pc=0x000000000405208c method=java.util.regex.Pattern$CharProperty.match(Ljava/util/regex/Matcher;ILjava/lang/CharSequence;)Z @ 18
Event: 11.414 Thread 0x000000001bbd5800 Uncommon trap: reason=bimorphic action=maybe_recompile pc=0x000000000405208c method=java.util.regex.Pattern$CharProperty.match(Ljava/util/regex/Matcher;ILjava/lang/CharSequence;)Z @ 18
Event: 11.513 Thread 0x000000001bbd5800 Uncommon trap: reason=bimorphic action=maybe_recompile pc=0x000000000405208c method=java.util.regex.Pattern$CharProperty.match(Ljava/util/regex/Matcher;ILjava/lang/CharSequence;)Z @ 18
Event: 11.735 Thread 0x000000001bbd5800 Uncommon trap: reason=unstable_if action=reinterpret pc=0x0000000003edb3f0 method=org.gradle.internal.reflect.PropertyAccessorType.of(Ljava/lang/reflect/Method;)Lorg/gradle/internal/reflect/PropertyAccessorType; @ 56
Event: 12.173 Thread 0x000000001bbd5800 Uncommon trap: reason=unstable_if action=reinterpret pc=0x00000000042a4e74 method=com.sun.org.apache.xerces.internal.impl.XMLEntityScanner.checkBeforeLoad(Lcom/sun/xml/internal/stream/Entity$ScannedEntity;II)I @ 18
Event: 12.268 Thread 0x000000001bbd5800 Uncommon trap: reason=unstable_if action=reinterpret pc=0x000000000365fbb0 method=org.gradle.internal.instantiation.generator.AbstractClassGenerator$InjectionAnnotationValidator.validateMethod(Ljava/lang/reflect/Method;Lorg/gradle/internal/reflect/Propert
Event: 12.268 Thread 0x000000001bbd5800 Uncommon trap: reason=unstable_if action=reinterpret pc=0x00000000036f4e44 method=org.gradle.internal.instantiation.generator.AbstractClassGenerator$InjectionAnnotationValidator.validateMethod(Ljava/lang/reflect/Method;Lorg/gradle/internal/reflect/Propert
Event: 12.351 Thread 0x000000001bbd5800 Uncommon trap: reason=null_check action=make_not_entrant pc=0x0000000003c514d0 method=java.lang.Class.searchMethods([Ljava/lang/reflect/Method;Ljava/lang/String;[Ljava/lang/Class;)Ljava/lang/reflect/Method; @ 59

Classes redefined (0 events):
No events

Internal exceptions (10 events):
Event: 12.473 Thread 0x000000001bbd5800 Exception <a 'java/lang/ClassNotFoundException': build_bpzgzbm7gs6irrnc26k0mza9p$_run_closure1BeanInfo> (0x00000000dc0b6818) thrown at [C:\src\AOSP-openjdk-git\hotspot\src\share\vm\classfile\systemDictionary.cpp, line 210]
Event: 12.474 Thread 0x000000001bbd5800 Exception <a 'java/lang/ClassNotFoundException': build_bpzgzbm7gs6irrnc26k0mza9p$_run_closure1Customizer> (0x00000000dc0c7580) thrown at [C:\src\AOSP-openjdk-git\hotspot\src\share\vm\classfile\systemDictionary.cpp, line 210]
Event: 12.481 Thread 0x000000001bbd5800 Exception <a 'java/lang/ClassNotFoundException': org/gradle/api/JavaVersionBeanInfo> (0x00000000dc133098) thrown at [C:\src\AOSP-openjdk-git\hotspot\src\share\vm\classfile\systemDictionary.cpp, line 210]
Event: 12.481 Thread 0x000000001bbd5800 Exception <a 'java/lang/ClassNotFoundException': java/lang/EnumBeanInfo> (0x00000000dc13cee8) thrown at [C:\src\AOSP-openjdk-git\hotspot\src\share\vm\classfile\systemDictionary.cpp, line 210]
Event: 12.481 Thread 0x000000001bbd5800 Exception <a 'java/lang/ClassNotFoundException': java/lang/EnumCustomizer> (0x00000000dc147190) thrown at [C:\src\AOSP-openjdk-git\hotspot\src\share\vm\classfile\systemDictionary.cpp, line 210]
Event: 12.483 Thread 0x000000001bbd5800 Exception <a 'java/lang/ClassNotFoundException': org/gradle/api/JavaVersionCustomizer> (0x00000000dc17c258) thrown at [C:\src\AOSP-openjdk-git\hotspot\src\share\vm\classfile\systemDictionary.cpp, line 210]
Event: 12.486 Thread 0x000000001bbd5800 Exception <a 'java/lang/ClassNotFoundException': com/android/build/gradle/internal/CompileOptions_DecoratedBeanInfo> (0x00000000dc1dc418) thrown at [C:\src\AOSP-openjdk-git\hotspot\src\share\vm\classfile\systemDictionary.cpp, line 210]
Event: 12.487 Thread 0x000000001bbd5800 Exception <a 'java/lang/ClassNotFoundException': com/android/build/gradle/internal/CompileOptionsBeanInfo> (0x00000000dc1f7658) thrown at [C:\src\AOSP-openjdk-git\hotspot\src\share\vm\classfile\systemDictionary.cpp, line 210]
Event: 12.487 Thread 0x000000001bbd5800 Exception <a 'java/lang/ClassNotFoundException': com/android/build/gradle/internal/CompileOptionsCustomizer> (0x00000000dc212a90) thrown at [C:\src\AOSP-openjdk-git\hotspot\src\share\vm\classfile\systemDictionary.cpp, line 210]
Event: 12.488 Thread 0x000000001bbd5800 Exception <a 'java/lang/ClassNotFoundException': com/android/build/gradle/internal/CompileOptions_DecoratedCustomizer> (0x00000000dc243700) thrown at [C:\src\AOSP-openjdk-git\hotspot\src\share\vm\classfile\systemDictionary.cpp, line 210]

Events (10 events):
Event: 12.540 loading class com/android/sdklib/AndroidTargetHash
Event: 12.540 loading class com/android/sdklib/AndroidTargetHash done
Event: 12.542 loading class com/android/sdklib/AndroidVersion
Event: 12.542 loading class com/android/sdklib/AndroidVersion done
Event: 12.545 loading class com/android/sdklib/AndroidVersion$AndroidVersionException
Event: 12.545 loading class com/android/sdklib/AndroidVersion$AndroidVersionException done
Event: 12.545 loading class org/gradle/api/plugins/JavaPlugin
Event: 12.545 loading class org/gradle/api/plugins/JavaPlugin done
Event: 12.545 loading class org/gradle/api/plugins/JavaPlugin
Event: 12.545 loading class org/gradle/api/plugins/JavaPlugin done


Dynamic libraries:
0x00007ff6f3990000 - 0x00007ff6f39c1000 	D:\AndroidStudio\jre\bin\java.exe
0x00007fff88f30000 - 0x00007fff89125000 	C:\WINDOWS\SYSTEM32\ntdll.dll
0x00007fff873a0000 - 0x00007fff8745d000 	C:\WINDOWS\System32\KERNEL32.DLL
0x00007fff86bb0000 - 0x00007fff86e79000 	C:\WINDOWS\System32\KERNELBASE.dll
0x00007fff87090000 - 0x00007fff8713c000 	C:\WINDOWS\System32\ADVAPI32.dll
0x00007fff87300000 - 0x00007fff8739e000 	C:\WINDOWS\System32\msvcrt.dll
0x00007fff884e0000 - 0x00007fff8857c000 	C:\WINDOWS\System32\sechost.dll
0x00007fff88720000 - 0x00007fff8884b000 	C:\WINDOWS\System32\RPCRT4.dll
0x00007fff88d50000 - 0x00007fff88ef0000 	C:\WINDOWS\System32\USER32.dll
0x00007fff869a0000 - 0x00007fff869c2000 	C:\WINDOWS\System32\win32u.dll
0x00007fff880c0000 - 0x00007fff880ea000 	C:\WINDOWS\System32\GDI32.dll
0x00007fff86e80000 - 0x00007fff86f8b000 	C:\WINDOWS\System32\gdi32full.dll
0x00007fff86a80000 - 0x00007fff86b1d000 	C:\WINDOWS\System32\msvcp_win.dll
0x00007fff86670000 - 0x00007fff86770000 	C:\WINDOWS\System32\ucrtbase.dll
0x00007fff6c800000 - 0x00007fff6ca9a000 	C:\WINDOWS\WinSxS\amd64_microsoft.windows.common-controls_6595b64144ccf1df_6.0.19041.844_none_ca00b6081b84eb1d\COMCTL32.dll
0x00007fff88850000 - 0x00007fff88880000 	C:\WINDOWS\System32\IMM32.DLL
0x0000000054420000 - 0x00000000544f2000 	D:\AndroidStudio\jre\jre\bin\msvcr100.dll
0x0000000053770000 - 0x0000000053fbb000 	D:\AndroidStudio\jre\jre\bin\server\jvm.dll
0x00007fff88150000 - 0x00007fff88158000 	C:\WINDOWS\System32\PSAPI.DLL
0x00007fff7f1b0000 - 0x00007fff7f1b9000 	C:\WINDOWS\SYSTEM32\WSOCK32.dll
0x00007fff6caa0000 - 0x00007fff6cac7000 	C:\WINDOWS\SYSTEM32\WINMM.dll
0x00007fff7abb0000 - 0x00007fff7abba000 	C:\WINDOWS\SYSTEM32\VERSION.dll
0x00007fff88390000 - 0x00007fff883fb000 	C:\WINDOWS\System32\WS2_32.dll
0x00007fff7f170000 - 0x00007fff7f17f000 	D:\AndroidStudio\jre\jre\bin\verify.dll
0x00007fff7f140000 - 0x00007fff7f169000 	D:\AndroidStudio\jre\jre\bin\java.dll
0x00007fff7f0b0000 - 0x00007fff7f0c6000 	D:\AndroidStudio\jre\jre\bin\zip.dll
0x00007fff87460000 - 0x00007fff87ba2000 	C:\WINDOWS\System32\SHELL32.dll
0x00007fff847b0000 - 0x00007fff84f40000 	C:\WINDOWS\SYSTEM32\windows.storage.dll
0x00007fff87d60000 - 0x00007fff880b5000 	C:\WINDOWS\System32\combase.dll
0x00007fff860e0000 - 0x00007fff8610c000 	C:\WINDOWS\SYSTEM32\Wldp.dll
0x00007fff882e0000 - 0x00007fff8838e000 	C:\WINDOWS\System32\SHCORE.dll
0x00007fff88880000 - 0x00007fff888d5000 	C:\WINDOWS\System32\shlwapi.dll
0x00007fff865b0000 - 0x00007fff865cf000 	C:\WINDOWS\SYSTEM32\profapi.dll
0x00007fff7de90000 - 0x00007fff7deaa000 	D:\AndroidStudio\jre\jre\bin\net.dll
0x00007fff85e60000 - 0x00007fff85eca000 	C:\WINDOWS\system32\mswsock.dll
0x00007fff7dd80000 - 0x00007fff7dd93000 	D:\AndroidStudio\jre\jre\bin\nio.dll
0x00007fff7dda0000 - 0x00007fff7ddc7000 	C:\Users\TechLine\.gradle\native\f6784746aeab05261644944871eae4fe03e0ef1612fff0a4a95f87b438bc6780\windows-amd64\native-platform.dll
0x00007fff7f110000 - 0x00007fff7f11d000 	D:\AndroidStudio\jre\jre\bin\management.dll
0x00007fff86030000 - 0x00007fff86048000 	C:\WINDOWS\SYSTEM32\CRYPTSP.dll
0x00007fff85790000 - 0x00007fff857c4000 	C:\WINDOWS\system32\rsaenh.dll
0x00007fff86b80000 - 0x00007fff86ba7000 	C:\WINDOWS\System32\bcrypt.dll
0x00007fff86530000 - 0x00007fff8655e000 	C:\WINDOWS\SYSTEM32\USERENV.dll
0x00007fff86770000 - 0x00007fff867f0000 	C:\WINDOWS\System32\bcryptprimitives.dll
0x00007fff86050000 - 0x00007fff8605c000 	C:\WINDOWS\SYSTEM32\CRYPTBASE.dll
0x00007fff85b00000 - 0x00007fff85b3b000 	C:\WINDOWS\SYSTEM32\IPHLPAPI.DLL
0x00007fff882d0000 - 0x00007fff882d8000 	C:\WINDOWS\System32\NSI.dll
0x00007fff7bf30000 - 0x00007fff7bf47000 	C:\WINDOWS\SYSTEM32\dhcpcsvc6.DLL
0x00007fff7cca0000 - 0x00007fff7ccbd000 	C:\WINDOWS\SYSTEM32\dhcpcsvc.DLL
0x00007fff85b40000 - 0x00007fff85c0b000 	C:\WINDOWS\SYSTEM32\DNSAPI.dll
0x00007fff7cf70000 - 0x00007fff7cf7b000 	C:\WINDOWS\SYSTEM32\WINNSI.DLL

VM Arguments:
jvm_args: -Xmx2048m -Dfile.encoding=UTF-8 -Duser.country=RU -Duser.language=ru -Duser.variant 
java_command: org.gradle.launcher.daemon.bootstrap.GradleDaemon 6.5
java_class_path (initial): C:\Users\TechLine\.gradle\wrapper\dists\gradle-6.5-bin\6nifqtx7604sqp1q6g8wikw7p\gradle-6.5\lib\gradle-launcher-6.5.jar
Launcher Type: SUN_STANDARD

Environment Variables:
PATH=C:\Program Files (x86)\Common Files\Oracle\Java\javapath;C:\Windows\system32;C:\Windows;C:\Windows\System32\Wbem;C:\Windows\System32\WindowsPowerShell\v1.0\;C:\Windows\System32\OpenSSH\;C:\Program Files (x86)\NVIDIA Corporation\PhysX\Common;C:\Program Files\NVIDIA Corporation\NVIDIA NvDLISR;C:\Program Files\Java\jdk-14.0.2\bin;C:\Program Files\nodejs\;C:\ProgramData\chocolatey\bin;C:\WINDOWS\system32;C:\WINDOWS;C:\WINDOWS\System32\Wbem;C:\WINDOWS\System32\WindowsPowerShell\v1.0\;C:\WINDOWS\System32\OpenSSH\;D:\Git\cmd;C:\Users\TechLine\AppData\Local\Microsoft\WindowsApps;C:\Program Files\JetBrains\IntelliJ IDEA Community Edition 2020.2.1\bin;C:\Users\TechLine\AppData\Roaming\npm;C:\Users\TechLine\AppData\Local\atom\bin;C:\Users\TechLine\AppData\Local\Microsoft\WindowsApps
USERNAME=TechLine
OS=Windows_NT
PROCESSOR_IDENTIFIER=Intel64 Family 6 Model 142 Stepping 9, GenuineIntel



---------------  S Y S T E M  ---------------

OS: Windows 10.0 , 64 bit Build 19041 (10.0.19041.804)

CPU:total 4 (initial active 4) (2 cores per cpu, 2 threads per core) family 6 model 142 stepping 9, cmov, cx8, fxsr, mmx, sse, sse2, sse3, ssse3, sse4.1, sse4.2, popcnt, avx, avx2, aes, clmul, erms, 3dnowpref, lzcnt, ht, tsc, tscinvbit, bmi1, bmi2, adx

Memory: 4k page, physical 8258788k(441588k free), swap 10355940k(5352k free)

vm_info: OpenJDK 64-Bit Server VM (25.242-b01) for windows-amd64 JRE (1.8.0_242-release-1644-b01), built by "builder" with MS VC++ 10.0 (VS2010)

time: Wed Mar 31 13:31:25 2021
timezone: Беларусь (зима)
elapsed time: 12 seconds (0d 0h 0m 12s)

